{"timestamp":"2025-05-12T02:03:01.252241","level":"info","event":"DAG bundles loaded: dags-folder","logger":"airflow.dag_processing.bundles.manager.DagBundlesManager"}
{"timestamp":"2025-05-12T02:03:01.252879","level":"info","event":"Filling up the DagBag from /opt/airflow/dags/yfinance_DAG.py","logger":"airflow.models.dagbag.DagBag"}
{"timestamp":"2025-05-12T02:03:05.992480Z","level":"error","event":"25/05/12 02:03:05 WARN NativeCodeLoader: Unable to load native-hadoop library for your platform... using builtin-java classes where applicable","chan":"stderr","logger":"task"}
{"timestamp":"2025-05-12T02:03:06.323795Z","level":"error","event":"Setting default log level to \"WARN\".","chan":"stderr","logger":"task"}
{"timestamp":"2025-05-12T02:03:06.324838Z","level":"error","event":"To adjust logging level use sc.setLogLevel(newLevel). For SparkR, use setLogLevel(newLevel).","chan":"stderr","logger":"task"}
{"timestamp":"2025-05-12T02:03:07.423623Z","level":"error","event":"25/05/12 02:03:07 ERROR SparkContext: Failed to add /opt/airflow/jars/* to Spark environment","chan":"stderr","logger":"task"}
{"timestamp":"2025-05-12T02:03:07.424388Z","level":"error","event":"java.io.FileNotFoundException: Jar /opt/airflow/jars/* not found","chan":"stderr","logger":"task"}
{"timestamp":"2025-05-12T02:03:07.425149Z","level":"error","event":"\tat org.apache.spark.SparkContext.addLocalJarFile$1(SparkContext.scala:2095)","chan":"stderr","logger":"task"}
{"timestamp":"2025-05-12T02:03:07.425819Z","level":"error","event":"\tat org.apache.spark.SparkContext.addJar(SparkContext.scala:2151)","chan":"stderr","logger":"task"}
{"timestamp":"2025-05-12T02:03:07.426509Z","level":"error","event":"\tat org.apache.spark.SparkContext.$anonfun$new$15(SparkContext.scala:521)","chan":"stderr","logger":"task"}
{"timestamp":"2025-05-12T02:03:07.427156Z","level":"error","event":"\tat org.apache.spark.SparkContext.$anonfun$new$15$adapted(SparkContext.scala:521)","chan":"stderr","logger":"task"}
{"timestamp":"2025-05-12T02:03:07.427723Z","level":"error","event":"\tat scala.collection.mutable.ResizableArray.foreach(ResizableArray.scala:62)","chan":"stderr","logger":"task"}
{"timestamp":"2025-05-12T02:03:07.428302Z","level":"error","event":"\tat scala.collection.mutable.ResizableArray.foreach$(ResizableArray.scala:55)","chan":"stderr","logger":"task"}
{"timestamp":"2025-05-12T02:03:07.428907Z","level":"error","event":"\tat scala.collection.mutable.ArrayBuffer.foreach(ArrayBuffer.scala:49)","chan":"stderr","logger":"task"}
{"timestamp":"2025-05-12T02:03:07.429430Z","level":"error","event":"\tat org.apache.spark.SparkContext.<init>(SparkContext.scala:521)","chan":"stderr","logger":"task"}
{"timestamp":"2025-05-12T02:03:07.430094Z","level":"error","event":"\tat org.apache.spark.api.java.JavaSparkContext.<init>(JavaSparkContext.scala:58)","chan":"stderr","logger":"task"}
{"timestamp":"2025-05-12T02:03:07.430747Z","level":"error","event":"\tat java.base/jdk.internal.reflect.NativeConstructorAccessorImpl.newInstance0(Native Method)","chan":"stderr","logger":"task"}
{"timestamp":"2025-05-12T02:03:07.431204Z","level":"error","event":"\tat java.base/jdk.internal.reflect.NativeConstructorAccessorImpl.newInstance(NativeConstructorAccessorImpl.java:77)","chan":"stderr","logger":"task"}
{"timestamp":"2025-05-12T02:03:07.431559Z","level":"error","event":"\tat java.base/jdk.internal.reflect.DelegatingConstructorAccessorImpl.newInstance(DelegatingConstructorAccessorImpl.java:45)","chan":"stderr","logger":"task"}
{"timestamp":"2025-05-12T02:03:07.431913Z","level":"error","event":"\tat java.base/java.lang.reflect.Constructor.newInstanceWithCaller(Constructor.java:500)","chan":"stderr","logger":"task"}
{"timestamp":"2025-05-12T02:03:07.432246Z","level":"error","event":"\tat java.base/java.lang.reflect.Constructor.newInstance(Constructor.java:481)","chan":"stderr","logger":"task"}
{"timestamp":"2025-05-12T02:03:07.432656Z","level":"error","event":"\tat py4j.reflection.MethodInvoker.invoke(MethodInvoker.java:247)","chan":"stderr","logger":"task"}
{"timestamp":"2025-05-12T02:03:07.433162Z","level":"error","event":"\tat py4j.reflection.ReflectionEngine.invoke(ReflectionEngine.java:374)","chan":"stderr","logger":"task"}
{"timestamp":"2025-05-12T02:03:07.433779Z","level":"error","event":"\tat py4j.Gateway.invoke(Gateway.java:238)","chan":"stderr","logger":"task"}
{"timestamp":"2025-05-12T02:03:07.434285Z","level":"error","event":"\tat py4j.commands.ConstructorCommand.invokeConstructor(ConstructorCommand.java:80)","chan":"stderr","logger":"task"}
{"timestamp":"2025-05-12T02:03:07.434836Z","level":"error","event":"\tat py4j.commands.ConstructorCommand.execute(ConstructorCommand.java:69)","chan":"stderr","logger":"task"}
{"timestamp":"2025-05-12T02:03:07.435282Z","level":"error","event":"\tat py4j.ClientServerConnection.waitForCommands(ClientServerConnection.java:182)","chan":"stderr","logger":"task"}
{"timestamp":"2025-05-12T02:03:07.435837Z","level":"error","event":"\tat py4j.ClientServerConnection.run(ClientServerConnection.java:106)","chan":"stderr","logger":"task"}
{"timestamp":"2025-05-12T02:03:07.436404Z","level":"error","event":"\tat java.base/java.lang.Thread.run(Thread.java:840)","chan":"stderr","logger":"task"}
{"timestamp":"2025-05-12T02:03:32.719005Z","level":"info","event":"Mengambil data saham AADI.JK dari yfinance...","chan":"stdout","logger":"task"}
{"timestamp":"2025-05-12T02:03:32.719678Z","level":"info","event":"Data saham AADI.JK berhasil disimpan ke MongoDB!","chan":"stdout","logger":"task"}
{"timestamp":"2025-05-12T02:03:32.720251Z","level":"info","event":"Mengambil data saham AALI.JK dari yfinance...","chan":"stdout","logger":"task"}
{"timestamp":"2025-05-12T02:03:32.720794Z","level":"info","event":"Data saham AALI.JK berhasil disimpan ke MongoDB!","chan":"stdout","logger":"task"}
{"timestamp":"2025-05-12T02:03:32.721512Z","level":"info","event":"Mengambil data saham ABBA.JK dari yfinance...","chan":"stdout","logger":"task"}
{"timestamp":"2025-05-12T02:03:32.722190Z","level":"info","event":"Data saham ABBA.JK berhasil disimpan ke MongoDB!","chan":"stdout","logger":"task"}
{"timestamp":"2025-05-12T02:03:32.722769Z","level":"info","event":"Mengambil data saham ABDA.JK dari yfinance...","chan":"stdout","logger":"task"}
{"timestamp":"2025-05-12T02:03:32.723288Z","level":"info","event":"Data saham ABDA.JK berhasil disimpan ke MongoDB!","chan":"stdout","logger":"task"}
{"timestamp":"2025-05-12T02:03:32.723764Z","level":"info","event":"Mengambil data saham ABMM.JK dari yfinance...","chan":"stdout","logger":"task"}
{"timestamp":"2025-05-12T02:03:32.724292Z","level":"info","event":"Data saham ABMM.JK berhasil disimpan ke MongoDB!","chan":"stdout","logger":"task"}
{"timestamp":"2025-05-12T02:03:32.724742Z","level":"info","event":"Semua data saham selesai diproses!","chan":"stdout","logger":"task"}
{"timestamp":"2025-05-12T02:03:33.537236","level":"info","event":"Done. Returned value was: None","logger":"airflow.task.operators.airflow.providers.standard.operators.python.PythonOperator"}
{"timestamp":"2025-05-12T02:03:34.036461Z","level":"error","event":"\r[Stage 0:>                                                          (0 + 1) / 1]\r\r                                                                                \r\r[Stage 1:>                                                          (0 + 1) / 1]\r\r                                                                                \r\r[Stage 4:>                                                          (0 + 1) / 1]\r\r                                                                                \r\r[Stage 7:>                                                          (0 + 1) / 1]","chan":"stderr","logger":"task"}
