{"timestamp":"2025-05-12T01:17:01.916576","level":"info","event":"DAG bundles loaded: dags-folder","logger":"airflow.dag_processing.bundles.manager.DagBundlesManager"}
{"timestamp":"2025-05-12T01:17:01.917269","level":"info","event":"Filling up the DagBag from /opt/airflow/dags/yfinance_DAG.py","logger":"airflow.models.dagbag.DagBag"}
{"timestamp":"2025-05-12T01:17:11.750866Z","level":"error","event":"25/05/12 01:17:11 WARN NativeCodeLoader: Unable to load native-hadoop library for your platform... using builtin-java classes where applicable","chan":"stderr","logger":"task"}
{"timestamp":"2025-05-12T01:17:12.380914Z","level":"error","event":"Setting default log level to \"WARN\".","chan":"stderr","logger":"task"}
{"timestamp":"2025-05-12T01:17:12.382295Z","level":"error","event":"To adjust logging level use sc.setLogLevel(newLevel). For SparkR, use setLogLevel(newLevel).","chan":"stderr","logger":"task"}
{"timestamp":"2025-05-12T01:17:25.041742Z","level":"info","event":"Mengambil data saham AADI.JK dari yfinance...","chan":"stdout","logger":"task"}
{"timestamp":"2025-05-12T01:17:25.042411Z","level":"info","event":"Data saham AADI.JK berhasil disimpan ke MongoDB!","chan":"stdout","logger":"task"}
{"timestamp":"2025-05-12T01:17:25.042978Z","level":"info","event":"Mengambil data saham AALI.JK dari yfinance...","chan":"stdout","logger":"task"}
{"timestamp":"2025-05-12T01:17:25.043478Z","level":"info","event":"Data saham AALI.JK berhasil disimpan ke MongoDB!","chan":"stdout","logger":"task"}
{"timestamp":"2025-05-12T01:17:25.044071Z","level":"info","event":"Mengambil data saham ABBA.JK dari yfinance...","chan":"stdout","logger":"task"}
{"timestamp":"2025-05-12T01:17:25.044524Z","level":"info","event":"Data saham ABBA.JK berhasil disimpan ke MongoDB!","chan":"stdout","logger":"task"}
{"timestamp":"2025-05-12T01:17:25.045008Z","level":"info","event":"Mengambil data saham ABDA.JK dari yfinance...","chan":"stdout","logger":"task"}
{"timestamp":"2025-05-12T01:17:25.045500Z","level":"info","event":"Data saham ABDA.JK berhasil disimpan ke MongoDB!","chan":"stdout","logger":"task"}
{"timestamp":"2025-05-12T01:17:25.045979Z","level":"info","event":"Mengambil data saham ABMM.JK dari yfinance...","chan":"stdout","logger":"task"}
{"timestamp":"2025-05-12T01:17:25.046582Z","level":"info","event":"Data saham ABMM.JK berhasil disimpan ke MongoDB!","chan":"stdout","logger":"task"}
{"timestamp":"2025-05-12T01:17:25.047240Z","level":"info","event":"Semua data saham selesai diproses!","chan":"stdout","logger":"task"}
{"timestamp":"2025-05-12T01:17:25.048149Z","level":"error","event":"Traceback (most recent call last):","chan":"stderr","logger":"task"}
{"timestamp":"2025-05-12T01:17:25.048885Z","level":"error","event":"  File \"/opt/airflow/dags/jobs/YFinance.py\", line 61, in <module>","chan":"stderr","logger":"task"}
{"timestamp":"2025-05-12T01:17:25.049629Z","level":"error","event":"    .load().withColumn(\"date\", to_date(col(\"Date\")))","chan":"stderr","logger":"task"}
{"timestamp":"2025-05-12T01:17:25.050115Z","level":"error","event":"     ^^^^^^","chan":"stderr","logger":"task"}
{"timestamp":"2025-05-12T01:17:25.050711Z","level":"error","event":"  File \"/home/airflow/.local/lib/python3.12/site-packages/pyspark/sql/readwriter.py\", line 314, in load","chan":"stderr","logger":"task"}
{"timestamp":"2025-05-12T01:17:25.051308Z","level":"error","event":"    return self._df(self._jreader.load())","chan":"stderr","logger":"task"}
{"timestamp":"2025-05-12T01:17:25.051781Z","level":"error","event":"                    ^^^^^^^^^^^^^^^^^^^^","chan":"stderr","logger":"task"}
{"timestamp":"2025-05-12T01:17:25.052239Z","level":"error","event":"  File \"/home/airflow/.local/lib/python3.12/site-packages/py4j/java_gateway.py\", line 1322, in __call__","chan":"stderr","logger":"task"}
{"timestamp":"2025-05-12T01:17:25.052643Z","level":"error","event":"    return_value = get_return_value(","chan":"stderr","logger":"task"}
{"timestamp":"2025-05-12T01:17:25.053103Z","level":"error","event":"                   ^^^^^^^^^^^^^^^^^","chan":"stderr","logger":"task"}
{"timestamp":"2025-05-12T01:17:25.053532Z","level":"error","event":"  File \"/home/airflow/.local/lib/python3.12/site-packages/pyspark/errors/exceptions/captured.py\", line 179, in deco","chan":"stderr","logger":"task"}
{"timestamp":"2025-05-12T01:17:25.054083Z","level":"error","event":"    return f(*a, **kw)","chan":"stderr","logger":"task"}
{"timestamp":"2025-05-12T01:17:25.054928Z","level":"error","event":"           ^^^^^^^^^^^","chan":"stderr","logger":"task"}
{"timestamp":"2025-05-12T01:17:25.055433Z","level":"error","event":"  File \"/home/airflow/.local/lib/python3.12/site-packages/py4j/protocol.py\", line 326, in get_return_value","chan":"stderr","logger":"task"}
{"timestamp":"2025-05-12T01:17:25.055964Z","level":"error","event":"    raise Py4JJavaError(","chan":"stderr","logger":"task"}
{"timestamp":"2025-05-12T01:17:25.056511Z","level":"error","event":"py4j.protocol.Py4JJavaError: An error occurred while calling o34.load.","chan":"stderr","logger":"task"}
{"timestamp":"2025-05-12T01:17:25.056867Z","level":"error","event":": java.lang.NoClassDefFoundError: org/bson/conversions/Bson","chan":"stderr","logger":"task"}
{"timestamp":"2025-05-12T01:17:25.057385Z","level":"error","event":"\tat com.mongodb.spark.sql.DefaultSource.constructRelation(DefaultSource.scala:89)","chan":"stderr","logger":"task"}
{"timestamp":"2025-05-12T01:17:25.057898Z","level":"error","event":"\tat com.mongodb.spark.sql.DefaultSource.createRelation(DefaultSource.scala:50)","chan":"stderr","logger":"task"}
{"timestamp":"2025-05-12T01:17:25.058512Z","level":"error","event":"\tat org.apache.spark.sql.execution.datasources.DataSource.resolveRelation(DataSource.scala:346)","chan":"stderr","logger":"task"}
{"timestamp":"2025-05-12T01:17:25.059046Z","level":"error","event":"\tat org.apache.spark.sql.DataFrameReader.loadV1Source(DataFrameReader.scala:229)","chan":"stderr","logger":"task"}
{"timestamp":"2025-05-12T01:17:25.059548Z","level":"error","event":"\tat org.apache.spark.sql.DataFrameReader.$anonfun$load$2(DataFrameReader.scala:211)","chan":"stderr","logger":"task"}
{"timestamp":"2025-05-12T01:17:25.060000Z","level":"error","event":"\tat scala.Option.getOrElse(Option.scala:189)","chan":"stderr","logger":"task"}
{"timestamp":"2025-05-12T01:17:25.060413Z","level":"error","event":"\tat org.apache.spark.sql.DataFrameReader.load(DataFrameReader.scala:211)","chan":"stderr","logger":"task"}
{"timestamp":"2025-05-12T01:17:25.060883Z","level":"error","event":"\tat org.apache.spark.sql.DataFrameReader.load(DataFrameReader.scala:172)","chan":"stderr","logger":"task"}
{"timestamp":"2025-05-12T01:17:25.061426Z","level":"error","event":"\tat java.base/jdk.internal.reflect.NativeMethodAccessorImpl.invoke0(Native Method)","chan":"stderr","logger":"task"}
{"timestamp":"2025-05-12T01:17:25.061785Z","level":"error","event":"\tat java.base/jdk.internal.reflect.NativeMethodAccessorImpl.invoke(NativeMethodAccessorImpl.java:77)","chan":"stderr","logger":"task"}
{"timestamp":"2025-05-12T01:17:25.062264Z","level":"error","event":"\tat java.base/jdk.internal.reflect.DelegatingMethodAccessorImpl.invoke(DelegatingMethodAccessorImpl.java:43)","chan":"stderr","logger":"task"}
{"timestamp":"2025-05-12T01:17:25.062727Z","level":"error","event":"\tat java.base/java.lang.reflect.Method.invoke(Method.java:569)","chan":"stderr","logger":"task"}
{"timestamp":"2025-05-12T01:17:25.063122Z","level":"error","event":"\tat py4j.reflection.MethodInvoker.invoke(MethodInvoker.java:244)","chan":"stderr","logger":"task"}
{"timestamp":"2025-05-12T01:17:25.063531Z","level":"error","event":"\tat py4j.reflection.ReflectionEngine.invoke(ReflectionEngine.java:374)","chan":"stderr","logger":"task"}
{"timestamp":"2025-05-12T01:17:25.064028Z","level":"error","event":"\tat py4j.Gateway.invoke(Gateway.java:282)","chan":"stderr","logger":"task"}
{"timestamp":"2025-05-12T01:17:25.064405Z","level":"error","event":"\tat py4j.commands.AbstractCommand.invokeMethod(AbstractCommand.java:132)","chan":"stderr","logger":"task"}
{"timestamp":"2025-05-12T01:17:25.064803Z","level":"error","event":"\tat py4j.commands.CallCommand.execute(CallCommand.java:79)","chan":"stderr","logger":"task"}
{"timestamp":"2025-05-12T01:17:25.065306Z","level":"error","event":"\tat py4j.ClientServerConnection.waitForCommands(ClientServerConnection.java:182)","chan":"stderr","logger":"task"}
{"timestamp":"2025-05-12T01:17:25.065824Z","level":"error","event":"\tat py4j.ClientServerConnection.run(ClientServerConnection.java:106)","chan":"stderr","logger":"task"}
{"timestamp":"2025-05-12T01:17:25.066329Z","level":"error","event":"\tat java.base/java.lang.Thread.run(Thread.java:840)","chan":"stderr","logger":"task"}
{"timestamp":"2025-05-12T01:17:25.066730Z","level":"error","event":"Caused by: java.lang.ClassNotFoundException: org.bson.conversions.Bson","chan":"stderr","logger":"task"}
{"timestamp":"2025-05-12T01:17:25.067221Z","level":"error","event":"\tat java.base/java.net.URLClassLoader.findClass(URLClassLoader.java:445)","chan":"stderr","logger":"task"}
{"timestamp":"2025-05-12T01:17:25.067564Z","level":"error","event":"\tat java.base/java.lang.ClassLoader.loadClass(ClassLoader.java:592)","chan":"stderr","logger":"task"}
{"timestamp":"2025-05-12T01:17:25.067985Z","level":"error","event":"\tat java.base/java.lang.ClassLoader.loadClass(ClassLoader.java:525)","chan":"stderr","logger":"task"}
{"timestamp":"2025-05-12T01:17:25.068477Z","level":"error","event":"\t... 20 more","chan":"stderr","logger":"task"}
{"timestamp":"2025-05-12T01:17:25.069256Z","level":"error","event":"","chan":"stderr","logger":"task"}
{"timestamp":"2025-05-12T01:17:25.700461","level":"error","event":"Task failed with exception","logger":"task","error_detail":[{"exc_type":"CalledProcessError","exc_value":"Command '['python', 'dags/jobs/YFinance.py']' returned non-zero exit status 1.","exc_notes":[],"syntax_error":null,"is_cause":false,"frames":[{"filename":"/home/airflow/.local/lib/python3.12/site-packages/airflow/sdk/execution_time/task_runner.py","lineno":825,"name":"run"},{"filename":"/home/airflow/.local/lib/python3.12/site-packages/airflow/sdk/execution_time/task_runner.py","lineno":1088,"name":"_execute_task"},{"filename":"/home/airflow/.local/lib/python3.12/site-packages/airflow/sdk/bases/operator.py","lineno":408,"name":"wrapper"},{"filename":"/home/airflow/.local/lib/python3.12/site-packages/airflow/providers/standard/operators/python.py","lineno":212,"name":"execute"},{"filename":"/home/airflow/.local/lib/python3.12/site-packages/airflow/providers/standard/operators/python.py","lineno":235,"name":"execute_callable"},{"filename":"/home/airflow/.local/lib/python3.12/site-packages/airflow/sdk/execution_time/callback_runner.py","lineno":81,"name":"run"},{"filename":"/opt/airflow/dags/yfinance_DAG.py","lineno":14,"name":"<lambda>"},{"filename":"/usr/local/lib/python3.12/subprocess.py","lineno":571,"name":"run"}]}]}
