{"timestamp":"2025-05-12T01:00:00.602580","level":"info","event":"DAG bundles loaded: dags-folder","logger":"airflow.dag_processing.bundles.manager.DagBundlesManager"}
{"timestamp":"2025-05-12T01:00:00.603423","level":"info","event":"Filling up the DagBag from /opt/airflow/dags/yfinance_DAG.py","logger":"airflow.models.dagbag.DagBag"}
{"timestamp":"2025-05-12T01:00:06.822011Z","level":"info","event":":: loading settings :: url = jar:file:/home/airflow/.local/lib/python3.12/site-packages/pyspark/jars/ivy-2.5.1.jar!/org/apache/ivy/core/settings/ivysettings.xml","chan":"stdout","logger":"task"}
{"timestamp":"2025-05-12T01:00:06.966862Z","level":"error","event":"Ivy Default Cache set to: /home/airflow/.ivy2/cache","chan":"stderr","logger":"task"}
{"timestamp":"2025-05-12T01:00:06.980038Z","level":"error","event":"The jars for the packages stored in: /home/airflow/.ivy2/jars","chan":"stderr","logger":"task"}
{"timestamp":"2025-05-12T01:00:06.980829Z","level":"error","event":"org.mongodb.spark#mongo-spark-connector_2.12 added as a dependency","chan":"stderr","logger":"task"}
{"timestamp":"2025-05-12T01:00:06.981459Z","level":"error","event":":: resolving dependencies :: org.apache.spark#spark-submit-parent-a8bd4211-fa26-46bc-b555-60abf16217a8;1.0","chan":"stderr","logger":"task"}
{"timestamp":"2025-05-12T01:00:06.982152Z","level":"error","event":"\tconfs: [default]","chan":"stderr","logger":"task"}
{"timestamp":"2025-05-12T01:00:07.199937Z","level":"error","event":"\tfound org.mongodb.spark#mongo-spark-connector_2.12;3.0.1 in central","chan":"stderr","logger":"task"}
{"timestamp":"2025-05-12T01:00:07.249494Z","level":"error","event":"\tfound org.mongodb#mongodb-driver-sync;4.0.5 in central","chan":"stderr","logger":"task"}
{"timestamp":"2025-05-12T01:00:07.295860Z","level":"error","event":"\tfound org.mongodb#bson;4.0.5 in central","chan":"stderr","logger":"task"}
{"timestamp":"2025-05-12T01:00:07.341754Z","level":"error","event":"\tfound org.mongodb#mongodb-driver-core;4.0.5 in central","chan":"stderr","logger":"task"}
{"timestamp":"2025-05-12T01:00:07.402366Z","level":"error","event":":: resolution report :: resolve 401ms :: artifacts dl 20ms","chan":"stderr","logger":"task"}
{"timestamp":"2025-05-12T01:00:07.403183Z","level":"error","event":"\t:: modules in use:","chan":"stderr","logger":"task"}
{"timestamp":"2025-05-12T01:00:07.404661Z","level":"error","event":"\torg.mongodb#bson;4.0.5 from central in [default]","chan":"stderr","logger":"task"}
{"timestamp":"2025-05-12T01:00:07.405444Z","level":"error","event":"\torg.mongodb#mongodb-driver-core;4.0.5 from central in [default]","chan":"stderr","logger":"task"}
{"timestamp":"2025-05-12T01:00:07.406716Z","level":"error","event":"\torg.mongodb#mongodb-driver-sync;4.0.5 from central in [default]","chan":"stderr","logger":"task"}
{"timestamp":"2025-05-12T01:00:07.407382Z","level":"error","event":"\torg.mongodb.spark#mongo-spark-connector_2.12;3.0.1 from central in [default]","chan":"stderr","logger":"task"}
{"timestamp":"2025-05-12T01:00:07.408049Z","level":"error","event":"\t---------------------------------------------------------------------","chan":"stderr","logger":"task"}
{"timestamp":"2025-05-12T01:00:07.408664Z","level":"error","event":"\t|                  |            modules            ||   artifacts   |","chan":"stderr","logger":"task"}
{"timestamp":"2025-05-12T01:00:07.409227Z","level":"error","event":"\t|       conf       | number| search|dwnlded|evicted|| number|dwnlded|","chan":"stderr","logger":"task"}
{"timestamp":"2025-05-12T01:00:07.409835Z","level":"error","event":"\t---------------------------------------------------------------------","chan":"stderr","logger":"task"}
{"timestamp":"2025-05-12T01:00:07.410479Z","level":"error","event":"\t|      default     |   4   |   0   |   0   |   0   ||   4   |   0   |","chan":"stderr","logger":"task"}
{"timestamp":"2025-05-12T01:00:07.410952Z","level":"error","event":"\t---------------------------------------------------------------------","chan":"stderr","logger":"task"}
{"timestamp":"2025-05-12T01:00:07.411659Z","level":"error","event":":: retrieving :: org.apache.spark#spark-submit-parent-a8bd4211-fa26-46bc-b555-60abf16217a8","chan":"stderr","logger":"task"}
{"timestamp":"2025-05-12T01:00:07.412586Z","level":"error","event":"\tconfs: [default]","chan":"stderr","logger":"task"}
{"timestamp":"2025-05-12T01:00:07.431989Z","level":"error","event":"\t4 artifacts copied, 0 already retrieved (2728kB/20ms)","chan":"stderr","logger":"task"}
{"timestamp":"2025-05-12T01:00:07.853166Z","level":"error","event":"25/05/12 01:00:07 WARN NativeCodeLoader: Unable to load native-hadoop library for your platform... using builtin-java classes where applicable","chan":"stderr","logger":"task"}
{"timestamp":"2025-05-12T01:00:08.419238Z","level":"error","event":"Setting default log level to \"WARN\".","chan":"stderr","logger":"task"}
{"timestamp":"2025-05-12T01:00:08.420173Z","level":"error","event":"To adjust logging level use sc.setLogLevel(newLevel). For SparkR, use setLogLevel(newLevel).","chan":"stderr","logger":"task"}
{"timestamp":"2025-05-12T01:00:31.472270Z","level":"info","event":"Mengambil data saham AADI.JK dari yfinance...","chan":"stdout","logger":"task"}
{"timestamp":"2025-05-12T01:00:31.473452Z","level":"info","event":"Data saham AADI.JK berhasil disimpan ke MongoDB!","chan":"stdout","logger":"task"}
{"timestamp":"2025-05-12T01:00:31.474156Z","level":"info","event":"Mengambil data saham AALI.JK dari yfinance...","chan":"stdout","logger":"task"}
{"timestamp":"2025-05-12T01:00:31.475057Z","level":"info","event":"Data saham AALI.JK berhasil disimpan ke MongoDB!","chan":"stdout","logger":"task"}
{"timestamp":"2025-05-12T01:00:31.475787Z","level":"info","event":"Mengambil data saham ABBA.JK dari yfinance...","chan":"stdout","logger":"task"}
{"timestamp":"2025-05-12T01:00:31.476725Z","level":"info","event":"Data saham ABBA.JK berhasil disimpan ke MongoDB!","chan":"stdout","logger":"task"}
{"timestamp":"2025-05-12T01:00:31.477350Z","level":"info","event":"Mengambil data saham ABDA.JK dari yfinance...","chan":"stdout","logger":"task"}
{"timestamp":"2025-05-12T01:00:31.478292Z","level":"info","event":"Data saham ABDA.JK berhasil disimpan ke MongoDB!","chan":"stdout","logger":"task"}
{"timestamp":"2025-05-12T01:00:31.479171Z","level":"info","event":"Mengambil data saham ABMM.JK dari yfinance...","chan":"stdout","logger":"task"}
{"timestamp":"2025-05-12T01:00:31.479867Z","level":"info","event":"Data saham ABMM.JK berhasil disimpan ke MongoDB!","chan":"stdout","logger":"task"}
{"timestamp":"2025-05-12T01:00:31.480665Z","level":"info","event":"Semua data saham selesai diproses!","chan":"stdout","logger":"task"}
{"timestamp":"2025-05-12T01:00:31.508556Z","level":"error","event":"\r[Stage 0:>                                                          (0 + 0) / 1]\r\r[Stage 0:>                                                          (0 + 1) / 1]\r\r                                                                                \rTraceback (most recent call last):","chan":"stderr","logger":"task"}
{"timestamp":"2025-05-12T01:00:31.509369Z","level":"error","event":"  File \"/opt/airflow/dags/jobs/YFinance.py\", line 101, in <module>","chan":"stderr","logger":"task"}
{"timestamp":"2025-05-12T01:00:31.510132Z","level":"error","event":"    .save()","chan":"stderr","logger":"task"}
{"timestamp":"2025-05-12T01:00:31.510806Z","level":"error","event":"     ^^^^^^","chan":"stderr","logger":"task"}
{"timestamp":"2025-05-12T01:00:31.511547Z","level":"error","event":"  File \"/home/airflow/.local/lib/python3.12/site-packages/pyspark/sql/readwriter.py\", line 1461, in save","chan":"stderr","logger":"task"}
{"timestamp":"2025-05-12T01:00:31.512341Z","level":"error","event":"    self._jwrite.save()","chan":"stderr","logger":"task"}
{"timestamp":"2025-05-12T01:00:31.513024Z","level":"error","event":"  File \"/home/airflow/.local/lib/python3.12/site-packages/py4j/java_gateway.py\", line 1322, in __call__","chan":"stderr","logger":"task"}
{"timestamp":"2025-05-12T01:00:31.513620Z","level":"error","event":"    return_value = get_return_value(","chan":"stderr","logger":"task"}
{"timestamp":"2025-05-12T01:00:31.514128Z","level":"error","event":"                   ^^^^^^^^^^^^^^^^^","chan":"stderr","logger":"task"}
{"timestamp":"2025-05-12T01:00:31.514640Z","level":"error","event":"  File \"/home/airflow/.local/lib/python3.12/site-packages/pyspark/errors/exceptions/captured.py\", line 185, in deco","chan":"stderr","logger":"task"}
{"timestamp":"2025-05-12T01:00:31.515096Z","level":"error","event":"    raise converted from None","chan":"stderr","logger":"task"}
{"timestamp":"2025-05-12T01:00:31.515544Z","level":"error","event":"pyspark.errors.exceptions.captured.UnsupportedOperationException: MongoCollection already exists","chan":"stderr","logger":"task"}
{"timestamp":"2025-05-12T01:00:32.333216","level":"error","event":"Task failed with exception","logger":"task","error_detail":[{"exc_type":"CalledProcessError","exc_value":"Command '['python', 'dags/jobs/YFinance.py']' returned non-zero exit status 1.","exc_notes":[],"syntax_error":null,"is_cause":false,"frames":[{"filename":"/home/airflow/.local/lib/python3.12/site-packages/airflow/sdk/execution_time/task_runner.py","lineno":825,"name":"run"},{"filename":"/home/airflow/.local/lib/python3.12/site-packages/airflow/sdk/execution_time/task_runner.py","lineno":1088,"name":"_execute_task"},{"filename":"/home/airflow/.local/lib/python3.12/site-packages/airflow/sdk/bases/operator.py","lineno":408,"name":"wrapper"},{"filename":"/home/airflow/.local/lib/python3.12/site-packages/airflow/providers/standard/operators/python.py","lineno":212,"name":"execute"},{"filename":"/home/airflow/.local/lib/python3.12/site-packages/airflow/providers/standard/operators/python.py","lineno":235,"name":"execute_callable"},{"filename":"/home/airflow/.local/lib/python3.12/site-packages/airflow/sdk/execution_time/callback_runner.py","lineno":81,"name":"run"},{"filename":"/opt/airflow/dags/yfinance_DAG.py","lineno":14,"name":"<lambda>"},{"filename":"/usr/local/lib/python3.12/subprocess.py","lineno":571,"name":"run"}]}]}
