{"timestamp":"2025-05-12T00:59:20.169326","level":"info","event":"DAG bundles loaded: dags-folder","logger":"airflow.dag_processing.bundles.manager.DagBundlesManager"}
{"timestamp":"2025-05-12T00:59:20.172984","level":"info","event":"Filling up the DagBag from /opt/airflow/dags/yfinance_DAG.py","logger":"airflow.models.dagbag.DagBag"}
{"timestamp":"2025-05-12T00:59:41.885630Z","level":"info","event":":: loading settings :: url = jar:file:/home/airflow/.local/lib/python3.12/site-packages/pyspark/jars/ivy-2.5.1.jar!/org/apache/ivy/core/settings/ivysettings.xml","chan":"stdout","logger":"task"}
{"timestamp":"2025-05-12T00:59:42.280155Z","level":"error","event":"Ivy Default Cache set to: /home/airflow/.ivy2/cache","chan":"stderr","logger":"task"}
{"timestamp":"2025-05-12T00:59:42.281315Z","level":"error","event":"The jars for the packages stored in: /home/airflow/.ivy2/jars","chan":"stderr","logger":"task"}
{"timestamp":"2025-05-12T00:59:42.323875Z","level":"error","event":"org.mongodb.spark#mongo-spark-connector_2.12 added as a dependency","chan":"stderr","logger":"task"}
{"timestamp":"2025-05-12T00:59:42.332359Z","level":"error","event":":: resolving dependencies :: org.apache.spark#spark-submit-parent-92d8b918-9a75-4140-9e6b-18ea04bf9710;1.0","chan":"stderr","logger":"task"}
{"timestamp":"2025-05-12T00:59:42.333451Z","level":"error","event":"\tconfs: [default]","chan":"stderr","logger":"task"}
{"timestamp":"2025-05-12T00:59:44.605831Z","level":"error","event":"\tfound org.mongodb.spark#mongo-spark-connector_2.12;3.0.1 in central","chan":"stderr","logger":"task"}
{"timestamp":"2025-05-12T00:59:45.058252Z","level":"error","event":"\tfound org.mongodb#mongodb-driver-sync;4.0.5 in central","chan":"stderr","logger":"task"}
{"timestamp":"2025-05-12T00:59:45.526653Z","level":"error","event":"\tfound org.mongodb#bson;4.0.5 in central","chan":"stderr","logger":"task"}
{"timestamp":"2025-05-12T00:59:45.990207Z","level":"error","event":"\tfound org.mongodb#mongodb-driver-core;4.0.5 in central","chan":"stderr","logger":"task"}
{"timestamp":"2025-05-12T00:59:46.256522Z","level":"error","event":"downloading https://repo1.maven.org/maven2/org/mongodb/spark/mongo-spark-connector_2.12/3.0.1/mongo-spark-connector_2.12-3.0.1.jar ...","chan":"stderr","logger":"task"}
{"timestamp":"2025-05-12T00:59:47.381082Z","level":"error","event":"downloading https://repo1.maven.org/maven2/org/mongodb/mongodb-driver-sync/4.0.5/mongodb-driver-sync-4.0.5.jar ...","chan":"stderr","logger":"task"}
{"timestamp":"2025-05-12T00:59:47.604027Z","level":"error","event":"\t[SUCCESSFUL ] org.mongodb#mongodb-driver-sync;4.0.5!mongodb-driver-sync.jar (401ms)","chan":"stderr","logger":"task"}
{"timestamp":"2025-05-12T00:59:47.802525Z","level":"error","event":"downloading https://repo1.maven.org/maven2/org/mongodb/bson/4.0.5/bson-4.0.5.jar ...","chan":"stderr","logger":"task"}
{"timestamp":"2025-05-12T00:59:48.291683Z","level":"error","event":"downloading https://repo1.maven.org/maven2/org/mongodb/mongodb-driver-core/4.0.5/mongodb-driver-core-4.0.5.jar ...","chan":"stderr","logger":"task"}
{"timestamp":"2025-05-12T00:59:49.202725Z","level":"error","event":":: resolution report :: resolve 3744ms :: artifacts dl 3130ms","chan":"stderr","logger":"task"}
{"timestamp":"2025-05-12T00:59:49.203571Z","level":"error","event":"\t:: modules in use:","chan":"stderr","logger":"task"}
{"timestamp":"2025-05-12T00:59:49.204602Z","level":"error","event":"\torg.mongodb#bson;4.0.5 from central in [default]","chan":"stderr","logger":"task"}
{"timestamp":"2025-05-12T00:59:49.205484Z","level":"error","event":"\torg.mongodb#mongodb-driver-core;4.0.5 from central in [default]","chan":"stderr","logger":"task"}
{"timestamp":"2025-05-12T00:59:49.206813Z","level":"error","event":"\torg.mongodb#mongodb-driver-sync;4.0.5 from central in [default]","chan":"stderr","logger":"task"}
{"timestamp":"2025-05-12T00:59:49.208515Z","level":"error","event":"\torg.mongodb.spark#mongo-spark-connector_2.12;3.0.1 from central in [default]","chan":"stderr","logger":"task"}
{"timestamp":"2025-05-12T00:59:49.209587Z","level":"error","event":"\t---------------------------------------------------------------------","chan":"stderr","logger":"task"}
{"timestamp":"2025-05-12T00:59:49.210422Z","level":"error","event":"\t|                  |            modules            ||   artifacts   |","chan":"stderr","logger":"task"}
{"timestamp":"2025-05-12T00:59:49.211490Z","level":"error","event":"\t|       conf       | number| search|dwnlded|evicted|| number|dwnlded|","chan":"stderr","logger":"task"}
{"timestamp":"2025-05-12T00:59:49.213036Z","level":"error","event":"\t---------------------------------------------------------------------","chan":"stderr","logger":"task"}
{"timestamp":"2025-05-12T00:59:49.213794Z","level":"error","event":"\t|      default     |   4   |   4   |   4   |   0   ||   4   |   1   |","chan":"stderr","logger":"task"}
{"timestamp":"2025-05-12T00:59:49.215016Z","level":"error","event":"\t---------------------------------------------------------------------","chan":"stderr","logger":"task"}
{"timestamp":"2025-05-12T00:59:49.220225Z","level":"error","event":"","chan":"stderr","logger":"task"}
{"timestamp":"2025-05-12T00:59:49.222534Z","level":"error","event":":: problems summary ::","chan":"stderr","logger":"task"}
{"timestamp":"2025-05-12T00:59:49.223514Z","level":"error","event":":::: WARNINGS","chan":"stderr","logger":"task"}
{"timestamp":"2025-05-12T00:59:49.224337Z","level":"error","event":"\t\t[FAILED     ] org.mongodb.spark#mongo-spark-connector_2.12;3.0.1!mongo-spark-connector_2.12.jar: Downloaded file size (0) doesn't match expected Content Length (552150) for https://repo1.maven.org/maven2/org/mongodb/spark/mongo-spark-connector_2.12/3.0.1/mongo-spark-connector_2.12-3.0.1.jar. Please retry. (1121ms)","chan":"stderr","logger":"task"}
{"timestamp":"2025-05-12T00:59:49.225263Z","level":"error","event":"","chan":"stderr","logger":"task"}
{"timestamp":"2025-05-12T00:59:49.226413Z","level":"error","event":"\t\t[FAILED     ] org.mongodb.spark#mongo-spark-connector_2.12;3.0.1!mongo-spark-connector_2.12.jar: Downloaded file size (0) doesn't match expected Content Length (552150) for https://repo1.maven.org/maven2/org/mongodb/spark/mongo-spark-connector_2.12/3.0.1/mongo-spark-connector_2.12-3.0.1.jar. Please retry. (1121ms)","chan":"stderr","logger":"task"}
{"timestamp":"2025-05-12T00:59:49.227782Z","level":"error","event":"","chan":"stderr","logger":"task"}
{"timestamp":"2025-05-12T00:59:49.229059Z","level":"error","event":"\t==== central: tried","chan":"stderr","logger":"task"}
{"timestamp":"2025-05-12T00:59:49.229955Z","level":"error","event":"","chan":"stderr","logger":"task"}
{"timestamp":"2025-05-12T00:59:49.230683Z","level":"error","event":"\t  https://repo1.maven.org/maven2/org/mongodb/spark/mongo-spark-connector_2.12/3.0.1/mongo-spark-connector_2.12-3.0.1.jar","chan":"stderr","logger":"task"}
{"timestamp":"2025-05-12T00:59:49.231800Z","level":"error","event":"","chan":"stderr","logger":"task"}
{"timestamp":"2025-05-12T00:59:49.232579Z","level":"error","event":"\t\t[FAILED     ] org.mongodb#bson;4.0.5!bson.jar: Downloaded file size (0) doesn't match expected Content Length (491942) for https://repo1.maven.org/maven2/org/mongodb/bson/4.0.5/bson-4.0.5.jar. Please retry. (487ms)","chan":"stderr","logger":"task"}
{"timestamp":"2025-05-12T00:59:49.233381Z","level":"error","event":"","chan":"stderr","logger":"task"}
{"timestamp":"2025-05-12T00:59:49.234825Z","level":"error","event":"\t\t[FAILED     ] org.mongodb#bson;4.0.5!bson.jar: Downloaded file size (0) doesn't match expected Content Length (491942) for https://repo1.maven.org/maven2/org/mongodb/bson/4.0.5/bson-4.0.5.jar. Please retry. (487ms)","chan":"stderr","logger":"task"}
{"timestamp":"2025-05-12T00:59:49.235808Z","level":"error","event":"","chan":"stderr","logger":"task"}
{"timestamp":"2025-05-12T00:59:49.236370Z","level":"error","event":"\t==== central: tried","chan":"stderr","logger":"task"}
{"timestamp":"2025-05-12T00:59:49.236860Z","level":"error","event":"","chan":"stderr","logger":"task"}
{"timestamp":"2025-05-12T00:59:49.237539Z","level":"error","event":"\t  https://repo1.maven.org/maven2/org/mongodb/bson/4.0.5/bson-4.0.5.jar","chan":"stderr","logger":"task"}
{"timestamp":"2025-05-12T00:59:49.238502Z","level":"error","event":"","chan":"stderr","logger":"task"}
{"timestamp":"2025-05-12T00:59:49.239311Z","level":"error","event":"\t\t[FAILED     ] org.mongodb#mongodb-driver-core;4.0.5!mongodb-driver-core.jar: Downloaded file size (0) doesn't match expected Content Length (1613403) for https://repo1.maven.org/maven2/org/mongodb/mongodb-driver-core/4.0.5/mongodb-driver-core-4.0.5.jar. Please retry. (1088ms)","chan":"stderr","logger":"task"}
{"timestamp":"2025-05-12T00:59:49.240097Z","level":"error","event":"","chan":"stderr","logger":"task"}
{"timestamp":"2025-05-12T00:59:49.241422Z","level":"error","event":"\t\t[FAILED     ] org.mongodb#mongodb-driver-core;4.0.5!mongodb-driver-core.jar: Downloaded file size (0) doesn't match expected Content Length (1613403) for https://repo1.maven.org/maven2/org/mongodb/mongodb-driver-core/4.0.5/mongodb-driver-core-4.0.5.jar. Please retry. (1088ms)","chan":"stderr","logger":"task"}
{"timestamp":"2025-05-12T00:59:49.242122Z","level":"error","event":"","chan":"stderr","logger":"task"}
{"timestamp":"2025-05-12T00:59:49.242722Z","level":"error","event":"\t==== central: tried","chan":"stderr","logger":"task"}
{"timestamp":"2025-05-12T00:59:49.243404Z","level":"error","event":"","chan":"stderr","logger":"task"}
{"timestamp":"2025-05-12T00:59:49.244139Z","level":"error","event":"\t  https://repo1.maven.org/maven2/org/mongodb/mongodb-driver-core/4.0.5/mongodb-driver-core-4.0.5.jar","chan":"stderr","logger":"task"}
{"timestamp":"2025-05-12T00:59:49.244801Z","level":"error","event":"","chan":"stderr","logger":"task"}
{"timestamp":"2025-05-12T00:59:49.245446Z","level":"error","event":"\t\t::::::::::::::::::::::::::::::::::::::::::::::","chan":"stderr","logger":"task"}
{"timestamp":"2025-05-12T00:59:49.246188Z","level":"error","event":"","chan":"stderr","logger":"task"}
{"timestamp":"2025-05-12T00:59:49.247085Z","level":"error","event":"\t\t::              FAILED DOWNLOADS            ::","chan":"stderr","logger":"task"}
{"timestamp":"2025-05-12T00:59:49.250663Z","level":"error","event":"","chan":"stderr","logger":"task"}
{"timestamp":"2025-05-12T00:59:49.251320Z","level":"error","event":"\t\t:: ^ see resolution messages for details  ^ ::","chan":"stderr","logger":"task"}
{"timestamp":"2025-05-12T00:59:49.252589Z","level":"error","event":"","chan":"stderr","logger":"task"}
{"timestamp":"2025-05-12T00:59:49.253377Z","level":"error","event":"\t\t::::::::::::::::::::::::::::::::::::::::::::::","chan":"stderr","logger":"task"}
{"timestamp":"2025-05-12T00:59:49.254205Z","level":"error","event":"","chan":"stderr","logger":"task"}
{"timestamp":"2025-05-12T00:59:49.255108Z","level":"error","event":"\t\t:: org.mongodb.spark#mongo-spark-connector_2.12;3.0.1!mongo-spark-connector_2.12.jar","chan":"stderr","logger":"task"}
{"timestamp":"2025-05-12T00:59:49.257529Z","level":"error","event":"","chan":"stderr","logger":"task"}
{"timestamp":"2025-05-12T00:59:49.258467Z","level":"error","event":"\t\t:: org.mongodb#bson;4.0.5!bson.jar","chan":"stderr","logger":"task"}
{"timestamp":"2025-05-12T00:59:49.259390Z","level":"error","event":"","chan":"stderr","logger":"task"}
{"timestamp":"2025-05-12T00:59:49.260165Z","level":"error","event":"\t\t:: org.mongodb#mongodb-driver-core;4.0.5!mongodb-driver-core.jar","chan":"stderr","logger":"task"}
{"timestamp":"2025-05-12T00:59:49.261235Z","level":"error","event":"","chan":"stderr","logger":"task"}
{"timestamp":"2025-05-12T00:59:49.262525Z","level":"error","event":"\t\t::::::::::::::::::::::::::::::::::::::::::::::","chan":"stderr","logger":"task"}
{"timestamp":"2025-05-12T00:59:49.263480Z","level":"error","event":"","chan":"stderr","logger":"task"}
{"timestamp":"2025-05-12T00:59:49.273569Z","level":"error","event":"","chan":"stderr","logger":"task"}
{"timestamp":"2025-05-12T00:59:49.279434Z","level":"error","event":"","chan":"stderr","logger":"task"}
{"timestamp":"2025-05-12T00:59:49.281471Z","level":"error","event":":: USE VERBOSE OR DEBUG MESSAGE LEVEL FOR MORE DETAILS","chan":"stderr","logger":"task"}
{"timestamp":"2025-05-12T00:59:49.282572Z","level":"error","event":"Exception in thread \"main\" java.lang.RuntimeException: [download failed: org.mongodb.spark#mongo-spark-connector_2.12;3.0.1!mongo-spark-connector_2.12.jar, download failed: org.mongodb#bson;4.0.5!bson.jar, download failed: org.mongodb#mongodb-driver-core;4.0.5!mongodb-driver-core.jar]","chan":"stderr","logger":"task"}
{"timestamp":"2025-05-12T00:59:49.285648Z","level":"error","event":"\tat org.apache.spark.deploy.SparkSubmitUtils$.resolveMavenCoordinates(SparkSubmit.scala:1613)","chan":"stderr","logger":"task"}
{"timestamp":"2025-05-12T00:59:49.288065Z","level":"error","event":"\tat org.apache.spark.util.DependencyUtils$.resolveMavenDependencies(DependencyUtils.scala:185)","chan":"stderr","logger":"task"}
{"timestamp":"2025-05-12T00:59:49.289382Z","level":"error","event":"\tat org.apache.spark.deploy.SparkSubmit.prepareSubmitEnvironment(SparkSubmit.scala:339)","chan":"stderr","logger":"task"}
{"timestamp":"2025-05-12T00:59:49.290861Z","level":"error","event":"\tat org.apache.spark.deploy.SparkSubmit.org$apache$spark$deploy$SparkSubmit$$runMain(SparkSubmit.scala:969)","chan":"stderr","logger":"task"}
{"timestamp":"2025-05-12T00:59:49.292117Z","level":"error","event":"\tat org.apache.spark.deploy.SparkSubmit.doRunMain$1(SparkSubmit.scala:199)","chan":"stderr","logger":"task"}
{"timestamp":"2025-05-12T00:59:49.293448Z","level":"error","event":"\tat org.apache.spark.deploy.SparkSubmit.submit(SparkSubmit.scala:222)","chan":"stderr","logger":"task"}
{"timestamp":"2025-05-12T00:59:49.296703Z","level":"error","event":"\tat org.apache.spark.deploy.SparkSubmit.doSubmit(SparkSubmit.scala:91)","chan":"stderr","logger":"task"}
{"timestamp":"2025-05-12T00:59:49.298707Z","level":"error","event":"\tat org.apache.spark.deploy.SparkSubmit$$anon$2.doSubmit(SparkSubmit.scala:1125)","chan":"stderr","logger":"task"}
{"timestamp":"2025-05-12T00:59:49.299868Z","level":"error","event":"\tat org.apache.spark.deploy.SparkSubmit$.main(SparkSubmit.scala:1134)","chan":"stderr","logger":"task"}
{"timestamp":"2025-05-12T00:59:49.301207Z","level":"error","event":"\tat org.apache.spark.deploy.SparkSubmit.main(SparkSubmit.scala)","chan":"stderr","logger":"task"}
{"timestamp":"2025-05-12T00:59:49.334054Z","level":"error","event":"Traceback (most recent call last):","chan":"stderr","logger":"task"}
{"timestamp":"2025-05-12T00:59:49.335726Z","level":"error","event":"  File \"/opt/airflow/dags/jobs/YFinance.py\", line 22, in <module>","chan":"stderr","logger":"task"}
{"timestamp":"2025-05-12T00:59:49.344041Z","level":"error","event":"    .getOrCreate()","chan":"stderr","logger":"task"}
{"timestamp":"2025-05-12T00:59:49.347017Z","level":"error","event":"     ^^^^^^^^^^^^^","chan":"stderr","logger":"task"}
{"timestamp":"2025-05-12T00:59:49.354898Z","level":"error","event":"  File \"/home/airflow/.local/lib/python3.12/site-packages/pyspark/sql/session.py\", line 497, in getOrCreate","chan":"stderr","logger":"task"}
{"timestamp":"2025-05-12T00:59:49.356125Z","level":"error","event":"    sc = SparkContext.getOrCreate(sparkConf)","chan":"stderr","logger":"task"}
{"timestamp":"2025-05-12T00:59:49.356760Z","level":"error","event":"         ^^^^^^^^^^^^^^^^^^^^^^^^^^^^^^^^^^^","chan":"stderr","logger":"task"}
{"timestamp":"2025-05-12T00:59:49.365946Z","level":"error","event":"  File \"/home/airflow/.local/lib/python3.12/site-packages/pyspark/context.py\", line 515, in getOrCreate","chan":"stderr","logger":"task"}
{"timestamp":"2025-05-12T00:59:49.368271Z","level":"error","event":"    SparkContext(conf=conf or SparkConf())","chan":"stderr","logger":"task"}
{"timestamp":"2025-05-12T00:59:49.371701Z","level":"error","event":"  File \"/home/airflow/.local/lib/python3.12/site-packages/pyspark/context.py\", line 201, in __init__","chan":"stderr","logger":"task"}
{"timestamp":"2025-05-12T00:59:49.372629Z","level":"error","event":"    SparkContext._ensure_initialized(self, gateway=gateway, conf=conf)","chan":"stderr","logger":"task"}
{"timestamp":"2025-05-12T00:59:49.375389Z","level":"error","event":"  File \"/home/airflow/.local/lib/python3.12/site-packages/pyspark/context.py\", line 436, in _ensure_initialized","chan":"stderr","logger":"task"}
{"timestamp":"2025-05-12T00:59:49.378932Z","level":"error","event":"    SparkContext._gateway = gateway or launch_gateway(conf)","chan":"stderr","logger":"task"}
{"timestamp":"2025-05-12T00:59:49.394422Z","level":"error","event":"                                       ^^^^^^^^^^^^^^^^^^^^","chan":"stderr","logger":"task"}
{"timestamp":"2025-05-12T00:59:49.411909Z","level":"error","event":"  File \"/home/airflow/.local/lib/python3.12/site-packages/pyspark/java_gateway.py\", line 107, in launch_gateway","chan":"stderr","logger":"task"}
{"timestamp":"2025-05-12T00:59:49.421028Z","level":"error","event":"    raise PySparkRuntimeError(","chan":"stderr","logger":"task"}
{"timestamp":"2025-05-12T00:59:49.422085Z","level":"error","event":"pyspark.errors.exceptions.base.PySparkRuntimeError: [JAVA_GATEWAY_EXITED] Java gateway process exited before sending its port number.","chan":"stderr","logger":"task"}
{"timestamp":"2025-05-12T00:59:50.429749","level":"error","event":"Task failed with exception","logger":"task","error_detail":[{"exc_type":"CalledProcessError","exc_value":"Command '['python', 'dags/jobs/YFinance.py']' returned non-zero exit status 1.","exc_notes":[],"syntax_error":null,"is_cause":false,"frames":[{"filename":"/home/airflow/.local/lib/python3.12/site-packages/airflow/sdk/execution_time/task_runner.py","lineno":825,"name":"run"},{"filename":"/home/airflow/.local/lib/python3.12/site-packages/airflow/sdk/execution_time/task_runner.py","lineno":1088,"name":"_execute_task"},{"filename":"/home/airflow/.local/lib/python3.12/site-packages/airflow/sdk/bases/operator.py","lineno":408,"name":"wrapper"},{"filename":"/home/airflow/.local/lib/python3.12/site-packages/airflow/providers/standard/operators/python.py","lineno":212,"name":"execute"},{"filename":"/home/airflow/.local/lib/python3.12/site-packages/airflow/providers/standard/operators/python.py","lineno":235,"name":"execute_callable"},{"filename":"/home/airflow/.local/lib/python3.12/site-packages/airflow/sdk/execution_time/callback_runner.py","lineno":81,"name":"run"},{"filename":"/opt/airflow/dags/yfinance_DAG.py","lineno":14,"name":"<lambda>"},{"filename":"/usr/local/lib/python3.12/subprocess.py","lineno":571,"name":"run"}]}]}
