{"timestamp":"2025-05-12T02:06:00.610853","level":"info","event":"DAG bundles loaded: dags-folder","logger":"airflow.dag_processing.bundles.manager.DagBundlesManager"}
{"timestamp":"2025-05-12T02:06:00.612060","level":"info","event":"Filling up the DagBag from /opt/airflow/dags/yfinance_DAG.py","logger":"airflow.models.dagbag.DagBag"}
{"timestamp":"2025-05-12T02:06:07.299302Z","level":"error","event":"25/05/12 02:06:07 WARN NativeCodeLoader: Unable to load native-hadoop library for your platform... using builtin-java classes where applicable","chan":"stderr","logger":"task"}
{"timestamp":"2025-05-12T02:06:07.698268Z","level":"error","event":"Setting default log level to \"WARN\".","chan":"stderr","logger":"task"}
{"timestamp":"2025-05-12T02:06:07.699484Z","level":"error","event":"To adjust logging level use sc.setLogLevel(newLevel). For SparkR, use setLogLevel(newLevel).","chan":"stderr","logger":"task"}
{"timestamp":"2025-05-12T02:06:09.153734Z","level":"error","event":"25/05/12 02:06:09 ERROR SparkContext: Failed to add /opt/airflow/jars/* to Spark environment","chan":"stderr","logger":"task"}
{"timestamp":"2025-05-12T02:06:09.154753Z","level":"error","event":"java.io.FileNotFoundException: Jar /opt/airflow/jars/* not found","chan":"stderr","logger":"task"}
{"timestamp":"2025-05-12T02:06:09.155686Z","level":"error","event":"\tat org.apache.spark.SparkContext.addLocalJarFile$1(SparkContext.scala:2095)","chan":"stderr","logger":"task"}
{"timestamp":"2025-05-12T02:06:09.156458Z","level":"error","event":"\tat org.apache.spark.SparkContext.addJar(SparkContext.scala:2151)","chan":"stderr","logger":"task"}
{"timestamp":"2025-05-12T02:06:09.157229Z","level":"error","event":"\tat org.apache.spark.SparkContext.$anonfun$new$15(SparkContext.scala:521)","chan":"stderr","logger":"task"}
{"timestamp":"2025-05-12T02:06:09.158003Z","level":"error","event":"\tat org.apache.spark.SparkContext.$anonfun$new$15$adapted(SparkContext.scala:521)","chan":"stderr","logger":"task"}
{"timestamp":"2025-05-12T02:06:09.158832Z","level":"error","event":"\tat scala.collection.mutable.ResizableArray.foreach(ResizableArray.scala:62)","chan":"stderr","logger":"task"}
{"timestamp":"2025-05-12T02:06:09.159619Z","level":"error","event":"\tat scala.collection.mutable.ResizableArray.foreach$(ResizableArray.scala:55)","chan":"stderr","logger":"task"}
{"timestamp":"2025-05-12T02:06:09.160265Z","level":"error","event":"\tat scala.collection.mutable.ArrayBuffer.foreach(ArrayBuffer.scala:49)","chan":"stderr","logger":"task"}
{"timestamp":"2025-05-12T02:06:09.160914Z","level":"error","event":"\tat org.apache.spark.SparkContext.<init>(SparkContext.scala:521)","chan":"stderr","logger":"task"}
{"timestamp":"2025-05-12T02:06:09.161593Z","level":"error","event":"\tat org.apache.spark.api.java.JavaSparkContext.<init>(JavaSparkContext.scala:58)","chan":"stderr","logger":"task"}
{"timestamp":"2025-05-12T02:06:09.162237Z","level":"error","event":"\tat java.base/jdk.internal.reflect.NativeConstructorAccessorImpl.newInstance0(Native Method)","chan":"stderr","logger":"task"}
{"timestamp":"2025-05-12T02:06:09.162900Z","level":"error","event":"\tat java.base/jdk.internal.reflect.NativeConstructorAccessorImpl.newInstance(NativeConstructorAccessorImpl.java:77)","chan":"stderr","logger":"task"}
{"timestamp":"2025-05-12T02:06:09.163574Z","level":"error","event":"\tat java.base/jdk.internal.reflect.DelegatingConstructorAccessorImpl.newInstance(DelegatingConstructorAccessorImpl.java:45)","chan":"stderr","logger":"task"}
{"timestamp":"2025-05-12T02:06:09.164157Z","level":"error","event":"\tat java.base/java.lang.reflect.Constructor.newInstanceWithCaller(Constructor.java:500)","chan":"stderr","logger":"task"}
{"timestamp":"2025-05-12T02:06:09.164764Z","level":"error","event":"\tat java.base/java.lang.reflect.Constructor.newInstance(Constructor.java:481)","chan":"stderr","logger":"task"}
{"timestamp":"2025-05-12T02:06:09.165400Z","level":"error","event":"\tat py4j.reflection.MethodInvoker.invoke(MethodInvoker.java:247)","chan":"stderr","logger":"task"}
{"timestamp":"2025-05-12T02:06:09.165994Z","level":"error","event":"\tat py4j.reflection.ReflectionEngine.invoke(ReflectionEngine.java:374)","chan":"stderr","logger":"task"}
{"timestamp":"2025-05-12T02:06:09.166681Z","level":"error","event":"\tat py4j.Gateway.invoke(Gateway.java:238)","chan":"stderr","logger":"task"}
{"timestamp":"2025-05-12T02:06:09.167242Z","level":"error","event":"\tat py4j.commands.ConstructorCommand.invokeConstructor(ConstructorCommand.java:80)","chan":"stderr","logger":"task"}
{"timestamp":"2025-05-12T02:06:09.167851Z","level":"error","event":"\tat py4j.commands.ConstructorCommand.execute(ConstructorCommand.java:69)","chan":"stderr","logger":"task"}
{"timestamp":"2025-05-12T02:06:09.168545Z","level":"error","event":"\tat py4j.ClientServerConnection.waitForCommands(ClientServerConnection.java:182)","chan":"stderr","logger":"task"}
{"timestamp":"2025-05-12T02:06:09.169189Z","level":"error","event":"\tat py4j.ClientServerConnection.run(ClientServerConnection.java:106)","chan":"stderr","logger":"task"}
{"timestamp":"2025-05-12T02:06:09.169840Z","level":"error","event":"\tat java.base/java.lang.Thread.run(Thread.java:840)","chan":"stderr","logger":"task"}
{"timestamp":"2025-05-12T02:06:31.387687Z","level":"info","event":"Mengambil data saham AADI.JK dari yfinance...","chan":"stdout","logger":"task"}
{"timestamp":"2025-05-12T02:06:31.388567Z","level":"info","event":"Data saham AADI.JK berhasil disimpan ke MongoDB!","chan":"stdout","logger":"task"}
{"timestamp":"2025-05-12T02:06:31.389244Z","level":"info","event":"Mengambil data saham AALI.JK dari yfinance...","chan":"stdout","logger":"task"}
{"timestamp":"2025-05-12T02:06:31.389878Z","level":"info","event":"Data saham AALI.JK berhasil disimpan ke MongoDB!","chan":"stdout","logger":"task"}
{"timestamp":"2025-05-12T02:06:31.390438Z","level":"info","event":"Mengambil data saham ABBA.JK dari yfinance...","chan":"stdout","logger":"task"}
{"timestamp":"2025-05-12T02:06:31.390975Z","level":"info","event":"Data saham ABBA.JK berhasil disimpan ke MongoDB!","chan":"stdout","logger":"task"}
{"timestamp":"2025-05-12T02:06:31.391467Z","level":"info","event":"Mengambil data saham ABDA.JK dari yfinance...","chan":"stdout","logger":"task"}
{"timestamp":"2025-05-12T02:06:31.391874Z","level":"info","event":"Data saham ABDA.JK berhasil disimpan ke MongoDB!","chan":"stdout","logger":"task"}
{"timestamp":"2025-05-12T02:06:31.392449Z","level":"info","event":"Mengambil data saham ABMM.JK dari yfinance...","chan":"stdout","logger":"task"}
{"timestamp":"2025-05-12T02:06:31.392947Z","level":"info","event":"Data saham ABMM.JK berhasil disimpan ke MongoDB!","chan":"stdout","logger":"task"}
{"timestamp":"2025-05-12T02:06:31.393501Z","level":"info","event":"Semua data saham selesai diproses!","chan":"stdout","logger":"task"}
{"timestamp":"2025-05-12T02:06:32.157867","level":"info","event":"Done. Returned value was: None","logger":"airflow.task.operators.airflow.providers.standard.operators.python.PythonOperator"}
{"timestamp":"2025-05-12T02:06:32.629163Z","level":"error","event":"\r[Stage 0:>                                                          (0 + 1) / 1]\r\r                                                                                \r\r[Stage 1:>                                                          (0 + 1) / 1]","chan":"stderr","logger":"task"}
