{"timestamp":"2025-05-12T01:04:01.033215","level":"info","event":"DAG bundles loaded: dags-folder","logger":"airflow.dag_processing.bundles.manager.DagBundlesManager"}
{"timestamp":"2025-05-12T01:04:01.033841","level":"info","event":"Filling up the DagBag from /opt/airflow/dags/yfinance_DAG.py","logger":"airflow.models.dagbag.DagBag"}
{"timestamp":"2025-05-12T01:04:05.910864Z","level":"info","event":":: loading settings :: url = jar:file:/home/airflow/.local/lib/python3.12/site-packages/pyspark/jars/ivy-2.5.1.jar!/org/apache/ivy/core/settings/ivysettings.xml","chan":"stdout","logger":"task"}
{"timestamp":"2025-05-12T01:04:06.091589Z","level":"error","event":"Ivy Default Cache set to: /home/airflow/.ivy2/cache","chan":"stderr","logger":"task"}
{"timestamp":"2025-05-12T01:04:06.092725Z","level":"error","event":"The jars for the packages stored in: /home/airflow/.ivy2/jars","chan":"stderr","logger":"task"}
{"timestamp":"2025-05-12T01:04:06.133799Z","level":"error","event":"org.mongodb.spark#mongo-spark-connector_2.12 added as a dependency","chan":"stderr","logger":"task"}
{"timestamp":"2025-05-12T01:04:06.134804Z","level":"error","event":":: resolving dependencies :: org.apache.spark#spark-submit-parent-9a0fece9-0c34-4370-84b4-68dbea7a88f5;1.0","chan":"stderr","logger":"task"}
{"timestamp":"2025-05-12T01:04:06.136002Z","level":"error","event":"\tconfs: [default]","chan":"stderr","logger":"task"}
{"timestamp":"2025-05-12T01:04:06.361503Z","level":"error","event":"\tfound org.mongodb.spark#mongo-spark-connector_2.12;3.0.1 in central","chan":"stderr","logger":"task"}
{"timestamp":"2025-05-12T01:04:06.431140Z","level":"error","event":"\tfound org.mongodb#mongodb-driver-sync;4.0.5 in central","chan":"stderr","logger":"task"}
{"timestamp":"2025-05-12T01:04:06.485049Z","level":"error","event":"\tfound org.mongodb#bson;4.0.5 in central","chan":"stderr","logger":"task"}
{"timestamp":"2025-05-12T01:04:06.536479Z","level":"error","event":"\tfound org.mongodb#mongodb-driver-core;4.0.5 in central","chan":"stderr","logger":"task"}
{"timestamp":"2025-05-12T01:04:06.601350Z","level":"error","event":":: resolution report :: resolve 473ms :: artifacts dl 21ms","chan":"stderr","logger":"task"}
{"timestamp":"2025-05-12T01:04:06.602272Z","level":"error","event":"\t:: modules in use:","chan":"stderr","logger":"task"}
{"timestamp":"2025-05-12T01:04:06.602943Z","level":"error","event":"\torg.mongodb#bson;4.0.5 from central in [default]","chan":"stderr","logger":"task"}
{"timestamp":"2025-05-12T01:04:06.603627Z","level":"error","event":"\torg.mongodb#mongodb-driver-core;4.0.5 from central in [default]","chan":"stderr","logger":"task"}
{"timestamp":"2025-05-12T01:04:06.604252Z","level":"error","event":"\torg.mongodb#mongodb-driver-sync;4.0.5 from central in [default]","chan":"stderr","logger":"task"}
{"timestamp":"2025-05-12T01:04:06.604878Z","level":"error","event":"\torg.mongodb.spark#mongo-spark-connector_2.12;3.0.1 from central in [default]","chan":"stderr","logger":"task"}
{"timestamp":"2025-05-12T01:04:06.605613Z","level":"error","event":"\t---------------------------------------------------------------------","chan":"stderr","logger":"task"}
{"timestamp":"2025-05-12T01:04:06.606250Z","level":"error","event":"\t|                  |            modules            ||   artifacts   |","chan":"stderr","logger":"task"}
{"timestamp":"2025-05-12T01:04:06.608396Z","level":"error","event":"\t|       conf       | number| search|dwnlded|evicted|| number|dwnlded|","chan":"stderr","logger":"task"}
{"timestamp":"2025-05-12T01:04:06.610627Z","level":"error","event":"\t---------------------------------------------------------------------","chan":"stderr","logger":"task"}
{"timestamp":"2025-05-12T01:04:06.611560Z","level":"error","event":"\t|      default     |   4   |   0   |   0   |   0   ||   4   |   0   |","chan":"stderr","logger":"task"}
{"timestamp":"2025-05-12T01:04:06.613123Z","level":"error","event":"\t---------------------------------------------------------------------","chan":"stderr","logger":"task"}
{"timestamp":"2025-05-12T01:04:06.616560Z","level":"error","event":":: retrieving :: org.apache.spark#spark-submit-parent-9a0fece9-0c34-4370-84b4-68dbea7a88f5","chan":"stderr","logger":"task"}
{"timestamp":"2025-05-12T01:04:06.617578Z","level":"error","event":"\tconfs: [default]","chan":"stderr","logger":"task"}
{"timestamp":"2025-05-12T01:04:06.630479Z","level":"error","event":"\t0 artifacts copied, 4 already retrieved (0kB/13ms)","chan":"stderr","logger":"task"}
{"timestamp":"2025-05-12T01:04:06.964404Z","level":"error","event":"25/05/12 01:04:06 WARN NativeCodeLoader: Unable to load native-hadoop library for your platform... using builtin-java classes where applicable","chan":"stderr","logger":"task"}
{"timestamp":"2025-05-12T01:04:07.417716Z","level":"error","event":"Setting default log level to \"WARN\".","chan":"stderr","logger":"task"}
{"timestamp":"2025-05-12T01:04:07.418946Z","level":"error","event":"To adjust logging level use sc.setLogLevel(newLevel). For SparkR, use setLogLevel(newLevel).","chan":"stderr","logger":"task"}
{"timestamp":"2025-05-12T01:04:22.757547Z","level":"info","event":"Mengambil data saham AADI.JK dari yfinance...","chan":"stdout","logger":"task"}
{"timestamp":"2025-05-12T01:04:22.758124Z","level":"info","event":"Data saham AADI.JK berhasil disimpan ke MongoDB!","chan":"stdout","logger":"task"}
{"timestamp":"2025-05-12T01:04:22.758422Z","level":"info","event":"Mengambil data saham AALI.JK dari yfinance...","chan":"stdout","logger":"task"}
{"timestamp":"2025-05-12T01:04:22.758769Z","level":"info","event":"Data saham AALI.JK berhasil disimpan ke MongoDB!","chan":"stdout","logger":"task"}
{"timestamp":"2025-05-12T01:04:22.759175Z","level":"info","event":"Mengambil data saham ABBA.JK dari yfinance...","chan":"stdout","logger":"task"}
{"timestamp":"2025-05-12T01:04:22.759526Z","level":"info","event":"Data saham ABBA.JK berhasil disimpan ke MongoDB!","chan":"stdout","logger":"task"}
{"timestamp":"2025-05-12T01:04:22.759898Z","level":"info","event":"Mengambil data saham ABDA.JK dari yfinance...","chan":"stdout","logger":"task"}
{"timestamp":"2025-05-12T01:04:22.760264Z","level":"info","event":"Data saham ABDA.JK berhasil disimpan ke MongoDB!","chan":"stdout","logger":"task"}
{"timestamp":"2025-05-12T01:04:22.760686Z","level":"info","event":"Mengambil data saham ABMM.JK dari yfinance...","chan":"stdout","logger":"task"}
{"timestamp":"2025-05-12T01:04:22.760989Z","level":"info","event":"Data saham ABMM.JK berhasil disimpan ke MongoDB!","chan":"stdout","logger":"task"}
{"timestamp":"2025-05-12T01:04:22.761272Z","level":"info","event":"Semua data saham selesai diproses!","chan":"stdout","logger":"task"}
{"timestamp":"2025-05-12T01:04:22.761700Z","level":"error","event":"Traceback (most recent call last):","chan":"stderr","logger":"task"}
{"timestamp":"2025-05-12T01:04:22.762049Z","level":"error","event":"  File \"/opt/airflow/dags/jobs/YFinance.py\", line 101, in <module>","chan":"stderr","logger":"task"}
{"timestamp":"2025-05-12T01:04:22.762371Z","level":"error","event":"    .save()","chan":"stderr","logger":"task"}
{"timestamp":"2025-05-12T01:04:22.762660Z","level":"error","event":"     ^^^^^^","chan":"stderr","logger":"task"}
{"timestamp":"2025-05-12T01:04:22.762946Z","level":"error","event":"  File \"/home/airflow/.local/lib/python3.12/site-packages/pyspark/sql/readwriter.py\", line 1461, in save","chan":"stderr","logger":"task"}
{"timestamp":"2025-05-12T01:04:22.763288Z","level":"error","event":"    self._jwrite.save()","chan":"stderr","logger":"task"}
{"timestamp":"2025-05-12T01:04:22.763558Z","level":"error","event":"  File \"/home/airflow/.local/lib/python3.12/site-packages/py4j/java_gateway.py\", line 1322, in __call__","chan":"stderr","logger":"task"}
{"timestamp":"2025-05-12T01:04:22.763906Z","level":"error","event":"    return_value = get_return_value(","chan":"stderr","logger":"task"}
{"timestamp":"2025-05-12T01:04:22.764233Z","level":"error","event":"                   ^^^^^^^^^^^^^^^^^","chan":"stderr","logger":"task"}
{"timestamp":"2025-05-12T01:04:22.764609Z","level":"error","event":"  File \"/home/airflow/.local/lib/python3.12/site-packages/pyspark/errors/exceptions/captured.py\", line 185, in deco","chan":"stderr","logger":"task"}
{"timestamp":"2025-05-12T01:04:22.765159Z","level":"error","event":"    raise converted from None","chan":"stderr","logger":"task"}
{"timestamp":"2025-05-12T01:04:22.769893Z","level":"error","event":"pyspark.errors.exceptions.captured.UnsupportedOperationException: MongoCollection already exists","chan":"stderr","logger":"task"}
{"timestamp":"2025-05-12T01:04:23.620976","level":"error","event":"Task failed with exception","logger":"task","error_detail":[{"exc_type":"CalledProcessError","exc_value":"Command '['python', 'dags/jobs/YFinance.py']' returned non-zero exit status 1.","exc_notes":[],"syntax_error":null,"is_cause":false,"frames":[{"filename":"/home/airflow/.local/lib/python3.12/site-packages/airflow/sdk/execution_time/task_runner.py","lineno":825,"name":"run"},{"filename":"/home/airflow/.local/lib/python3.12/site-packages/airflow/sdk/execution_time/task_runner.py","lineno":1088,"name":"_execute_task"},{"filename":"/home/airflow/.local/lib/python3.12/site-packages/airflow/sdk/bases/operator.py","lineno":408,"name":"wrapper"},{"filename":"/home/airflow/.local/lib/python3.12/site-packages/airflow/providers/standard/operators/python.py","lineno":212,"name":"execute"},{"filename":"/home/airflow/.local/lib/python3.12/site-packages/airflow/providers/standard/operators/python.py","lineno":235,"name":"execute_callable"},{"filename":"/home/airflow/.local/lib/python3.12/site-packages/airflow/sdk/execution_time/callback_runner.py","lineno":81,"name":"run"},{"filename":"/opt/airflow/dags/yfinance_DAG.py","lineno":14,"name":"<lambda>"},{"filename":"/usr/local/lib/python3.12/subprocess.py","lineno":571,"name":"run"}]}]}
