{"timestamp":"2025-05-12T01:39:01.868222","level":"info","event":"DAG bundles loaded: dags-folder","logger":"airflow.dag_processing.bundles.manager.DagBundlesManager"}
{"timestamp":"2025-05-12T01:39:01.870099","level":"info","event":"Filling up the DagBag from /opt/airflow/dags/yfinance_DAG.py","logger":"airflow.models.dagbag.DagBag"}
{"timestamp":"2025-05-12T01:39:11.978672Z","level":"error","event":"25/05/12 01:39:11 WARN NativeCodeLoader: Unable to load native-hadoop library for your platform... using builtin-java classes where applicable","chan":"stderr","logger":"task"}
{"timestamp":"2025-05-12T01:39:12.240591Z","level":"error","event":"Setting default log level to \"WARN\".","chan":"stderr","logger":"task"}
{"timestamp":"2025-05-12T01:39:12.253712Z","level":"error","event":"To adjust logging level use sc.setLogLevel(newLevel). For SparkR, use setLogLevel(newLevel).","chan":"stderr","logger":"task"}
{"timestamp":"2025-05-12T01:39:13.991251Z","level":"error","event":"25/05/12 01:39:13 ERROR SparkContext: Failed to add /opt/airflow/jars/* to Spark environment","chan":"stderr","logger":"task"}
{"timestamp":"2025-05-12T01:39:13.992005Z","level":"error","event":"java.io.FileNotFoundException: Jar /opt/airflow/jars/* not found","chan":"stderr","logger":"task"}
{"timestamp":"2025-05-12T01:39:13.992697Z","level":"error","event":"\tat org.apache.spark.SparkContext.addLocalJarFile$1(SparkContext.scala:2095)","chan":"stderr","logger":"task"}
{"timestamp":"2025-05-12T01:39:13.993254Z","level":"error","event":"\tat org.apache.spark.SparkContext.addJar(SparkContext.scala:2151)","chan":"stderr","logger":"task"}
{"timestamp":"2025-05-12T01:39:13.993803Z","level":"error","event":"\tat org.apache.spark.SparkContext.$anonfun$new$15(SparkContext.scala:521)","chan":"stderr","logger":"task"}
{"timestamp":"2025-05-12T01:39:13.994351Z","level":"error","event":"\tat org.apache.spark.SparkContext.$anonfun$new$15$adapted(SparkContext.scala:521)","chan":"stderr","logger":"task"}
{"timestamp":"2025-05-12T01:39:13.994924Z","level":"error","event":"\tat scala.collection.mutable.ResizableArray.foreach(ResizableArray.scala:62)","chan":"stderr","logger":"task"}
{"timestamp":"2025-05-12T01:39:13.995599Z","level":"error","event":"\tat scala.collection.mutable.ResizableArray.foreach$(ResizableArray.scala:55)","chan":"stderr","logger":"task"}
{"timestamp":"2025-05-12T01:39:13.996194Z","level":"error","event":"\tat scala.collection.mutable.ArrayBuffer.foreach(ArrayBuffer.scala:49)","chan":"stderr","logger":"task"}
{"timestamp":"2025-05-12T01:39:13.996765Z","level":"error","event":"\tat org.apache.spark.SparkContext.<init>(SparkContext.scala:521)","chan":"stderr","logger":"task"}
{"timestamp":"2025-05-12T01:39:13.997259Z","level":"error","event":"\tat org.apache.spark.api.java.JavaSparkContext.<init>(JavaSparkContext.scala:58)","chan":"stderr","logger":"task"}
{"timestamp":"2025-05-12T01:39:13.997779Z","level":"error","event":"\tat java.base/jdk.internal.reflect.NativeConstructorAccessorImpl.newInstance0(Native Method)","chan":"stderr","logger":"task"}
{"timestamp":"2025-05-12T01:39:13.998316Z","level":"error","event":"\tat java.base/jdk.internal.reflect.NativeConstructorAccessorImpl.newInstance(NativeConstructorAccessorImpl.java:77)","chan":"stderr","logger":"task"}
{"timestamp":"2025-05-12T01:39:13.998784Z","level":"error","event":"\tat java.base/jdk.internal.reflect.DelegatingConstructorAccessorImpl.newInstance(DelegatingConstructorAccessorImpl.java:45)","chan":"stderr","logger":"task"}
{"timestamp":"2025-05-12T01:39:13.999246Z","level":"error","event":"\tat java.base/java.lang.reflect.Constructor.newInstanceWithCaller(Constructor.java:500)","chan":"stderr","logger":"task"}
{"timestamp":"2025-05-12T01:39:13.999629Z","level":"error","event":"\tat java.base/java.lang.reflect.Constructor.newInstance(Constructor.java:481)","chan":"stderr","logger":"task"}
{"timestamp":"2025-05-12T01:39:14.000040Z","level":"error","event":"\tat py4j.reflection.MethodInvoker.invoke(MethodInvoker.java:247)","chan":"stderr","logger":"task"}
{"timestamp":"2025-05-12T01:39:14.000444Z","level":"error","event":"\tat py4j.reflection.ReflectionEngine.invoke(ReflectionEngine.java:374)","chan":"stderr","logger":"task"}
{"timestamp":"2025-05-12T01:39:14.001162Z","level":"error","event":"\tat py4j.Gateway.invoke(Gateway.java:238)","chan":"stderr","logger":"task"}
{"timestamp":"2025-05-12T01:39:14.001904Z","level":"error","event":"\tat py4j.commands.ConstructorCommand.invokeConstructor(ConstructorCommand.java:80)","chan":"stderr","logger":"task"}
{"timestamp":"2025-05-12T01:39:14.002595Z","level":"error","event":"\tat py4j.commands.ConstructorCommand.execute(ConstructorCommand.java:69)","chan":"stderr","logger":"task"}
{"timestamp":"2025-05-12T01:39:14.003346Z","level":"error","event":"\tat py4j.ClientServerConnection.waitForCommands(ClientServerConnection.java:182)","chan":"stderr","logger":"task"}
{"timestamp":"2025-05-12T01:39:14.004219Z","level":"error","event":"\tat py4j.ClientServerConnection.run(ClientServerConnection.java:106)","chan":"stderr","logger":"task"}
{"timestamp":"2025-05-12T01:39:14.004975Z","level":"error","event":"\tat java.base/java.lang.Thread.run(Thread.java:840)","chan":"stderr","logger":"task"}
{"timestamp":"2025-05-12T01:39:32.397363Z","level":"info","event":"Mengambil data saham AADI.JK dari yfinance...","chan":"stdout","logger":"task"}
{"timestamp":"2025-05-12T01:39:32.397983Z","level":"info","event":"Data saham AADI.JK berhasil disimpan ke MongoDB!","chan":"stdout","logger":"task"}
{"timestamp":"2025-05-12T01:39:32.398496Z","level":"info","event":"Mengambil data saham AALI.JK dari yfinance...","chan":"stdout","logger":"task"}
{"timestamp":"2025-05-12T01:39:32.399219Z","level":"info","event":"Data saham AALI.JK berhasil disimpan ke MongoDB!","chan":"stdout","logger":"task"}
{"timestamp":"2025-05-12T01:39:32.399800Z","level":"info","event":"Mengambil data saham ABBA.JK dari yfinance...","chan":"stdout","logger":"task"}
{"timestamp":"2025-05-12T01:39:32.400313Z","level":"info","event":"Data saham ABBA.JK berhasil disimpan ke MongoDB!","chan":"stdout","logger":"task"}
{"timestamp":"2025-05-12T01:39:32.400834Z","level":"info","event":"Mengambil data saham ABDA.JK dari yfinance...","chan":"stdout","logger":"task"}
{"timestamp":"2025-05-12T01:39:32.401359Z","level":"info","event":"Data saham ABDA.JK berhasil disimpan ke MongoDB!","chan":"stdout","logger":"task"}
{"timestamp":"2025-05-12T01:39:32.401802Z","level":"info","event":"Mengambil data saham ABMM.JK dari yfinance...","chan":"stdout","logger":"task"}
{"timestamp":"2025-05-12T01:39:32.402255Z","level":"info","event":"Data saham ABMM.JK berhasil disimpan ke MongoDB!","chan":"stdout","logger":"task"}
{"timestamp":"2025-05-12T01:39:32.402617Z","level":"info","event":"Semua data saham selesai diproses!","chan":"stdout","logger":"task"}
{"timestamp":"2025-05-12T01:39:32.403053Z","level":"error","event":"\r[Stage 0:>                                                          (0 + 1) / 1]\r\r                                                                                \rTraceback (most recent call last):","chan":"stderr","logger":"task"}
{"timestamp":"2025-05-12T01:39:32.403500Z","level":"error","event":"  File \"/opt/airflow/dags/jobs/YFinance.py\", line 101, in <module>","chan":"stderr","logger":"task"}
{"timestamp":"2025-05-12T01:39:32.403909Z","level":"error","event":"    .save()","chan":"stderr","logger":"task"}
{"timestamp":"2025-05-12T01:39:32.422370Z","level":"error","event":"     ^^^^^^","chan":"stderr","logger":"task"}
{"timestamp":"2025-05-12T01:39:32.423009Z","level":"error","event":"  File \"/home/airflow/.local/lib/python3.12/site-packages/pyspark/sql/readwriter.py\", line 1461, in save","chan":"stderr","logger":"task"}
{"timestamp":"2025-05-12T01:39:32.423600Z","level":"error","event":"    self._jwrite.save()","chan":"stderr","logger":"task"}
{"timestamp":"2025-05-12T01:39:32.424129Z","level":"error","event":"  File \"/home/airflow/.local/lib/python3.12/site-packages/py4j/java_gateway.py\", line 1322, in __call__","chan":"stderr","logger":"task"}
{"timestamp":"2025-05-12T01:39:32.424698Z","level":"error","event":"    return_value = get_return_value(","chan":"stderr","logger":"task"}
{"timestamp":"2025-05-12T01:39:32.425268Z","level":"error","event":"                   ^^^^^^^^^^^^^^^^^","chan":"stderr","logger":"task"}
{"timestamp":"2025-05-12T01:39:32.425846Z","level":"error","event":"  File \"/home/airflow/.local/lib/python3.12/site-packages/pyspark/errors/exceptions/captured.py\", line 185, in deco","chan":"stderr","logger":"task"}
{"timestamp":"2025-05-12T01:39:32.426354Z","level":"error","event":"    raise converted from None","chan":"stderr","logger":"task"}
{"timestamp":"2025-05-12T01:39:32.426716Z","level":"error","event":"pyspark.errors.exceptions.captured.UnsupportedOperationException: MongoCollection already exists","chan":"stderr","logger":"task"}
{"timestamp":"2025-05-12T01:39:33.772470","level":"error","event":"Task failed with exception","logger":"task","error_detail":[{"exc_type":"CalledProcessError","exc_value":"Command '['python', 'dags/jobs/YFinance.py']' returned non-zero exit status 1.","exc_notes":[],"syntax_error":null,"is_cause":false,"frames":[{"filename":"/home/airflow/.local/lib/python3.12/site-packages/airflow/sdk/execution_time/task_runner.py","lineno":825,"name":"run"},{"filename":"/home/airflow/.local/lib/python3.12/site-packages/airflow/sdk/execution_time/task_runner.py","lineno":1088,"name":"_execute_task"},{"filename":"/home/airflow/.local/lib/python3.12/site-packages/airflow/sdk/bases/operator.py","lineno":408,"name":"wrapper"},{"filename":"/home/airflow/.local/lib/python3.12/site-packages/airflow/providers/standard/operators/python.py","lineno":212,"name":"execute"},{"filename":"/home/airflow/.local/lib/python3.12/site-packages/airflow/providers/standard/operators/python.py","lineno":235,"name":"execute_callable"},{"filename":"/home/airflow/.local/lib/python3.12/site-packages/airflow/sdk/execution_time/callback_runner.py","lineno":81,"name":"run"},{"filename":"/opt/airflow/dags/yfinance_DAG.py","lineno":14,"name":"<lambda>"},{"filename":"/usr/local/lib/python3.12/subprocess.py","lineno":571,"name":"run"}]}]}
