{"timestamp":"2025-05-12T00:59:20.133436","level":"info","event":"DAG bundles loaded: dags-folder","logger":"airflow.dag_processing.bundles.manager.DagBundlesManager"}
{"timestamp":"2025-05-12T00:59:20.138153","level":"info","event":"Filling up the DagBag from /opt/airflow/dags/yfinance_DAG.py","logger":"airflow.models.dagbag.DagBag"}
{"timestamp":"2025-05-12T00:59:41.546384Z","level":"info","event":":: loading settings :: url = jar:file:/home/airflow/.local/lib/python3.12/site-packages/pyspark/jars/ivy-2.5.1.jar!/org/apache/ivy/core/settings/ivysettings.xml","chan":"stdout","logger":"task"}
{"timestamp":"2025-05-12T00:59:41.752000Z","level":"error","event":"Ivy Default Cache set to: /home/airflow/.ivy2/cache","chan":"stderr","logger":"task"}
{"timestamp":"2025-05-12T00:59:41.753123Z","level":"error","event":"The jars for the packages stored in: /home/airflow/.ivy2/jars","chan":"stderr","logger":"task"}
{"timestamp":"2025-05-12T00:59:41.765788Z","level":"error","event":"org.mongodb.spark#mongo-spark-connector_2.12 added as a dependency","chan":"stderr","logger":"task"}
{"timestamp":"2025-05-12T00:59:41.770944Z","level":"error","event":":: resolving dependencies :: org.apache.spark#spark-submit-parent-bfd9ef4c-c179-4918-8e9b-017eab7ad0c7;1.0","chan":"stderr","logger":"task"}
{"timestamp":"2025-05-12T00:59:41.772220Z","level":"error","event":"\tconfs: [default]","chan":"stderr","logger":"task"}
{"timestamp":"2025-05-12T00:59:44.439286Z","level":"error","event":"\tfound org.mongodb.spark#mongo-spark-connector_2.12;3.0.1 in central","chan":"stderr","logger":"task"}
{"timestamp":"2025-05-12T00:59:44.909712Z","level":"error","event":"\tfound org.mongodb#mongodb-driver-sync;4.0.5 in central","chan":"stderr","logger":"task"}
{"timestamp":"2025-05-12T00:59:45.438230Z","level":"error","event":"\tfound org.mongodb#bson;4.0.5 in central","chan":"stderr","logger":"task"}
{"timestamp":"2025-05-12T00:59:45.914800Z","level":"error","event":"\tfound org.mongodb#mongodb-driver-core;4.0.5 in central","chan":"stderr","logger":"task"}
{"timestamp":"2025-05-12T00:59:46.181728Z","level":"error","event":"downloading https://repo1.maven.org/maven2/org/mongodb/spark/mongo-spark-connector_2.12/3.0.1/mongo-spark-connector_2.12-3.0.1.jar ...","chan":"stderr","logger":"task"}
{"timestamp":"2025-05-12T00:59:47.321146Z","level":"error","event":"downloading https://repo1.maven.org/maven2/org/mongodb/mongodb-driver-sync/4.0.5/mongodb-driver-sync-4.0.5.jar ...","chan":"stderr","logger":"task"}
{"timestamp":"2025-05-12T00:59:47.549462Z","level":"error","event":"\t[SUCCESSFUL ] org.mongodb#mongodb-driver-sync;4.0.5!mongodb-driver-sync.jar (418ms)","chan":"stderr","logger":"task"}
{"timestamp":"2025-05-12T00:59:47.740492Z","level":"error","event":"downloading https://repo1.maven.org/maven2/org/mongodb/bson/4.0.5/bson-4.0.5.jar ...","chan":"stderr","logger":"task"}
{"timestamp":"2025-05-12T00:59:48.278792Z","level":"error","event":"downloading https://repo1.maven.org/maven2/org/mongodb/mongodb-driver-core/4.0.5/mongodb-driver-core-4.0.5.jar ...","chan":"stderr","logger":"task"}
{"timestamp":"2025-05-12T00:59:48.819129Z","level":"error","event":"\t[SUCCESSFUL ] org.mongodb#mongodb-driver-core;4.0.5!mongodb-driver-core.jar (727ms)","chan":"stderr","logger":"task"}
{"timestamp":"2025-05-12T00:59:48.820847Z","level":"error","event":":: resolution report :: resolve 4215ms :: artifacts dl 2836ms","chan":"stderr","logger":"task"}
{"timestamp":"2025-05-12T00:59:48.822222Z","level":"error","event":"\t:: modules in use:","chan":"stderr","logger":"task"}
{"timestamp":"2025-05-12T00:59:48.823026Z","level":"error","event":"\torg.mongodb#bson;4.0.5 from central in [default]","chan":"stderr","logger":"task"}
{"timestamp":"2025-05-12T00:59:48.824415Z","level":"error","event":"\torg.mongodb#mongodb-driver-core;4.0.5 from central in [default]","chan":"stderr","logger":"task"}
{"timestamp":"2025-05-12T00:59:48.825267Z","level":"error","event":"\torg.mongodb#mongodb-driver-sync;4.0.5 from central in [default]","chan":"stderr","logger":"task"}
{"timestamp":"2025-05-12T00:59:48.826231Z","level":"error","event":"\torg.mongodb.spark#mongo-spark-connector_2.12;3.0.1 from central in [default]","chan":"stderr","logger":"task"}
{"timestamp":"2025-05-12T00:59:48.828288Z","level":"error","event":"\t---------------------------------------------------------------------","chan":"stderr","logger":"task"}
{"timestamp":"2025-05-12T00:59:48.829101Z","level":"error","event":"\t|                  |            modules            ||   artifacts   |","chan":"stderr","logger":"task"}
{"timestamp":"2025-05-12T00:59:48.830139Z","level":"error","event":"\t|       conf       | number| search|dwnlded|evicted|| number|dwnlded|","chan":"stderr","logger":"task"}
{"timestamp":"2025-05-12T00:59:48.830830Z","level":"error","event":"\t---------------------------------------------------------------------","chan":"stderr","logger":"task"}
{"timestamp":"2025-05-12T00:59:48.831655Z","level":"error","event":"\t|      default     |   4   |   4   |   4   |   0   ||   4   |   2   |","chan":"stderr","logger":"task"}
{"timestamp":"2025-05-12T00:59:48.832454Z","level":"error","event":"\t---------------------------------------------------------------------","chan":"stderr","logger":"task"}
{"timestamp":"2025-05-12T00:59:48.842216Z","level":"error","event":"","chan":"stderr","logger":"task"}
{"timestamp":"2025-05-12T00:59:48.847279Z","level":"error","event":":: problems summary ::","chan":"stderr","logger":"task"}
{"timestamp":"2025-05-12T00:59:48.848733Z","level":"error","event":":::: WARNINGS","chan":"stderr","logger":"task"}
{"timestamp":"2025-05-12T00:59:48.850674Z","level":"error","event":"\t\t[FAILED     ] org.mongodb.spark#mongo-spark-connector_2.12;3.0.1!mongo-spark-connector_2.12.jar: Downloaded file size (0) doesn't match expected Content Length (552150) for https://repo1.maven.org/maven2/org/mongodb/spark/mongo-spark-connector_2.12/3.0.1/mongo-spark-connector_2.12-3.0.1.jar. Please retry. (1135ms)","chan":"stderr","logger":"task"}
{"timestamp":"2025-05-12T00:59:48.853139Z","level":"error","event":"","chan":"stderr","logger":"task"}
{"timestamp":"2025-05-12T00:59:48.853870Z","level":"error","event":"\t\t[FAILED     ] org.mongodb.spark#mongo-spark-connector_2.12;3.0.1!mongo-spark-connector_2.12.jar: Downloaded file size (0) doesn't match expected Content Length (552150) for https://repo1.maven.org/maven2/org/mongodb/spark/mongo-spark-connector_2.12/3.0.1/mongo-spark-connector_2.12-3.0.1.jar. Please retry. (1135ms)","chan":"stderr","logger":"task"}
{"timestamp":"2025-05-12T00:59:48.854871Z","level":"error","event":"","chan":"stderr","logger":"task"}
{"timestamp":"2025-05-12T00:59:48.855666Z","level":"error","event":"\t==== central: tried","chan":"stderr","logger":"task"}
{"timestamp":"2025-05-12T00:59:48.856404Z","level":"error","event":"","chan":"stderr","logger":"task"}
{"timestamp":"2025-05-12T00:59:48.857100Z","level":"error","event":"\t  https://repo1.maven.org/maven2/org/mongodb/spark/mongo-spark-connector_2.12/3.0.1/mongo-spark-connector_2.12-3.0.1.jar","chan":"stderr","logger":"task"}
{"timestamp":"2025-05-12T00:59:48.858015Z","level":"error","event":"","chan":"stderr","logger":"task"}
{"timestamp":"2025-05-12T00:59:48.858667Z","level":"error","event":"\t\t[FAILED     ] org.mongodb#bson;4.0.5!bson.jar: Downloaded file size (0) doesn't match expected Content Length (491942) for https://repo1.maven.org/maven2/org/mongodb/bson/4.0.5/bson-4.0.5.jar. Please retry. (526ms)","chan":"stderr","logger":"task"}
{"timestamp":"2025-05-12T00:59:48.859431Z","level":"error","event":"","chan":"stderr","logger":"task"}
{"timestamp":"2025-05-12T00:59:48.860076Z","level":"error","event":"\t\t[FAILED     ] org.mongodb#bson;4.0.5!bson.jar: Downloaded file size (0) doesn't match expected Content Length (491942) for https://repo1.maven.org/maven2/org/mongodb/bson/4.0.5/bson-4.0.5.jar. Please retry. (526ms)","chan":"stderr","logger":"task"}
{"timestamp":"2025-05-12T00:59:48.861805Z","level":"error","event":"","chan":"stderr","logger":"task"}
{"timestamp":"2025-05-12T00:59:48.862656Z","level":"error","event":"\t==== central: tried","chan":"stderr","logger":"task"}
{"timestamp":"2025-05-12T00:59:48.863606Z","level":"error","event":"","chan":"stderr","logger":"task"}
{"timestamp":"2025-05-12T00:59:48.864827Z","level":"error","event":"\t  https://repo1.maven.org/maven2/org/mongodb/bson/4.0.5/bson-4.0.5.jar","chan":"stderr","logger":"task"}
{"timestamp":"2025-05-12T00:59:48.865683Z","level":"error","event":"","chan":"stderr","logger":"task"}
{"timestamp":"2025-05-12T00:59:48.866851Z","level":"error","event":"\t\t::::::::::::::::::::::::::::::::::::::::::::::","chan":"stderr","logger":"task"}
{"timestamp":"2025-05-12T00:59:48.869087Z","level":"error","event":"","chan":"stderr","logger":"task"}
{"timestamp":"2025-05-12T00:59:48.870241Z","level":"error","event":"\t\t::              FAILED DOWNLOADS            ::","chan":"stderr","logger":"task"}
{"timestamp":"2025-05-12T00:59:48.871362Z","level":"error","event":"","chan":"stderr","logger":"task"}
{"timestamp":"2025-05-12T00:59:48.875006Z","level":"error","event":"\t\t:: ^ see resolution messages for details  ^ ::","chan":"stderr","logger":"task"}
{"timestamp":"2025-05-12T00:59:48.875706Z","level":"error","event":"","chan":"stderr","logger":"task"}
{"timestamp":"2025-05-12T00:59:48.876306Z","level":"error","event":"\t\t::::::::::::::::::::::::::::::::::::::::::::::","chan":"stderr","logger":"task"}
{"timestamp":"2025-05-12T00:59:48.879094Z","level":"error","event":"","chan":"stderr","logger":"task"}
{"timestamp":"2025-05-12T00:59:48.880585Z","level":"error","event":"\t\t:: org.mongodb.spark#mongo-spark-connector_2.12;3.0.1!mongo-spark-connector_2.12.jar","chan":"stderr","logger":"task"}
{"timestamp":"2025-05-12T00:59:48.881370Z","level":"error","event":"","chan":"stderr","logger":"task"}
{"timestamp":"2025-05-12T00:59:48.882227Z","level":"error","event":"\t\t:: org.mongodb#bson;4.0.5!bson.jar","chan":"stderr","logger":"task"}
{"timestamp":"2025-05-12T00:59:48.882974Z","level":"error","event":"","chan":"stderr","logger":"task"}
{"timestamp":"2025-05-12T00:59:48.883633Z","level":"error","event":"\t\t::::::::::::::::::::::::::::::::::::::::::::::","chan":"stderr","logger":"task"}
{"timestamp":"2025-05-12T00:59:48.884484Z","level":"error","event":"","chan":"stderr","logger":"task"}
{"timestamp":"2025-05-12T00:59:48.885159Z","level":"error","event":"","chan":"stderr","logger":"task"}
{"timestamp":"2025-05-12T00:59:48.885919Z","level":"error","event":"","chan":"stderr","logger":"task"}
{"timestamp":"2025-05-12T00:59:48.886572Z","level":"error","event":":: USE VERBOSE OR DEBUG MESSAGE LEVEL FOR MORE DETAILS","chan":"stderr","logger":"task"}
{"timestamp":"2025-05-12T00:59:48.887299Z","level":"error","event":"Exception in thread \"main\" java.lang.RuntimeException: [download failed: org.mongodb.spark#mongo-spark-connector_2.12;3.0.1!mongo-spark-connector_2.12.jar, download failed: org.mongodb#bson;4.0.5!bson.jar]","chan":"stderr","logger":"task"}
{"timestamp":"2025-05-12T00:59:48.888021Z","level":"error","event":"\tat org.apache.spark.deploy.SparkSubmitUtils$.resolveMavenCoordinates(SparkSubmit.scala:1613)","chan":"stderr","logger":"task"}
{"timestamp":"2025-05-12T00:59:48.889304Z","level":"error","event":"\tat org.apache.spark.util.DependencyUtils$.resolveMavenDependencies(DependencyUtils.scala:185)","chan":"stderr","logger":"task"}
{"timestamp":"2025-05-12T00:59:48.889983Z","level":"error","event":"\tat org.apache.spark.deploy.SparkSubmit.prepareSubmitEnvironment(SparkSubmit.scala:339)","chan":"stderr","logger":"task"}
{"timestamp":"2025-05-12T00:59:48.890626Z","level":"error","event":"\tat org.apache.spark.deploy.SparkSubmit.org$apache$spark$deploy$SparkSubmit$$runMain(SparkSubmit.scala:969)","chan":"stderr","logger":"task"}
{"timestamp":"2025-05-12T00:59:48.893096Z","level":"error","event":"\tat org.apache.spark.deploy.SparkSubmit.doRunMain$1(SparkSubmit.scala:199)","chan":"stderr","logger":"task"}
{"timestamp":"2025-05-12T00:59:48.894144Z","level":"error","event":"\tat org.apache.spark.deploy.SparkSubmit.submit(SparkSubmit.scala:222)","chan":"stderr","logger":"task"}
{"timestamp":"2025-05-12T00:59:48.896390Z","level":"error","event":"\tat org.apache.spark.deploy.SparkSubmit.doSubmit(SparkSubmit.scala:91)","chan":"stderr","logger":"task"}
{"timestamp":"2025-05-12T00:59:48.897170Z","level":"error","event":"\tat org.apache.spark.deploy.SparkSubmit$$anon$2.doSubmit(SparkSubmit.scala:1125)","chan":"stderr","logger":"task"}
{"timestamp":"2025-05-12T00:59:48.898450Z","level":"error","event":"\tat org.apache.spark.deploy.SparkSubmit$.main(SparkSubmit.scala:1134)","chan":"stderr","logger":"task"}
{"timestamp":"2025-05-12T00:59:48.899420Z","level":"error","event":"\tat org.apache.spark.deploy.SparkSubmit.main(SparkSubmit.scala)","chan":"stderr","logger":"task"}
{"timestamp":"2025-05-12T00:59:48.959763Z","level":"error","event":"Traceback (most recent call last):","chan":"stderr","logger":"task"}
{"timestamp":"2025-05-12T00:59:48.960295Z","level":"error","event":"  File \"/opt/airflow/dags/jobs/YFinance.py\", line 22, in <module>","chan":"stderr","logger":"task"}
{"timestamp":"2025-05-12T00:59:48.964421Z","level":"error","event":"    .getOrCreate()","chan":"stderr","logger":"task"}
{"timestamp":"2025-05-12T00:59:48.965122Z","level":"error","event":"     ^^^^^^^^^^^^^","chan":"stderr","logger":"task"}
{"timestamp":"2025-05-12T00:59:48.965791Z","level":"error","event":"  File \"/home/airflow/.local/lib/python3.12/site-packages/pyspark/sql/session.py\", line 497, in getOrCreate","chan":"stderr","logger":"task"}
{"timestamp":"2025-05-12T00:59:48.966262Z","level":"error","event":"    sc = SparkContext.getOrCreate(sparkConf)","chan":"stderr","logger":"task"}
{"timestamp":"2025-05-12T00:59:48.966664Z","level":"error","event":"         ^^^^^^^^^^^^^^^^^^^^^^^^^^^^^^^^^^^","chan":"stderr","logger":"task"}
{"timestamp":"2025-05-12T00:59:48.967071Z","level":"error","event":"  File \"/home/airflow/.local/lib/python3.12/site-packages/pyspark/context.py\", line 515, in getOrCreate","chan":"stderr","logger":"task"}
{"timestamp":"2025-05-12T00:59:48.967399Z","level":"error","event":"    SparkContext(conf=conf or SparkConf())","chan":"stderr","logger":"task"}
{"timestamp":"2025-05-12T00:59:48.967774Z","level":"error","event":"  File \"/home/airflow/.local/lib/python3.12/site-packages/pyspark/context.py\", line 201, in __init__","chan":"stderr","logger":"task"}
{"timestamp":"2025-05-12T00:59:48.968189Z","level":"error","event":"    SparkContext._ensure_initialized(self, gateway=gateway, conf=conf)","chan":"stderr","logger":"task"}
{"timestamp":"2025-05-12T00:59:48.968539Z","level":"error","event":"  File \"/home/airflow/.local/lib/python3.12/site-packages/pyspark/context.py\", line 436, in _ensure_initialized","chan":"stderr","logger":"task"}
{"timestamp":"2025-05-12T00:59:48.968974Z","level":"error","event":"    SparkContext._gateway = gateway or launch_gateway(conf)","chan":"stderr","logger":"task"}
{"timestamp":"2025-05-12T00:59:48.969363Z","level":"error","event":"                                       ^^^^^^^^^^^^^^^^^^^^","chan":"stderr","logger":"task"}
{"timestamp":"2025-05-12T00:59:48.969711Z","level":"error","event":"  File \"/home/airflow/.local/lib/python3.12/site-packages/pyspark/java_gateway.py\", line 107, in launch_gateway","chan":"stderr","logger":"task"}
{"timestamp":"2025-05-12T00:59:48.970081Z","level":"error","event":"    raise PySparkRuntimeError(","chan":"stderr","logger":"task"}
{"timestamp":"2025-05-12T00:59:48.970552Z","level":"error","event":"pyspark.errors.exceptions.base.PySparkRuntimeError: [JAVA_GATEWAY_EXITED] Java gateway process exited before sending its port number.","chan":"stderr","logger":"task"}
{"timestamp":"2025-05-12T00:59:50.291065","level":"error","event":"Task failed with exception","logger":"task","error_detail":[{"exc_type":"CalledProcessError","exc_value":"Command '['python', 'dags/jobs/YFinance.py']' returned non-zero exit status 1.","exc_notes":[],"syntax_error":null,"is_cause":false,"frames":[{"filename":"/home/airflow/.local/lib/python3.12/site-packages/airflow/sdk/execution_time/task_runner.py","lineno":825,"name":"run"},{"filename":"/home/airflow/.local/lib/python3.12/site-packages/airflow/sdk/execution_time/task_runner.py","lineno":1088,"name":"_execute_task"},{"filename":"/home/airflow/.local/lib/python3.12/site-packages/airflow/sdk/bases/operator.py","lineno":408,"name":"wrapper"},{"filename":"/home/airflow/.local/lib/python3.12/site-packages/airflow/providers/standard/operators/python.py","lineno":212,"name":"execute"},{"filename":"/home/airflow/.local/lib/python3.12/site-packages/airflow/providers/standard/operators/python.py","lineno":235,"name":"execute_callable"},{"filename":"/home/airflow/.local/lib/python3.12/site-packages/airflow/sdk/execution_time/callback_runner.py","lineno":81,"name":"run"},{"filename":"/opt/airflow/dags/yfinance_DAG.py","lineno":14,"name":"<lambda>"},{"filename":"/usr/local/lib/python3.12/subprocess.py","lineno":571,"name":"run"}]}]}
