{"timestamp":"2025-05-12T00:59:20.491725","level":"info","event":"DAG bundles loaded: dags-folder","logger":"airflow.dag_processing.bundles.manager.DagBundlesManager"}
{"timestamp":"2025-05-12T00:59:20.508102","level":"info","event":"Filling up the DagBag from /opt/airflow/dags/yfinance_DAG.py","logger":"airflow.models.dagbag.DagBag"}
{"timestamp":"2025-05-12T00:59:41.772302Z","level":"info","event":":: loading settings :: url = jar:file:/home/airflow/.local/lib/python3.12/site-packages/pyspark/jars/ivy-2.5.1.jar!/org/apache/ivy/core/settings/ivysettings.xml","chan":"stdout","logger":"task"}
{"timestamp":"2025-05-12T00:59:42.091031Z","level":"error","event":"Ivy Default Cache set to: /home/airflow/.ivy2/cache","chan":"stderr","logger":"task"}
{"timestamp":"2025-05-12T00:59:42.093460Z","level":"error","event":"The jars for the packages stored in: /home/airflow/.ivy2/jars","chan":"stderr","logger":"task"}
{"timestamp":"2025-05-12T00:59:42.108393Z","level":"error","event":"org.mongodb.spark#mongo-spark-connector_2.12 added as a dependency","chan":"stderr","logger":"task"}
{"timestamp":"2025-05-12T00:59:42.113018Z","level":"error","event":":: resolving dependencies :: org.apache.spark#spark-submit-parent-4c39a715-627d-4662-bb24-782772bdb421;1.0","chan":"stderr","logger":"task"}
{"timestamp":"2025-05-12T00:59:42.114021Z","level":"error","event":"\tconfs: [default]","chan":"stderr","logger":"task"}
{"timestamp":"2025-05-12T00:59:44.479034Z","level":"error","event":"\tfound org.mongodb.spark#mongo-spark-connector_2.12;3.0.1 in central","chan":"stderr","logger":"task"}
{"timestamp":"2025-05-12T00:59:44.918643Z","level":"error","event":"\tfound org.mongodb#mongodb-driver-sync;4.0.5 in central","chan":"stderr","logger":"task"}
{"timestamp":"2025-05-12T00:59:45.404033Z","level":"error","event":"\tfound org.mongodb#bson;4.0.5 in central","chan":"stderr","logger":"task"}
{"timestamp":"2025-05-12T00:59:45.848714Z","level":"error","event":"\tfound org.mongodb#mongodb-driver-core;4.0.5 in central","chan":"stderr","logger":"task"}
{"timestamp":"2025-05-12T00:59:46.053132Z","level":"error","event":"downloading https://repo1.maven.org/maven2/org/mongodb/spark/mongo-spark-connector_2.12/3.0.1/mongo-spark-connector_2.12-3.0.1.jar ...","chan":"stderr","logger":"task"}
{"timestamp":"2025-05-12T00:59:46.917576Z","level":"error","event":"\t[SUCCESSFUL ] org.mongodb.spark#mongo-spark-connector_2.12;3.0.1!mongo-spark-connector_2.12.jar (1038ms)","chan":"stderr","logger":"task"}
{"timestamp":"2025-05-12T00:59:47.097286Z","level":"error","event":"downloading https://repo1.maven.org/maven2/org/mongodb/mongodb-driver-sync/4.0.5/mongodb-driver-sync-4.0.5.jar ...","chan":"stderr","logger":"task"}
{"timestamp":"2025-05-12T00:59:47.318995Z","level":"error","event":"\t[SUCCESSFUL ] org.mongodb#mongodb-driver-sync;4.0.5!mongodb-driver-sync.jar (389ms)","chan":"stderr","logger":"task"}
{"timestamp":"2025-05-12T00:59:47.498935Z","level":"error","event":"downloading https://repo1.maven.org/maven2/org/mongodb/bson/4.0.5/bson-4.0.5.jar ...","chan":"stderr","logger":"task"}
{"timestamp":"2025-05-12T00:59:48.100558Z","level":"error","event":"\t[SUCCESSFUL ] org.mongodb#bson;4.0.5!bson.jar (772ms)","chan":"stderr","logger":"task"}
{"timestamp":"2025-05-12T00:59:48.279694Z","level":"error","event":"downloading https://repo1.maven.org/maven2/org/mongodb/mongodb-driver-core/4.0.5/mongodb-driver-core-4.0.5.jar ...","chan":"stderr","logger":"task"}
{"timestamp":"2025-05-12T00:59:49.314529Z","level":"error","event":":: resolution report :: resolve 3762ms :: artifacts dl 3440ms","chan":"stderr","logger":"task"}
{"timestamp":"2025-05-12T00:59:49.315626Z","level":"error","event":"\t:: modules in use:","chan":"stderr","logger":"task"}
{"timestamp":"2025-05-12T00:59:49.316589Z","level":"error","event":"\torg.mongodb#bson;4.0.5 from central in [default]","chan":"stderr","logger":"task"}
{"timestamp":"2025-05-12T00:59:49.317592Z","level":"error","event":"\torg.mongodb#mongodb-driver-core;4.0.5 from central in [default]","chan":"stderr","logger":"task"}
{"timestamp":"2025-05-12T00:59:49.318602Z","level":"error","event":"\torg.mongodb#mongodb-driver-sync;4.0.5 from central in [default]","chan":"stderr","logger":"task"}
{"timestamp":"2025-05-12T00:59:49.319533Z","level":"error","event":"\torg.mongodb.spark#mongo-spark-connector_2.12;3.0.1 from central in [default]","chan":"stderr","logger":"task"}
{"timestamp":"2025-05-12T00:59:49.320291Z","level":"error","event":"\t---------------------------------------------------------------------","chan":"stderr","logger":"task"}
{"timestamp":"2025-05-12T00:59:49.321092Z","level":"error","event":"\t|                  |            modules            ||   artifacts   |","chan":"stderr","logger":"task"}
{"timestamp":"2025-05-12T00:59:49.322000Z","level":"error","event":"\t|       conf       | number| search|dwnlded|evicted|| number|dwnlded|","chan":"stderr","logger":"task"}
{"timestamp":"2025-05-12T00:59:49.322774Z","level":"error","event":"\t---------------------------------------------------------------------","chan":"stderr","logger":"task"}
{"timestamp":"2025-05-12T00:59:49.323723Z","level":"error","event":"\t|      default     |   4   |   4   |   4   |   0   ||   4   |   3   |","chan":"stderr","logger":"task"}
{"timestamp":"2025-05-12T00:59:49.324502Z","level":"error","event":"\t---------------------------------------------------------------------","chan":"stderr","logger":"task"}
{"timestamp":"2025-05-12T00:59:49.330075Z","level":"error","event":"","chan":"stderr","logger":"task"}
{"timestamp":"2025-05-12T00:59:49.331201Z","level":"error","event":":: problems summary ::","chan":"stderr","logger":"task"}
{"timestamp":"2025-05-12T00:59:49.332903Z","level":"error","event":":::: WARNINGS","chan":"stderr","logger":"task"}
{"timestamp":"2025-05-12T00:59:49.336096Z","level":"error","event":"\t\t[FAILED     ] org.mongodb#mongodb-driver-core;4.0.5!mongodb-driver-core.jar: Downloaded file size (0) doesn't match expected Content Length (1613403) for https://repo1.maven.org/maven2/org/mongodb/mongodb-driver-core/4.0.5/mongodb-driver-core-4.0.5.jar. Please retry. (1205ms)","chan":"stderr","logger":"task"}
{"timestamp":"2025-05-12T00:59:49.337450Z","level":"error","event":"","chan":"stderr","logger":"task"}
{"timestamp":"2025-05-12T00:59:49.338855Z","level":"error","event":"\t\t[FAILED     ] org.mongodb#mongodb-driver-core;4.0.5!mongodb-driver-core.jar: Downloaded file size (0) doesn't match expected Content Length (1613403) for https://repo1.maven.org/maven2/org/mongodb/mongodb-driver-core/4.0.5/mongodb-driver-core-4.0.5.jar. Please retry. (1205ms)","chan":"stderr","logger":"task"}
{"timestamp":"2025-05-12T00:59:49.339971Z","level":"error","event":"","chan":"stderr","logger":"task"}
{"timestamp":"2025-05-12T00:59:49.341432Z","level":"error","event":"\t==== central: tried","chan":"stderr","logger":"task"}
{"timestamp":"2025-05-12T00:59:49.342052Z","level":"error","event":"","chan":"stderr","logger":"task"}
{"timestamp":"2025-05-12T00:59:49.342923Z","level":"error","event":"\t  https://repo1.maven.org/maven2/org/mongodb/mongodb-driver-core/4.0.5/mongodb-driver-core-4.0.5.jar","chan":"stderr","logger":"task"}
{"timestamp":"2025-05-12T00:59:49.343642Z","level":"error","event":"","chan":"stderr","logger":"task"}
{"timestamp":"2025-05-12T00:59:49.345809Z","level":"error","event":"\t\t::::::::::::::::::::::::::::::::::::::::::::::","chan":"stderr","logger":"task"}
{"timestamp":"2025-05-12T00:59:49.355048Z","level":"error","event":"","chan":"stderr","logger":"task"}
{"timestamp":"2025-05-12T00:59:49.355745Z","level":"error","event":"\t\t::              FAILED DOWNLOADS            ::","chan":"stderr","logger":"task"}
{"timestamp":"2025-05-12T00:59:49.356763Z","level":"error","event":"","chan":"stderr","logger":"task"}
{"timestamp":"2025-05-12T00:59:49.357881Z","level":"error","event":"\t\t:: ^ see resolution messages for details  ^ ::","chan":"stderr","logger":"task"}
{"timestamp":"2025-05-12T00:59:49.358921Z","level":"error","event":"","chan":"stderr","logger":"task"}
{"timestamp":"2025-05-12T00:59:49.359668Z","level":"error","event":"\t\t::::::::::::::::::::::::::::::::::::::::::::::","chan":"stderr","logger":"task"}
{"timestamp":"2025-05-12T00:59:49.360762Z","level":"error","event":"","chan":"stderr","logger":"task"}
{"timestamp":"2025-05-12T00:59:49.361527Z","level":"error","event":"\t\t:: org.mongodb#mongodb-driver-core;4.0.5!mongodb-driver-core.jar","chan":"stderr","logger":"task"}
{"timestamp":"2025-05-12T00:59:49.362214Z","level":"error","event":"","chan":"stderr","logger":"task"}
{"timestamp":"2025-05-12T00:59:49.363234Z","level":"error","event":"\t\t::::::::::::::::::::::::::::::::::::::::::::::","chan":"stderr","logger":"task"}
{"timestamp":"2025-05-12T00:59:49.379639Z","level":"error","event":"","chan":"stderr","logger":"task"}
{"timestamp":"2025-05-12T00:59:49.394002Z","level":"error","event":"","chan":"stderr","logger":"task"}
{"timestamp":"2025-05-12T00:59:49.400436Z","level":"error","event":"","chan":"stderr","logger":"task"}
{"timestamp":"2025-05-12T00:59:49.403836Z","level":"error","event":":: USE VERBOSE OR DEBUG MESSAGE LEVEL FOR MORE DETAILS","chan":"stderr","logger":"task"}
{"timestamp":"2025-05-12T00:59:49.413832Z","level":"error","event":"Exception in thread \"main\" java.lang.RuntimeException: [download failed: org.mongodb#mongodb-driver-core;4.0.5!mongodb-driver-core.jar]","chan":"stderr","logger":"task"}
{"timestamp":"2025-05-12T00:59:49.421148Z","level":"error","event":"\tat org.apache.spark.deploy.SparkSubmitUtils$.resolveMavenCoordinates(SparkSubmit.scala:1613)","chan":"stderr","logger":"task"}
{"timestamp":"2025-05-12T00:59:49.422395Z","level":"error","event":"\tat org.apache.spark.util.DependencyUtils$.resolveMavenDependencies(DependencyUtils.scala:185)","chan":"stderr","logger":"task"}
{"timestamp":"2025-05-12T00:59:49.425730Z","level":"error","event":"\tat org.apache.spark.deploy.SparkSubmit.prepareSubmitEnvironment(SparkSubmit.scala:339)","chan":"stderr","logger":"task"}
{"timestamp":"2025-05-12T00:59:49.427408Z","level":"error","event":"\tat org.apache.spark.deploy.SparkSubmit.org$apache$spark$deploy$SparkSubmit$$runMain(SparkSubmit.scala:969)","chan":"stderr","logger":"task"}
{"timestamp":"2025-05-12T00:59:49.428963Z","level":"error","event":"\tat org.apache.spark.deploy.SparkSubmit.doRunMain$1(SparkSubmit.scala:199)","chan":"stderr","logger":"task"}
{"timestamp":"2025-05-12T00:59:49.429732Z","level":"error","event":"\tat org.apache.spark.deploy.SparkSubmit.submit(SparkSubmit.scala:222)","chan":"stderr","logger":"task"}
{"timestamp":"2025-05-12T00:59:49.430979Z","level":"error","event":"\tat org.apache.spark.deploy.SparkSubmit.doSubmit(SparkSubmit.scala:91)","chan":"stderr","logger":"task"}
{"timestamp":"2025-05-12T00:59:49.434152Z","level":"error","event":"\tat org.apache.spark.deploy.SparkSubmit$$anon$2.doSubmit(SparkSubmit.scala:1125)","chan":"stderr","logger":"task"}
{"timestamp":"2025-05-12T00:59:49.442348Z","level":"error","event":"\tat org.apache.spark.deploy.SparkSubmit$.main(SparkSubmit.scala:1134)","chan":"stderr","logger":"task"}
{"timestamp":"2025-05-12T00:59:49.445579Z","level":"error","event":"\tat org.apache.spark.deploy.SparkSubmit.main(SparkSubmit.scala)","chan":"stderr","logger":"task"}
{"timestamp":"2025-05-12T00:59:49.449722Z","level":"error","event":"Traceback (most recent call last):","chan":"stderr","logger":"task"}
{"timestamp":"2025-05-12T00:59:49.452053Z","level":"error","event":"  File \"/opt/airflow/dags/jobs/YFinance.py\", line 22, in <module>","chan":"stderr","logger":"task"}
{"timestamp":"2025-05-12T00:59:49.452859Z","level":"error","event":"    .getOrCreate()","chan":"stderr","logger":"task"}
{"timestamp":"2025-05-12T00:59:49.453658Z","level":"error","event":"     ^^^^^^^^^^^^^","chan":"stderr","logger":"task"}
{"timestamp":"2025-05-12T00:59:49.454487Z","level":"error","event":"  File \"/home/airflow/.local/lib/python3.12/site-packages/pyspark/sql/session.py\", line 497, in getOrCreate","chan":"stderr","logger":"task"}
{"timestamp":"2025-05-12T00:59:49.456513Z","level":"error","event":"    sc = SparkContext.getOrCreate(sparkConf)","chan":"stderr","logger":"task"}
{"timestamp":"2025-05-12T00:59:49.463502Z","level":"error","event":"         ^^^^^^^^^^^^^^^^^^^^^^^^^^^^^^^^^^^","chan":"stderr","logger":"task"}
{"timestamp":"2025-05-12T00:59:49.466753Z","level":"error","event":"  File \"/home/airflow/.local/lib/python3.12/site-packages/pyspark/context.py\", line 515, in getOrCreate","chan":"stderr","logger":"task"}
{"timestamp":"2025-05-12T00:59:49.470347Z","level":"error","event":"    SparkContext(conf=conf or SparkConf())","chan":"stderr","logger":"task"}
{"timestamp":"2025-05-12T00:59:49.475832Z","level":"error","event":"  File \"/home/airflow/.local/lib/python3.12/site-packages/pyspark/context.py\", line 201, in __init__","chan":"stderr","logger":"task"}
{"timestamp":"2025-05-12T00:59:49.479359Z","level":"error","event":"    SparkContext._ensure_initialized(self, gateway=gateway, conf=conf)","chan":"stderr","logger":"task"}
{"timestamp":"2025-05-12T00:59:49.486054Z","level":"error","event":"  File \"/home/airflow/.local/lib/python3.12/site-packages/pyspark/context.py\", line 436, in _ensure_initialized","chan":"stderr","logger":"task"}
{"timestamp":"2025-05-12T00:59:49.488316Z","level":"error","event":"    SparkContext._gateway = gateway or launch_gateway(conf)","chan":"stderr","logger":"task"}
{"timestamp":"2025-05-12T00:59:49.489572Z","level":"error","event":"                                       ^^^^^^^^^^^^^^^^^^^^","chan":"stderr","logger":"task"}
{"timestamp":"2025-05-12T00:59:49.492051Z","level":"error","event":"  File \"/home/airflow/.local/lib/python3.12/site-packages/pyspark/java_gateway.py\", line 107, in launch_gateway","chan":"stderr","logger":"task"}
{"timestamp":"2025-05-12T00:59:49.492918Z","level":"error","event":"    raise PySparkRuntimeError(","chan":"stderr","logger":"task"}
{"timestamp":"2025-05-12T00:59:49.494203Z","level":"error","event":"pyspark.errors.exceptions.base.PySparkRuntimeError: [JAVA_GATEWAY_EXITED] Java gateway process exited before sending its port number.","chan":"stderr","logger":"task"}
{"timestamp":"2025-05-12T00:59:50.663301","level":"error","event":"Task failed with exception","logger":"task","error_detail":[{"exc_type":"CalledProcessError","exc_value":"Command '['python', 'dags/jobs/YFinance.py']' returned non-zero exit status 1.","exc_notes":[],"syntax_error":null,"is_cause":false,"frames":[{"filename":"/home/airflow/.local/lib/python3.12/site-packages/airflow/sdk/execution_time/task_runner.py","lineno":825,"name":"run"},{"filename":"/home/airflow/.local/lib/python3.12/site-packages/airflow/sdk/execution_time/task_runner.py","lineno":1088,"name":"_execute_task"},{"filename":"/home/airflow/.local/lib/python3.12/site-packages/airflow/sdk/bases/operator.py","lineno":408,"name":"wrapper"},{"filename":"/home/airflow/.local/lib/python3.12/site-packages/airflow/providers/standard/operators/python.py","lineno":212,"name":"execute"},{"filename":"/home/airflow/.local/lib/python3.12/site-packages/airflow/providers/standard/operators/python.py","lineno":235,"name":"execute_callable"},{"filename":"/home/airflow/.local/lib/python3.12/site-packages/airflow/sdk/execution_time/callback_runner.py","lineno":81,"name":"run"},{"filename":"/opt/airflow/dags/yfinance_DAG.py","lineno":14,"name":"<lambda>"},{"filename":"/usr/local/lib/python3.12/subprocess.py","lineno":571,"name":"run"}]}]}
