{"timestamp":"2025-05-12T02:34:38.312935","level":"info","event":"Filling up the DagBag from /opt/airflow/dags/jobs/YFinance/_scrap.py","logger":"airflow.models.dagbag.DagBag"}
{"timestamp":"2025-05-12T02:34:40.004377Z","level":"info","event":"Mengambil data saham AADI.JK dari yfinance...","chan":"stdout","logger":"processor"}
{"timestamp":"2025-05-12T02:34:40.445835Z","level":"info","event":"Data saham AADI.JK berhasil disimpan ke MongoDB!","chan":"stdout","logger":"processor"}
{"timestamp":"2025-05-12T02:34:41.446064Z","level":"info","event":"Mengambil data saham AALI.JK dari yfinance...","chan":"stdout","logger":"processor"}
{"timestamp":"2025-05-12T02:34:41.584679Z","level":"info","event":"Data saham AALI.JK berhasil disimpan ke MongoDB!","chan":"stdout","logger":"processor"}
{"timestamp":"2025-05-12T02:34:42.584880Z","level":"info","event":"Mengambil data saham ABBA.JK dari yfinance...","chan":"stdout","logger":"processor"}
{"timestamp":"2025-05-12T02:34:42.658280Z","level":"info","event":"Data saham ABBA.JK berhasil disimpan ke MongoDB!","chan":"stdout","logger":"processor"}
{"timestamp":"2025-05-12T02:34:43.658549Z","level":"info","event":"Mengambil data saham ABDA.JK dari yfinance...","chan":"stdout","logger":"processor"}
{"timestamp":"2025-05-12T02:34:43.753059Z","level":"info","event":"Data saham ABDA.JK berhasil disimpan ke MongoDB!","chan":"stdout","logger":"processor"}
{"timestamp":"2025-05-12T02:34:44.753330Z","level":"info","event":"Mengambil data saham ABMM.JK dari yfinance...","chan":"stdout","logger":"processor"}
{"timestamp":"2025-05-12T02:34:44.847682Z","level":"info","event":"Data saham ABMM.JK berhasil disimpan ke MongoDB!","chan":"stdout","logger":"processor"}
{"timestamp":"2025-05-12T02:34:45.848048Z","level":"info","event":"Semua data saham selesai diproses!","chan":"stdout","logger":"processor"}
{"timestamp":"2025-05-12T02:34:59.371697","level":"info","event":"Filling up the DagBag from /opt/airflow/dags/jobs/YFinance/_scrap.py","logger":"airflow.models.dagbag.DagBag"}
{"timestamp":"2025-05-12T02:35:00.961066Z","level":"error","event":"usage: airflow [-h] --tickers TICKERS","chan":"stderr","logger":"processor"}
{"timestamp":"2025-05-12T02:35:00.990843Z","level":"error","event":"airflow: error: the following arguments are required: --tickers","chan":"stderr","logger":"processor"}
{"timestamp":"2025-05-12T02:35:00.962459","level":"error","event":"Failed to import: /opt/airflow/dags/jobs/YFinance/_scrap.py","logger":"airflow.models.dagbag.DagBag","error_detail":[{"exc_type":"SystemExit","exc_value":"2","exc_notes":[],"syntax_error":null,"is_cause":false,"frames":[{"filename":"/home/airflow/.local/lib/python3.12/site-packages/airflow/models/dagbag.py","lineno":384,"name":"parse"},{"filename":"<frozen importlib._bootstrap_external>","lineno":999,"name":"exec_module"},{"filename":"<frozen importlib._bootstrap>","lineno":488,"name":"_call_with_frames_removed"},{"filename":"/opt/airflow/dags/jobs/YFinance/_scrap.py","lineno":22,"name":"<module>"},{"filename":"/usr/local/lib/python3.12/argparse.py","lineno":1904,"name":"parse_args"},{"filename":"/usr/local/lib/python3.12/argparse.py","lineno":1914,"name":"parse_known_args"},{"filename":"/usr/local/lib/python3.12/argparse.py","lineno":1945,"name":"_parse_known_args2"},{"filename":"/usr/local/lib/python3.12/argparse.py","lineno":2650,"name":"error"},{"filename":"/usr/local/lib/python3.12/argparse.py","lineno":2637,"name":"exit"}]},{"exc_type":"ArgumentError","exc_value":"the following arguments are required: --tickers","exc_notes":[],"syntax_error":null,"is_cause":false,"frames":[{"filename":"/usr/local/lib/python3.12/argparse.py","lineno":1943,"name":"_parse_known_args2"},{"filename":"/usr/local/lib/python3.12/argparse.py","lineno":2230,"name":"_parse_known_args"}]}]}
{"timestamp":"2025-05-12T02:35:14.746247","level":"info","event":"Filling up the DagBag from /opt/airflow/dags/jobs/YFinance/_scrap.py","logger":"airflow.models.dagbag.DagBag"}
{"timestamp":"2025-05-12T02:35:16.427419Z","level":"info","event":"Mengambil data saham AADI.JK dari yfinance...","chan":"stdout","logger":"processor"}
{"timestamp":"2025-05-12T02:35:16.906771Z","level":"info","event":"Data saham AADI.JK berhasil disimpan ke MongoDB!","chan":"stdout","logger":"processor"}
{"timestamp":"2025-05-12T02:35:17.906952Z","level":"info","event":"Mengambil data saham AALI.JK dari yfinance...","chan":"stdout","logger":"processor"}
{"timestamp":"2025-05-12T02:35:18.015798Z","level":"info","event":"Data saham AALI.JK berhasil disimpan ke MongoDB!","chan":"stdout","logger":"processor"}
{"timestamp":"2025-05-12T02:35:19.015839Z","level":"info","event":"Mengambil data saham ABBA.JK dari yfinance...","chan":"stdout","logger":"processor"}
{"timestamp":"2025-05-12T02:35:19.099280Z","level":"info","event":"Data saham ABBA.JK berhasil disimpan ke MongoDB!","chan":"stdout","logger":"processor"}
{"timestamp":"2025-05-12T02:35:20.099403Z","level":"info","event":"Mengambil data saham ABDA.JK dari yfinance...","chan":"stdout","logger":"processor"}
{"timestamp":"2025-05-12T02:35:20.212812Z","level":"info","event":"Data saham ABDA.JK berhasil disimpan ke MongoDB!","chan":"stdout","logger":"processor"}
{"timestamp":"2025-05-12T02:35:21.213020Z","level":"info","event":"Mengambil data saham ABMM.JK dari yfinance...","chan":"stdout","logger":"processor"}
{"timestamp":"2025-05-12T02:35:21.300539Z","level":"info","event":"Data saham ABMM.JK berhasil disimpan ke MongoDB!","chan":"stdout","logger":"processor"}
{"timestamp":"2025-05-12T02:35:22.300638Z","level":"info","event":"Semua data saham selesai diproses!","chan":"stdout","logger":"processor"}
{"timestamp":"2025-05-12T02:35:53.160479","level":"info","event":"Filling up the DagBag from /opt/airflow/dags/jobs/YFinance/_scrap.py","logger":"airflow.models.dagbag.DagBag"}
{"timestamp":"2025-05-12T02:35:57.057800Z","level":"info","event":"Mengambil data saham AADI.JK dari yfinance...","chan":"stdout","logger":"processor"}
{"timestamp":"2025-05-12T02:35:57.803976Z","level":"info","event":"Data saham AADI.JK berhasil disimpan ke MongoDB!","chan":"stdout","logger":"processor"}
{"timestamp":"2025-05-12T02:35:58.804166Z","level":"info","event":"Mengambil data saham AALI.JK dari yfinance...","chan":"stdout","logger":"processor"}
{"timestamp":"2025-05-12T02:35:58.923225Z","level":"info","event":"Data saham AALI.JK berhasil disimpan ke MongoDB!","chan":"stdout","logger":"processor"}
{"timestamp":"2025-05-12T02:35:59.923454Z","level":"info","event":"Mengambil data saham ABBA.JK dari yfinance...","chan":"stdout","logger":"processor"}
{"timestamp":"2025-05-12T02:36:00.049025Z","level":"info","event":"Data saham ABBA.JK berhasil disimpan ke MongoDB!","chan":"stdout","logger":"processor"}
{"timestamp":"2025-05-12T02:36:01.078341Z","level":"info","event":"Mengambil data saham ABDA.JK dari yfinance...","chan":"stdout","logger":"processor"}
{"timestamp":"2025-05-12T02:36:01.175462Z","level":"info","event":"Data saham ABDA.JK berhasil disimpan ke MongoDB!","chan":"stdout","logger":"processor"}
{"timestamp":"2025-05-12T02:36:02.175630Z","level":"info","event":"Mengambil data saham ABMM.JK dari yfinance...","chan":"stdout","logger":"processor"}
{"timestamp":"2025-05-12T02:36:02.306983Z","level":"info","event":"Data saham ABMM.JK berhasil disimpan ke MongoDB!","chan":"stdout","logger":"processor"}
{"timestamp":"2025-05-12T02:36:03.289289Z","level":"info","event":"Semua data saham selesai diproses!","chan":"stdout","logger":"processor"}
{"timestamp":"2025-05-12T02:36:34.203461","level":"info","event":"Filling up the DagBag from /opt/airflow/dags/jobs/YFinance/_scrap.py","logger":"airflow.models.dagbag.DagBag"}
{"timestamp":"2025-05-12T02:36:36.126940Z","level":"info","event":"Mengambil data saham AADI.JK dari yfinance...","chan":"stdout","logger":"processor"}
{"timestamp":"2025-05-12T02:36:36.530323Z","level":"info","event":"Data saham AADI.JK berhasil disimpan ke MongoDB!","chan":"stdout","logger":"processor"}
{"timestamp":"2025-05-12T02:36:37.530508Z","level":"info","event":"Mengambil data saham AALI.JK dari yfinance...","chan":"stdout","logger":"processor"}
{"timestamp":"2025-05-12T02:36:37.655006Z","level":"info","event":"Data saham AALI.JK berhasil disimpan ke MongoDB!","chan":"stdout","logger":"processor"}
{"timestamp":"2025-05-12T02:36:38.655168Z","level":"info","event":"Mengambil data saham ABBA.JK dari yfinance...","chan":"stdout","logger":"processor"}
{"timestamp":"2025-05-12T02:36:38.749984Z","level":"info","event":"Data saham ABBA.JK berhasil disimpan ke MongoDB!","chan":"stdout","logger":"processor"}
{"timestamp":"2025-05-12T02:36:39.750029Z","level":"info","event":"Mengambil data saham ABDA.JK dari yfinance...","chan":"stdout","logger":"processor"}
{"timestamp":"2025-05-12T02:36:39.898757Z","level":"info","event":"Data saham ABDA.JK berhasil disimpan ke MongoDB!","chan":"stdout","logger":"processor"}
{"timestamp":"2025-05-12T02:36:43.035833Z","level":"info","event":"Mengambil data saham ABMM.JK dari yfinance...","chan":"stdout","logger":"processor"}
{"timestamp":"2025-05-12T02:36:43.140385Z","level":"info","event":"Data saham ABMM.JK berhasil disimpan ke MongoDB!","chan":"stdout","logger":"processor"}
{"timestamp":"2025-05-12T02:36:44.140836Z","level":"info","event":"Semua data saham selesai diproses!","chan":"stdout","logger":"processor"}
{"timestamp":"2025-05-12T02:37:07.241833","level":"info","event":"Filling up the DagBag from /opt/airflow/dags/jobs/YFinance/_scrap.py","logger":"airflow.models.dagbag.DagBag"}
{"timestamp":"2025-05-12T02:37:08.841015Z","level":"info","event":"Mengambil data saham AADI.JK dari yfinance...","chan":"stdout","logger":"processor"}
{"timestamp":"2025-05-12T02:37:09.684968Z","level":"info","event":"Data saham AADI.JK berhasil disimpan ke MongoDB!","chan":"stdout","logger":"processor"}
{"timestamp":"2025-05-12T02:37:10.685144Z","level":"info","event":"Mengambil data saham AALI.JK dari yfinance...","chan":"stdout","logger":"processor"}
{"timestamp":"2025-05-12T02:37:10.795850Z","level":"info","event":"Data saham AALI.JK berhasil disimpan ke MongoDB!","chan":"stdout","logger":"processor"}
{"timestamp":"2025-05-12T02:37:11.796115Z","level":"info","event":"Mengambil data saham ABBA.JK dari yfinance...","chan":"stdout","logger":"processor"}
{"timestamp":"2025-05-12T02:37:11.913209Z","level":"info","event":"Data saham ABBA.JK berhasil disimpan ke MongoDB!","chan":"stdout","logger":"processor"}
{"timestamp":"2025-05-12T02:37:15.034410Z","level":"info","event":"Mengambil data saham ABDA.JK dari yfinance...","chan":"stdout","logger":"processor"}
{"timestamp":"2025-05-12T02:37:15.175937Z","level":"info","event":"Data saham ABDA.JK berhasil disimpan ke MongoDB!","chan":"stdout","logger":"processor"}
{"timestamp":"2025-05-12T02:37:16.176027Z","level":"info","event":"Mengambil data saham ABMM.JK dari yfinance...","chan":"stdout","logger":"processor"}
{"timestamp":"2025-05-12T02:37:16.305050Z","level":"info","event":"Data saham ABMM.JK berhasil disimpan ke MongoDB!","chan":"stdout","logger":"processor"}
{"timestamp":"2025-05-12T02:37:17.305295Z","level":"info","event":"Semua data saham selesai diproses!","chan":"stdout","logger":"processor"}
{"timestamp":"2025-05-12T02:37:34.429366","level":"info","event":"Filling up the DagBag from /opt/airflow/dags/jobs/YFinance/_scrap.py","logger":"airflow.models.dagbag.DagBag"}
{"timestamp":"2025-05-12T02:37:36.347270Z","level":"error","event":"usage: airflow [-h] [--interval INTERVAL]","chan":"stderr","logger":"processor"}
{"timestamp":"2025-05-12T02:37:36.347996Z","level":"error","event":"airflow: error: unrecognized arguments: dag-processor","chan":"stderr","logger":"processor"}
{"timestamp":"2025-05-12T02:37:36.341656","level":"error","event":"Failed to import: /opt/airflow/dags/jobs/YFinance/_scrap.py","logger":"airflow.models.dagbag.DagBag","error_detail":[{"exc_type":"SystemExit","exc_value":"2","exc_notes":[],"syntax_error":null,"is_cause":false,"frames":[{"filename":"/home/airflow/.local/lib/python3.12/site-packages/airflow/models/dagbag.py","lineno":384,"name":"parse"},{"filename":"<frozen importlib._bootstrap_external>","lineno":999,"name":"exec_module"},{"filename":"<frozen importlib._bootstrap>","lineno":488,"name":"_call_with_frames_removed"},{"filename":"/opt/airflow/dags/jobs/YFinance/_scrap.py","lineno":15,"name":"<module>"},{"filename":"/usr/local/lib/python3.12/argparse.py","lineno":1908,"name":"parse_args"},{"filename":"/usr/local/lib/python3.12/argparse.py","lineno":2650,"name":"error"},{"filename":"/usr/local/lib/python3.12/argparse.py","lineno":2637,"name":"exit"}]}]}
{"timestamp":"2025-05-12T02:37:58.270968","level":"info","event":"Filling up the DagBag from /opt/airflow/dags/jobs/YFinance/_scrap.py","logger":"airflow.models.dagbag.DagBag"}
{"timestamp":"2025-05-12T02:38:00.730545Z","level":"error","event":"usage: airflow [-h] [--interval INTERVAL]","chan":"stderr","logger":"processor"}
{"timestamp":"2025-05-12T02:38:00.730945Z","level":"error","event":"airflow: error: unrecognized arguments: dag-processor","chan":"stderr","logger":"processor"}
{"timestamp":"2025-05-12T02:38:00.731112","level":"error","event":"Failed to import: /opt/airflow/dags/jobs/YFinance/_scrap.py","logger":"airflow.models.dagbag.DagBag","error_detail":[{"exc_type":"SystemExit","exc_value":"2","exc_notes":[],"syntax_error":null,"is_cause":false,"frames":[{"filename":"/home/airflow/.local/lib/python3.12/site-packages/airflow/models/dagbag.py","lineno":384,"name":"parse"},{"filename":"<frozen importlib._bootstrap_external>","lineno":999,"name":"exec_module"},{"filename":"<frozen importlib._bootstrap>","lineno":488,"name":"_call_with_frames_removed"},{"filename":"/opt/airflow/dags/jobs/YFinance/_scrap.py","lineno":15,"name":"<module>"},{"filename":"/usr/local/lib/python3.12/argparse.py","lineno":1908,"name":"parse_args"},{"filename":"/usr/local/lib/python3.12/argparse.py","lineno":2650,"name":"error"},{"filename":"/usr/local/lib/python3.12/argparse.py","lineno":2637,"name":"exit"}]}]}
{"timestamp":"2025-05-12T02:38:01.941729","level":"info","event":"Filling up the DagBag from /opt/airflow/dags/jobs/YFinance/_scrap.py","logger":"airflow.models.dagbag.DagBag"}
{"timestamp":"2025-05-12T02:38:03.987865Z","level":"error","event":"usage: airflow [-h] [--interval INTERVAL]","chan":"stderr","logger":"processor"}
{"timestamp":"2025-05-12T02:38:04.021055Z","level":"error","event":"airflow: error: unrecognized arguments: dag-processor","chan":"stderr","logger":"processor"}
{"timestamp":"2025-05-12T02:38:03.988788","level":"error","event":"Failed to import: /opt/airflow/dags/jobs/YFinance/_scrap.py","logger":"airflow.models.dagbag.DagBag","error_detail":[{"exc_type":"SystemExit","exc_value":"2","exc_notes":[],"syntax_error":null,"is_cause":false,"frames":[{"filename":"/home/airflow/.local/lib/python3.12/site-packages/airflow/models/dagbag.py","lineno":384,"name":"parse"},{"filename":"<frozen importlib._bootstrap_external>","lineno":999,"name":"exec_module"},{"filename":"<frozen importlib._bootstrap>","lineno":488,"name":"_call_with_frames_removed"},{"filename":"/opt/airflow/dags/jobs/YFinance/_scrap.py","lineno":15,"name":"<module>"},{"filename":"/usr/local/lib/python3.12/argparse.py","lineno":1908,"name":"parse_args"},{"filename":"/usr/local/lib/python3.12/argparse.py","lineno":2650,"name":"error"},{"filename":"/usr/local/lib/python3.12/argparse.py","lineno":2637,"name":"exit"}]}]}
{"timestamp":"2025-05-12T02:38:05.220031","level":"info","event":"Filling up the DagBag from /opt/airflow/dags/jobs/YFinance/_scrap.py","logger":"airflow.models.dagbag.DagBag"}
{"timestamp":"2025-05-12T02:38:06.963236Z","level":"error","event":"usage: airflow [-h] [--interval INTERVAL]","chan":"stderr","logger":"processor"}
{"timestamp":"2025-05-12T02:38:06.963700Z","level":"error","event":"airflow: error: unrecognized arguments: dag-processor","chan":"stderr","logger":"processor"}
{"timestamp":"2025-05-12T02:38:06.963903","level":"error","event":"Failed to import: /opt/airflow/dags/jobs/YFinance/_scrap.py","logger":"airflow.models.dagbag.DagBag","error_detail":[{"exc_type":"SystemExit","exc_value":"2","exc_notes":[],"syntax_error":null,"is_cause":false,"frames":[{"filename":"/home/airflow/.local/lib/python3.12/site-packages/airflow/models/dagbag.py","lineno":384,"name":"parse"},{"filename":"<frozen importlib._bootstrap_external>","lineno":999,"name":"exec_module"},{"filename":"<frozen importlib._bootstrap>","lineno":488,"name":"_call_with_frames_removed"},{"filename":"/opt/airflow/dags/jobs/YFinance/_scrap.py","lineno":15,"name":"<module>"},{"filename":"/usr/local/lib/python3.12/argparse.py","lineno":1908,"name":"parse_args"},{"filename":"/usr/local/lib/python3.12/argparse.py","lineno":2650,"name":"error"},{"filename":"/usr/local/lib/python3.12/argparse.py","lineno":2637,"name":"exit"}]}]}
{"timestamp":"2025-05-12T02:38:20.465787","level":"info","event":"Filling up the DagBag from /opt/airflow/dags/jobs/YFinance/_scrap.py","logger":"airflow.models.dagbag.DagBag"}
{"timestamp":"2025-05-12T02:38:20.484146","level":"error","event":"Failed to import: /opt/airflow/dags/jobs/YFinance/_scrap.py","logger":"airflow.models.dagbag.DagBag","error_detail":[{"exc_type":"SyntaxError","exc_value":"unterminated string literal (detected at line 34) (_scrap.py, line 34)","exc_notes":[],"syntax_error":{"offset":37,"filename":"/opt/airflow/dags/jobs/YFinance/_scrap.py","line":"        data = saham.history(period=\"","lineno":34,"msg":"unterminated string literal (detected at line 34)"},"is_cause":false,"frames":[{"filename":"/home/airflow/.local/lib/python3.12/site-packages/airflow/models/dagbag.py","lineno":384,"name":"parse"},{"filename":"<frozen importlib._bootstrap_external>","lineno":995,"name":"exec_module"},{"filename":"<frozen importlib._bootstrap_external>","lineno":1133,"name":"get_code"},{"filename":"<frozen importlib._bootstrap_external>","lineno":1063,"name":"source_to_code"},{"filename":"<frozen importlib._bootstrap>","lineno":488,"name":"_call_with_frames_removed"}]}]}
{"timestamp":"2025-05-12T02:38:33.324121","level":"info","event":"Filling up the DagBag from /opt/airflow/dags/jobs/YFinance/_scrap.py","logger":"airflow.models.dagbag.DagBag"}
{"timestamp":"2025-05-12T02:38:33.483604","level":"error","event":"Failed to import: /opt/airflow/dags/jobs/YFinance/_scrap.py","logger":"airflow.models.dagbag.DagBag","error_detail":[{"exc_type":"SyntaxError","exc_value":"'(' was never closed (_scrap.py, line 34)","exc_notes":[],"syntax_error":{"offset":29,"filename":"/opt/airflow/dags/jobs/YFinance/_scrap.py","line":"        data = saham.history(period=\n","lineno":34,"msg":"'(' was never closed"},"is_cause":false,"frames":[{"filename":"/home/airflow/.local/lib/python3.12/site-packages/airflow/models/dagbag.py","lineno":384,"name":"parse"},{"filename":"<frozen importlib._bootstrap_external>","lineno":995,"name":"exec_module"},{"filename":"<frozen importlib._bootstrap_external>","lineno":1133,"name":"get_code"},{"filename":"<frozen importlib._bootstrap_external>","lineno":1063,"name":"source_to_code"},{"filename":"<frozen importlib._bootstrap>","lineno":488,"name":"_call_with_frames_removed"}]}]}
{"timestamp":"2025-05-12T02:38:34.293040","level":"info","event":"Filling up the DagBag from /opt/airflow/dags/jobs/YFinance/_scrap.py","logger":"airflow.models.dagbag.DagBag"}
{"timestamp":"2025-05-12T02:38:36.941538Z","level":"error","event":"usage: airflow [-h] [--interval INTERVAL]","chan":"stderr","logger":"processor"}
{"timestamp":"2025-05-12T02:38:36.989860Z","level":"error","event":"airflow: error: unrecognized arguments: dag-processor","chan":"stderr","logger":"processor"}
{"timestamp":"2025-05-12T02:38:36.942746","level":"error","event":"Failed to import: /opt/airflow/dags/jobs/YFinance/_scrap.py","logger":"airflow.models.dagbag.DagBag","error_detail":[{"exc_type":"SystemExit","exc_value":"2","exc_notes":[],"syntax_error":null,"is_cause":false,"frames":[{"filename":"/home/airflow/.local/lib/python3.12/site-packages/airflow/models/dagbag.py","lineno":384,"name":"parse"},{"filename":"<frozen importlib._bootstrap_external>","lineno":999,"name":"exec_module"},{"filename":"<frozen importlib._bootstrap>","lineno":488,"name":"_call_with_frames_removed"},{"filename":"/opt/airflow/dags/jobs/YFinance/_scrap.py","lineno":15,"name":"<module>"},{"filename":"/usr/local/lib/python3.12/argparse.py","lineno":1908,"name":"parse_args"},{"filename":"/usr/local/lib/python3.12/argparse.py","lineno":2650,"name":"error"},{"filename":"/usr/local/lib/python3.12/argparse.py","lineno":2637,"name":"exit"}]}]}
{"timestamp":"2025-05-12T02:38:57.765057","level":"info","event":"Filling up the DagBag from /opt/airflow/dags/jobs/YFinance/_scrap.py","logger":"airflow.models.dagbag.DagBag"}
{"timestamp":"2025-05-12T02:38:59.091472Z","level":"error","event":"usage: airflow [-h] [--period PERIOD]","chan":"stderr","logger":"processor"}
{"timestamp":"2025-05-12T02:38:59.104785Z","level":"error","event":"airflow: error: unrecognized arguments: dag-processor","chan":"stderr","logger":"processor"}
{"timestamp":"2025-05-12T02:38:59.092472","level":"error","event":"Failed to import: /opt/airflow/dags/jobs/YFinance/_scrap.py","logger":"airflow.models.dagbag.DagBag","error_detail":[{"exc_type":"SystemExit","exc_value":"2","exc_notes":[],"syntax_error":null,"is_cause":false,"frames":[{"filename":"/home/airflow/.local/lib/python3.12/site-packages/airflow/models/dagbag.py","lineno":384,"name":"parse"},{"filename":"<frozen importlib._bootstrap_external>","lineno":999,"name":"exec_module"},{"filename":"<frozen importlib._bootstrap>","lineno":488,"name":"_call_with_frames_removed"},{"filename":"/opt/airflow/dags/jobs/YFinance/_scrap.py","lineno":15,"name":"<module>"},{"filename":"/usr/local/lib/python3.12/argparse.py","lineno":1908,"name":"parse_args"},{"filename":"/usr/local/lib/python3.12/argparse.py","lineno":2650,"name":"error"},{"filename":"/usr/local/lib/python3.12/argparse.py","lineno":2637,"name":"exit"}]}]}
{"timestamp":"2025-05-12T02:39:09.468800","level":"info","event":"Filling up the DagBag from /opt/airflow/dags/jobs/YFinance/_scrap.py","logger":"airflow.models.dagbag.DagBag"}
{"timestamp":"2025-05-12T02:39:10.979925Z","level":"error","event":"usage: airflow [-h] [--period PERIOD]","chan":"stderr","logger":"processor"}
{"timestamp":"2025-05-12T02:39:10.980512Z","level":"error","event":"airflow: error: unrecognized arguments: dag-processor","chan":"stderr","logger":"processor"}
{"timestamp":"2025-05-12T02:39:10.980845","level":"error","event":"Failed to import: /opt/airflow/dags/jobs/YFinance/_scrap.py","logger":"airflow.models.dagbag.DagBag","error_detail":[{"exc_type":"SystemExit","exc_value":"2","exc_notes":[],"syntax_error":null,"is_cause":false,"frames":[{"filename":"/home/airflow/.local/lib/python3.12/site-packages/airflow/models/dagbag.py","lineno":384,"name":"parse"},{"filename":"<frozen importlib._bootstrap_external>","lineno":999,"name":"exec_module"},{"filename":"<frozen importlib._bootstrap>","lineno":488,"name":"_call_with_frames_removed"},{"filename":"/opt/airflow/dags/jobs/YFinance/_scrap.py","lineno":15,"name":"<module>"},{"filename":"/usr/local/lib/python3.12/argparse.py","lineno":1908,"name":"parse_args"},{"filename":"/usr/local/lib/python3.12/argparse.py","lineno":2650,"name":"error"},{"filename":"/usr/local/lib/python3.12/argparse.py","lineno":2637,"name":"exit"}]}]}
{"timestamp":"2025-05-12T02:39:15.193819","level":"info","event":"Filling up the DagBag from /opt/airflow/dags/jobs/YFinance/_scrap.py","logger":"airflow.models.dagbag.DagBag"}
{"timestamp":"2025-05-12T02:39:16.668413Z","level":"error","event":"usage: airflow [-h] [--period PERIOD]","chan":"stderr","logger":"processor"}
{"timestamp":"2025-05-12T02:39:16.668931Z","level":"error","event":"airflow: error: unrecognized arguments: dag-processor","chan":"stderr","logger":"processor"}
{"timestamp":"2025-05-12T02:39:16.669143","level":"error","event":"Failed to import: /opt/airflow/dags/jobs/YFinance/_scrap.py","logger":"airflow.models.dagbag.DagBag","error_detail":[{"exc_type":"SystemExit","exc_value":"2","exc_notes":[],"syntax_error":null,"is_cause":false,"frames":[{"filename":"/home/airflow/.local/lib/python3.12/site-packages/airflow/models/dagbag.py","lineno":384,"name":"parse"},{"filename":"<frozen importlib._bootstrap_external>","lineno":999,"name":"exec_module"},{"filename":"<frozen importlib._bootstrap>","lineno":488,"name":"_call_with_frames_removed"},{"filename":"/opt/airflow/dags/jobs/YFinance/_scrap.py","lineno":15,"name":"<module>"},{"filename":"/usr/local/lib/python3.12/argparse.py","lineno":1908,"name":"parse_args"},{"filename":"/usr/local/lib/python3.12/argparse.py","lineno":2650,"name":"error"},{"filename":"/usr/local/lib/python3.12/argparse.py","lineno":2637,"name":"exit"}]}]}
{"timestamp":"2025-05-12T02:39:47.096263","level":"info","event":"Filling up the DagBag from /opt/airflow/dags/jobs/YFinance/_scrap.py","logger":"airflow.models.dagbag.DagBag"}
{"timestamp":"2025-05-12T02:39:48.566606Z","level":"error","event":"usage: airflow [-h] [--period PERIOD]","chan":"stderr","logger":"processor"}
{"timestamp":"2025-05-12T02:39:48.587169Z","level":"error","event":"airflow: error: unrecognized arguments: dag-processor","chan":"stderr","logger":"processor"}
{"timestamp":"2025-05-12T02:39:48.567264","level":"error","event":"Failed to import: /opt/airflow/dags/jobs/YFinance/_scrap.py","logger":"airflow.models.dagbag.DagBag","error_detail":[{"exc_type":"SystemExit","exc_value":"2","exc_notes":[],"syntax_error":null,"is_cause":false,"frames":[{"filename":"/home/airflow/.local/lib/python3.12/site-packages/airflow/models/dagbag.py","lineno":384,"name":"parse"},{"filename":"<frozen importlib._bootstrap_external>","lineno":999,"name":"exec_module"},{"filename":"<frozen importlib._bootstrap>","lineno":488,"name":"_call_with_frames_removed"},{"filename":"/opt/airflow/dags/jobs/YFinance/_scrap.py","lineno":15,"name":"<module>"},{"filename":"/usr/local/lib/python3.12/argparse.py","lineno":1908,"name":"parse_args"},{"filename":"/usr/local/lib/python3.12/argparse.py","lineno":2650,"name":"error"},{"filename":"/usr/local/lib/python3.12/argparse.py","lineno":2637,"name":"exit"}]}]}
{"timestamp":"2025-05-12T02:40:21.861454","level":"info","event":"Filling up the DagBag from /opt/airflow/dags/jobs/YFinance/_scrap.py","logger":"airflow.models.dagbag.DagBag"}
{"timestamp":"2025-05-12T02:40:23.717044Z","level":"error","event":"usage: airflow [-h] [--period PERIOD]","chan":"stderr","logger":"processor"}
{"timestamp":"2025-05-12T02:40:23.717677Z","level":"error","event":"airflow: error: unrecognized arguments: dag-processor","chan":"stderr","logger":"processor"}
{"timestamp":"2025-05-12T02:40:23.699948","level":"error","event":"Failed to import: /opt/airflow/dags/jobs/YFinance/_scrap.py","logger":"airflow.models.dagbag.DagBag","error_detail":[{"exc_type":"SystemExit","exc_value":"2","exc_notes":[],"syntax_error":null,"is_cause":false,"frames":[{"filename":"/home/airflow/.local/lib/python3.12/site-packages/airflow/models/dagbag.py","lineno":384,"name":"parse"},{"filename":"<frozen importlib._bootstrap_external>","lineno":999,"name":"exec_module"},{"filename":"<frozen importlib._bootstrap>","lineno":488,"name":"_call_with_frames_removed"},{"filename":"/opt/airflow/dags/jobs/YFinance/_scrap.py","lineno":15,"name":"<module>"},{"filename":"/usr/local/lib/python3.12/argparse.py","lineno":1908,"name":"parse_args"},{"filename":"/usr/local/lib/python3.12/argparse.py","lineno":2650,"name":"error"},{"filename":"/usr/local/lib/python3.12/argparse.py","lineno":2637,"name":"exit"}]}]}
{"timestamp":"2025-05-12T02:40:54.086273","level":"info","event":"Filling up the DagBag from /opt/airflow/dags/jobs/YFinance/_scrap.py","logger":"airflow.models.dagbag.DagBag"}
{"timestamp":"2025-05-12T02:40:56.228555Z","level":"error","event":"usage: airflow [-h] [--period PERIOD]","chan":"stderr","logger":"processor"}
{"timestamp":"2025-05-12T02:40:56.247456Z","level":"error","event":"airflow: error: unrecognized arguments: dag-processor","chan":"stderr","logger":"processor"}
{"timestamp":"2025-05-12T02:40:56.229487","level":"error","event":"Failed to import: /opt/airflow/dags/jobs/YFinance/_scrap.py","logger":"airflow.models.dagbag.DagBag","error_detail":[{"exc_type":"SystemExit","exc_value":"2","exc_notes":[],"syntax_error":null,"is_cause":false,"frames":[{"filename":"/home/airflow/.local/lib/python3.12/site-packages/airflow/models/dagbag.py","lineno":384,"name":"parse"},{"filename":"<frozen importlib._bootstrap_external>","lineno":999,"name":"exec_module"},{"filename":"<frozen importlib._bootstrap>","lineno":488,"name":"_call_with_frames_removed"},{"filename":"/opt/airflow/dags/jobs/YFinance/_scrap.py","lineno":15,"name":"<module>"},{"filename":"/usr/local/lib/python3.12/argparse.py","lineno":1908,"name":"parse_args"},{"filename":"/usr/local/lib/python3.12/argparse.py","lineno":2650,"name":"error"},{"filename":"/usr/local/lib/python3.12/argparse.py","lineno":2637,"name":"exit"}]}]}
{"timestamp":"2025-05-12T02:41:26.708833","level":"info","event":"Filling up the DagBag from /opt/airflow/dags/jobs/YFinance/_scrap.py","logger":"airflow.models.dagbag.DagBag"}
{"timestamp":"2025-05-12T02:41:28.244895Z","level":"error","event":"usage: airflow [-h] [--period PERIOD]","chan":"stderr","logger":"processor"}
{"timestamp":"2025-05-12T02:41:28.267096Z","level":"error","event":"airflow: error: unrecognized arguments: dag-processor","chan":"stderr","logger":"processor"}
{"timestamp":"2025-05-12T02:41:28.245595","level":"error","event":"Failed to import: /opt/airflow/dags/jobs/YFinance/_scrap.py","logger":"airflow.models.dagbag.DagBag","error_detail":[{"exc_type":"SystemExit","exc_value":"2","exc_notes":[],"syntax_error":null,"is_cause":false,"frames":[{"filename":"/home/airflow/.local/lib/python3.12/site-packages/airflow/models/dagbag.py","lineno":384,"name":"parse"},{"filename":"<frozen importlib._bootstrap_external>","lineno":999,"name":"exec_module"},{"filename":"<frozen importlib._bootstrap>","lineno":488,"name":"_call_with_frames_removed"},{"filename":"/opt/airflow/dags/jobs/YFinance/_scrap.py","lineno":15,"name":"<module>"},{"filename":"/usr/local/lib/python3.12/argparse.py","lineno":1908,"name":"parse_args"},{"filename":"/usr/local/lib/python3.12/argparse.py","lineno":2650,"name":"error"},{"filename":"/usr/local/lib/python3.12/argparse.py","lineno":2637,"name":"exit"}]}]}
{"timestamp":"2025-05-12T02:41:58.715100","level":"info","event":"Filling up the DagBag from /opt/airflow/dags/jobs/YFinance/_scrap.py","logger":"airflow.models.dagbag.DagBag"}
{"timestamp":"2025-05-12T02:41:59.903973Z","level":"error","event":"usage: airflow [-h] [--period PERIOD]","chan":"stderr","logger":"processor"}
{"timestamp":"2025-05-12T02:41:59.904419Z","level":"error","event":"airflow: error: unrecognized arguments: dag-processor","chan":"stderr","logger":"processor"}
{"timestamp":"2025-05-12T02:41:59.904620","level":"error","event":"Failed to import: /opt/airflow/dags/jobs/YFinance/_scrap.py","logger":"airflow.models.dagbag.DagBag","error_detail":[{"exc_type":"SystemExit","exc_value":"2","exc_notes":[],"syntax_error":null,"is_cause":false,"frames":[{"filename":"/home/airflow/.local/lib/python3.12/site-packages/airflow/models/dagbag.py","lineno":384,"name":"parse"},{"filename":"<frozen importlib._bootstrap_external>","lineno":999,"name":"exec_module"},{"filename":"<frozen importlib._bootstrap>","lineno":488,"name":"_call_with_frames_removed"},{"filename":"/opt/airflow/dags/jobs/YFinance/_scrap.py","lineno":15,"name":"<module>"},{"filename":"/usr/local/lib/python3.12/argparse.py","lineno":1908,"name":"parse_args"},{"filename":"/usr/local/lib/python3.12/argparse.py","lineno":2650,"name":"error"},{"filename":"/usr/local/lib/python3.12/argparse.py","lineno":2637,"name":"exit"}]}]}
{"timestamp":"2025-05-12T02:42:30.086998","level":"info","event":"Filling up the DagBag from /opt/airflow/dags/jobs/YFinance/_scrap.py","logger":"airflow.models.dagbag.DagBag"}
{"timestamp":"2025-05-12T02:42:32.044158Z","level":"error","event":"usage: airflow [-h] [--period PERIOD]","chan":"stderr","logger":"processor"}
{"timestamp":"2025-05-12T02:42:32.045311Z","level":"error","event":"airflow: error: unrecognized arguments: dag-processor","chan":"stderr","logger":"processor"}
{"timestamp":"2025-05-12T02:42:32.045235","level":"error","event":"Failed to import: /opt/airflow/dags/jobs/YFinance/_scrap.py","logger":"airflow.models.dagbag.DagBag","error_detail":[{"exc_type":"SystemExit","exc_value":"2","exc_notes":[],"syntax_error":null,"is_cause":false,"frames":[{"filename":"/home/airflow/.local/lib/python3.12/site-packages/airflow/models/dagbag.py","lineno":384,"name":"parse"},{"filename":"<frozen importlib._bootstrap_external>","lineno":999,"name":"exec_module"},{"filename":"<frozen importlib._bootstrap>","lineno":488,"name":"_call_with_frames_removed"},{"filename":"/opt/airflow/dags/jobs/YFinance/_scrap.py","lineno":15,"name":"<module>"},{"filename":"/usr/local/lib/python3.12/argparse.py","lineno":1908,"name":"parse_args"},{"filename":"/usr/local/lib/python3.12/argparse.py","lineno":2650,"name":"error"},{"filename":"/usr/local/lib/python3.12/argparse.py","lineno":2637,"name":"exit"}]}]}
{"timestamp":"2025-05-12T02:43:02.794149","level":"info","event":"Filling up the DagBag from /opt/airflow/dags/jobs/YFinance/_scrap.py","logger":"airflow.models.dagbag.DagBag"}
{"timestamp":"2025-05-12T02:43:04.139154Z","level":"error","event":"usage: airflow [-h] [--period PERIOD]","chan":"stderr","logger":"processor"}
{"timestamp":"2025-05-12T02:43:04.139673Z","level":"error","event":"airflow: error: unrecognized arguments: dag-processor","chan":"stderr","logger":"processor"}
{"timestamp":"2025-05-12T02:43:04.139796","level":"error","event":"Failed to import: /opt/airflow/dags/jobs/YFinance/_scrap.py","logger":"airflow.models.dagbag.DagBag","error_detail":[{"exc_type":"SystemExit","exc_value":"2","exc_notes":[],"syntax_error":null,"is_cause":false,"frames":[{"filename":"/home/airflow/.local/lib/python3.12/site-packages/airflow/models/dagbag.py","lineno":384,"name":"parse"},{"filename":"<frozen importlib._bootstrap_external>","lineno":999,"name":"exec_module"},{"filename":"<frozen importlib._bootstrap>","lineno":488,"name":"_call_with_frames_removed"},{"filename":"/opt/airflow/dags/jobs/YFinance/_scrap.py","lineno":15,"name":"<module>"},{"filename":"/usr/local/lib/python3.12/argparse.py","lineno":1908,"name":"parse_args"},{"filename":"/usr/local/lib/python3.12/argparse.py","lineno":2650,"name":"error"},{"filename":"/usr/local/lib/python3.12/argparse.py","lineno":2637,"name":"exit"}]}]}
{"timestamp":"2025-05-12T02:43:34.690981","level":"info","event":"Filling up the DagBag from /opt/airflow/dags/jobs/YFinance/_scrap.py","logger":"airflow.models.dagbag.DagBag"}
{"timestamp":"2025-05-12T02:43:37.012263Z","level":"error","event":"usage: airflow [-h] [--period PERIOD]","chan":"stderr","logger":"processor"}
{"timestamp":"2025-05-12T02:43:37.012874Z","level":"error","event":"airflow: error: unrecognized arguments: dag-processor","chan":"stderr","logger":"processor"}
{"timestamp":"2025-05-12T02:43:37.013048","level":"error","event":"Failed to import: /opt/airflow/dags/jobs/YFinance/_scrap.py","logger":"airflow.models.dagbag.DagBag","error_detail":[{"exc_type":"SystemExit","exc_value":"2","exc_notes":[],"syntax_error":null,"is_cause":false,"frames":[{"filename":"/home/airflow/.local/lib/python3.12/site-packages/airflow/models/dagbag.py","lineno":384,"name":"parse"},{"filename":"<frozen importlib._bootstrap_external>","lineno":999,"name":"exec_module"},{"filename":"<frozen importlib._bootstrap>","lineno":488,"name":"_call_with_frames_removed"},{"filename":"/opt/airflow/dags/jobs/YFinance/_scrap.py","lineno":15,"name":"<module>"},{"filename":"/usr/local/lib/python3.12/argparse.py","lineno":1908,"name":"parse_args"},{"filename":"/usr/local/lib/python3.12/argparse.py","lineno":2650,"name":"error"},{"filename":"/usr/local/lib/python3.12/argparse.py","lineno":2637,"name":"exit"}]}]}
{"timestamp":"2025-05-12T02:44:24.476990","level":"info","event":"Filling up the DagBag from /opt/airflow/dags/jobs/YFinance/_scrap.py","logger":"airflow.models.dagbag.DagBag"}
{"timestamp":"2025-05-12T02:44:26.385166Z","level":"error","event":"usage: airflow [-h] [--period PERIOD]","chan":"stderr","logger":"processor"}
{"timestamp":"2025-05-12T02:44:26.385743Z","level":"error","event":"airflow: error: unrecognized arguments: dag-processor","chan":"stderr","logger":"processor"}
{"timestamp":"2025-05-12T02:44:26.385963","level":"error","event":"Failed to import: /opt/airflow/dags/jobs/YFinance/_scrap.py","logger":"airflow.models.dagbag.DagBag","error_detail":[{"exc_type":"SystemExit","exc_value":"2","exc_notes":[],"syntax_error":null,"is_cause":false,"frames":[{"filename":"/home/airflow/.local/lib/python3.12/site-packages/airflow/models/dagbag.py","lineno":384,"name":"parse"},{"filename":"<frozen importlib._bootstrap_external>","lineno":999,"name":"exec_module"},{"filename":"<frozen importlib._bootstrap>","lineno":488,"name":"_call_with_frames_removed"},{"filename":"/opt/airflow/dags/jobs/YFinance/_scrap.py","lineno":15,"name":"<module>"},{"filename":"/usr/local/lib/python3.12/argparse.py","lineno":1908,"name":"parse_args"},{"filename":"/usr/local/lib/python3.12/argparse.py","lineno":2650,"name":"error"},{"filename":"/usr/local/lib/python3.12/argparse.py","lineno":2637,"name":"exit"}]}]}
{"timestamp":"2025-05-12T02:44:56.747564","level":"info","event":"Filling up the DagBag from /opt/airflow/dags/jobs/YFinance/_scrap.py","logger":"airflow.models.dagbag.DagBag"}
{"timestamp":"2025-05-12T02:44:57.881992Z","level":"error","event":"usage: airflow [-h] [--period PERIOD]","chan":"stderr","logger":"processor"}
{"timestamp":"2025-05-12T02:44:57.892306Z","level":"error","event":"airflow: error: unrecognized arguments: dag-processor","chan":"stderr","logger":"processor"}
{"timestamp":"2025-05-12T02:44:57.882585","level":"error","event":"Failed to import: /opt/airflow/dags/jobs/YFinance/_scrap.py","logger":"airflow.models.dagbag.DagBag","error_detail":[{"exc_type":"SystemExit","exc_value":"2","exc_notes":[],"syntax_error":null,"is_cause":false,"frames":[{"filename":"/home/airflow/.local/lib/python3.12/site-packages/airflow/models/dagbag.py","lineno":384,"name":"parse"},{"filename":"<frozen importlib._bootstrap_external>","lineno":999,"name":"exec_module"},{"filename":"<frozen importlib._bootstrap>","lineno":488,"name":"_call_with_frames_removed"},{"filename":"/opt/airflow/dags/jobs/YFinance/_scrap.py","lineno":15,"name":"<module>"},{"filename":"/usr/local/lib/python3.12/argparse.py","lineno":1908,"name":"parse_args"},{"filename":"/usr/local/lib/python3.12/argparse.py","lineno":2650,"name":"error"},{"filename":"/usr/local/lib/python3.12/argparse.py","lineno":2637,"name":"exit"}]}]}
{"timestamp":"2025-05-12T02:45:45.259483","level":"info","event":"Filling up the DagBag from /opt/airflow/dags/jobs/YFinance/_scrap.py","logger":"airflow.models.dagbag.DagBag"}
{"timestamp":"2025-05-12T02:45:50.184471Z","level":"error","event":"usage: airflow [-h] [--period PERIOD]","chan":"stderr","logger":"processor"}
{"timestamp":"2025-05-12T02:45:50.185321Z","level":"error","event":"airflow: error: unrecognized arguments: dag-processor","chan":"stderr","logger":"processor"}
{"timestamp":"2025-05-12T02:45:50.185822","level":"error","event":"Failed to import: /opt/airflow/dags/jobs/YFinance/_scrap.py","logger":"airflow.models.dagbag.DagBag","error_detail":[{"exc_type":"SystemExit","exc_value":"2","exc_notes":[],"syntax_error":null,"is_cause":false,"frames":[{"filename":"/home/airflow/.local/lib/python3.12/site-packages/airflow/models/dagbag.py","lineno":384,"name":"parse"},{"filename":"<frozen importlib._bootstrap_external>","lineno":999,"name":"exec_module"},{"filename":"<frozen importlib._bootstrap>","lineno":488,"name":"_call_with_frames_removed"},{"filename":"/opt/airflow/dags/jobs/YFinance/_scrap.py","lineno":15,"name":"<module>"},{"filename":"/usr/local/lib/python3.12/argparse.py","lineno":1908,"name":"parse_args"},{"filename":"/usr/local/lib/python3.12/argparse.py","lineno":2650,"name":"error"},{"filename":"/usr/local/lib/python3.12/argparse.py","lineno":2637,"name":"exit"}]}]}
{"timestamp":"2025-05-12T02:46:33.260536","level":"info","event":"Filling up the DagBag from /opt/airflow/dags/jobs/YFinance/_scrap.py","logger":"airflow.models.dagbag.DagBag"}
{"timestamp":"2025-05-12T02:46:35.214104Z","level":"error","event":"usage: airflow [-h] [--period PERIOD]","chan":"stderr","logger":"processor"}
{"timestamp":"2025-05-12T02:46:35.237769Z","level":"error","event":"airflow: error: unrecognized arguments: dag-processor","chan":"stderr","logger":"processor"}
{"timestamp":"2025-05-12T02:46:35.214951","level":"error","event":"Failed to import: /opt/airflow/dags/jobs/YFinance/_scrap.py","logger":"airflow.models.dagbag.DagBag","error_detail":[{"exc_type":"SystemExit","exc_value":"2","exc_notes":[],"syntax_error":null,"is_cause":false,"frames":[{"filename":"/home/airflow/.local/lib/python3.12/site-packages/airflow/models/dagbag.py","lineno":384,"name":"parse"},{"filename":"<frozen importlib._bootstrap_external>","lineno":999,"name":"exec_module"},{"filename":"<frozen importlib._bootstrap>","lineno":488,"name":"_call_with_frames_removed"},{"filename":"/opt/airflow/dags/jobs/YFinance/_scrap.py","lineno":15,"name":"<module>"},{"filename":"/usr/local/lib/python3.12/argparse.py","lineno":1908,"name":"parse_args"},{"filename":"/usr/local/lib/python3.12/argparse.py","lineno":2650,"name":"error"},{"filename":"/usr/local/lib/python3.12/argparse.py","lineno":2637,"name":"exit"}]}]}
{"timestamp":"2025-05-12T02:47:05.557939","level":"info","event":"Filling up the DagBag from /opt/airflow/dags/jobs/YFinance/_scrap.py","logger":"airflow.models.dagbag.DagBag"}
{"timestamp":"2025-05-12T02:47:07.931764Z","level":"error","event":"usage: airflow [-h] [--period PERIOD]","chan":"stderr","logger":"processor"}
{"timestamp":"2025-05-12T02:47:07.932592Z","level":"error","event":"airflow: error: unrecognized arguments: dag-processor","chan":"stderr","logger":"processor"}
{"timestamp":"2025-05-12T02:47:07.933198","level":"error","event":"Failed to import: /opt/airflow/dags/jobs/YFinance/_scrap.py","logger":"airflow.models.dagbag.DagBag","error_detail":[{"exc_type":"SystemExit","exc_value":"2","exc_notes":[],"syntax_error":null,"is_cause":false,"frames":[{"filename":"/home/airflow/.local/lib/python3.12/site-packages/airflow/models/dagbag.py","lineno":384,"name":"parse"},{"filename":"<frozen importlib._bootstrap_external>","lineno":999,"name":"exec_module"},{"filename":"<frozen importlib._bootstrap>","lineno":488,"name":"_call_with_frames_removed"},{"filename":"/opt/airflow/dags/jobs/YFinance/_scrap.py","lineno":15,"name":"<module>"},{"filename":"/usr/local/lib/python3.12/argparse.py","lineno":1908,"name":"parse_args"},{"filename":"/usr/local/lib/python3.12/argparse.py","lineno":2650,"name":"error"},{"filename":"/usr/local/lib/python3.12/argparse.py","lineno":2637,"name":"exit"}]}]}
{"timestamp":"2025-05-12T02:47:38.099767","level":"info","event":"Filling up the DagBag from /opt/airflow/dags/jobs/YFinance/_scrap.py","logger":"airflow.models.dagbag.DagBag"}
{"timestamp":"2025-05-12T02:47:39.088885Z","level":"error","event":"usage: airflow [-h] [--period PERIOD]","chan":"stderr","logger":"processor"}
{"timestamp":"2025-05-12T02:47:39.129624Z","level":"error","event":"airflow: error: unrecognized arguments: dag-processor","chan":"stderr","logger":"processor"}
{"timestamp":"2025-05-12T02:47:39.090905","level":"error","event":"Failed to import: /opt/airflow/dags/jobs/YFinance/_scrap.py","logger":"airflow.models.dagbag.DagBag","error_detail":[{"exc_type":"SystemExit","exc_value":"2","exc_notes":[],"syntax_error":null,"is_cause":false,"frames":[{"filename":"/home/airflow/.local/lib/python3.12/site-packages/airflow/models/dagbag.py","lineno":384,"name":"parse"},{"filename":"<frozen importlib._bootstrap_external>","lineno":999,"name":"exec_module"},{"filename":"<frozen importlib._bootstrap>","lineno":488,"name":"_call_with_frames_removed"},{"filename":"/opt/airflow/dags/jobs/YFinance/_scrap.py","lineno":15,"name":"<module>"},{"filename":"/usr/local/lib/python3.12/argparse.py","lineno":1908,"name":"parse_args"},{"filename":"/usr/local/lib/python3.12/argparse.py","lineno":2650,"name":"error"},{"filename":"/usr/local/lib/python3.12/argparse.py","lineno":2637,"name":"exit"}]}]}
{"timestamp":"2025-05-12T02:48:09.513046","level":"info","event":"Filling up the DagBag from /opt/airflow/dags/jobs/YFinance/_scrap.py","logger":"airflow.models.dagbag.DagBag"}
{"timestamp":"2025-05-12T02:48:10.570797Z","level":"error","event":"usage: airflow [-h] [--period PERIOD]","chan":"stderr","logger":"processor"}
{"timestamp":"2025-05-12T02:48:10.590365Z","level":"error","event":"airflow: error: unrecognized arguments: dag-processor","chan":"stderr","logger":"processor"}
{"timestamp":"2025-05-12T02:48:10.571577","level":"error","event":"Failed to import: /opt/airflow/dags/jobs/YFinance/_scrap.py","logger":"airflow.models.dagbag.DagBag","error_detail":[{"exc_type":"SystemExit","exc_value":"2","exc_notes":[],"syntax_error":null,"is_cause":false,"frames":[{"filename":"/home/airflow/.local/lib/python3.12/site-packages/airflow/models/dagbag.py","lineno":384,"name":"parse"},{"filename":"<frozen importlib._bootstrap_external>","lineno":999,"name":"exec_module"},{"filename":"<frozen importlib._bootstrap>","lineno":488,"name":"_call_with_frames_removed"},{"filename":"/opt/airflow/dags/jobs/YFinance/_scrap.py","lineno":15,"name":"<module>"},{"filename":"/usr/local/lib/python3.12/argparse.py","lineno":1908,"name":"parse_args"},{"filename":"/usr/local/lib/python3.12/argparse.py","lineno":2650,"name":"error"},{"filename":"/usr/local/lib/python3.12/argparse.py","lineno":2637,"name":"exit"}]}]}
{"timestamp":"2025-05-12T02:48:41.400280","level":"info","event":"Filling up the DagBag from /opt/airflow/dags/jobs/YFinance/_scrap.py","logger":"airflow.models.dagbag.DagBag"}
{"timestamp":"2025-05-12T02:48:43.102552Z","level":"error","event":"usage: airflow [-h] [--period PERIOD]","chan":"stderr","logger":"processor"}
{"timestamp":"2025-05-12T02:48:43.120848Z","level":"error","event":"airflow: error: unrecognized arguments: dag-processor","chan":"stderr","logger":"processor"}
{"timestamp":"2025-05-12T02:48:43.103232","level":"error","event":"Failed to import: /opt/airflow/dags/jobs/YFinance/_scrap.py","logger":"airflow.models.dagbag.DagBag","error_detail":[{"exc_type":"SystemExit","exc_value":"2","exc_notes":[],"syntax_error":null,"is_cause":false,"frames":[{"filename":"/home/airflow/.local/lib/python3.12/site-packages/airflow/models/dagbag.py","lineno":384,"name":"parse"},{"filename":"<frozen importlib._bootstrap_external>","lineno":999,"name":"exec_module"},{"filename":"<frozen importlib._bootstrap>","lineno":488,"name":"_call_with_frames_removed"},{"filename":"/opt/airflow/dags/jobs/YFinance/_scrap.py","lineno":15,"name":"<module>"},{"filename":"/usr/local/lib/python3.12/argparse.py","lineno":1908,"name":"parse_args"},{"filename":"/usr/local/lib/python3.12/argparse.py","lineno":2650,"name":"error"},{"filename":"/usr/local/lib/python3.12/argparse.py","lineno":2637,"name":"exit"}]}]}
{"timestamp":"2025-05-12T02:49:13.710148","level":"info","event":"Filling up the DagBag from /opt/airflow/dags/jobs/YFinance/_scrap.py","logger":"airflow.models.dagbag.DagBag"}
{"timestamp":"2025-05-12T02:49:14.623265Z","level":"error","event":"usage: airflow [-h] [--period PERIOD]","chan":"stderr","logger":"processor"}
{"timestamp":"2025-05-12T02:49:14.623736Z","level":"error","event":"airflow: error: unrecognized arguments: dag-processor","chan":"stderr","logger":"processor"}
{"timestamp":"2025-05-12T02:49:14.623831","level":"error","event":"Failed to import: /opt/airflow/dags/jobs/YFinance/_scrap.py","logger":"airflow.models.dagbag.DagBag","error_detail":[{"exc_type":"SystemExit","exc_value":"2","exc_notes":[],"syntax_error":null,"is_cause":false,"frames":[{"filename":"/home/airflow/.local/lib/python3.12/site-packages/airflow/models/dagbag.py","lineno":384,"name":"parse"},{"filename":"<frozen importlib._bootstrap_external>","lineno":999,"name":"exec_module"},{"filename":"<frozen importlib._bootstrap>","lineno":488,"name":"_call_with_frames_removed"},{"filename":"/opt/airflow/dags/jobs/YFinance/_scrap.py","lineno":15,"name":"<module>"},{"filename":"/usr/local/lib/python3.12/argparse.py","lineno":1908,"name":"parse_args"},{"filename":"/usr/local/lib/python3.12/argparse.py","lineno":2650,"name":"error"},{"filename":"/usr/local/lib/python3.12/argparse.py","lineno":2637,"name":"exit"}]}]}
{"timestamp":"2025-05-12T02:49:44.886985","level":"info","event":"Filling up the DagBag from /opt/airflow/dags/jobs/YFinance/_scrap.py","logger":"airflow.models.dagbag.DagBag"}
{"timestamp":"2025-05-12T02:49:46.642424Z","level":"error","event":"usage: airflow [-h] [--period PERIOD]","chan":"stderr","logger":"processor"}
{"timestamp":"2025-05-12T02:49:46.642891Z","level":"error","event":"airflow: error: unrecognized arguments: dag-processor","chan":"stderr","logger":"processor"}
{"timestamp":"2025-05-12T02:49:46.643140","level":"error","event":"Failed to import: /opt/airflow/dags/jobs/YFinance/_scrap.py","logger":"airflow.models.dagbag.DagBag","error_detail":[{"exc_type":"SystemExit","exc_value":"2","exc_notes":[],"syntax_error":null,"is_cause":false,"frames":[{"filename":"/home/airflow/.local/lib/python3.12/site-packages/airflow/models/dagbag.py","lineno":384,"name":"parse"},{"filename":"<frozen importlib._bootstrap_external>","lineno":999,"name":"exec_module"},{"filename":"<frozen importlib._bootstrap>","lineno":488,"name":"_call_with_frames_removed"},{"filename":"/opt/airflow/dags/jobs/YFinance/_scrap.py","lineno":15,"name":"<module>"},{"filename":"/usr/local/lib/python3.12/argparse.py","lineno":1908,"name":"parse_args"},{"filename":"/usr/local/lib/python3.12/argparse.py","lineno":2650,"name":"error"},{"filename":"/usr/local/lib/python3.12/argparse.py","lineno":2637,"name":"exit"}]}]}
{"timestamp":"2025-05-12T02:55:06.320482","level":"info","event":"Filling up the DagBag from /opt/airflow/dags/jobs/YFinance/_scrap.py","logger":"airflow.models.dagbag.DagBag"}
{"timestamp":"2025-05-12T02:55:09.938418Z","level":"error","event":"usage: airflow [-h] [--period PERIOD]","chan":"stderr","logger":"processor"}
{"timestamp":"2025-05-12T02:55:09.954571Z","level":"error","event":"airflow: error: unrecognized arguments: dag-processor","chan":"stderr","logger":"processor"}
{"timestamp":"2025-05-12T02:55:09.939801","level":"error","event":"Failed to import: /opt/airflow/dags/jobs/YFinance/_scrap.py","logger":"airflow.models.dagbag.DagBag","error_detail":[{"exc_type":"SystemExit","exc_value":"2","exc_notes":[],"syntax_error":null,"is_cause":false,"frames":[{"filename":"/home/airflow/.local/lib/python3.12/site-packages/airflow/models/dagbag.py","lineno":384,"name":"parse"},{"filename":"<frozen importlib._bootstrap_external>","lineno":999,"name":"exec_module"},{"filename":"<frozen importlib._bootstrap>","lineno":488,"name":"_call_with_frames_removed"},{"filename":"/opt/airflow/dags/jobs/YFinance/_scrap.py","lineno":15,"name":"<module>"},{"filename":"/usr/local/lib/python3.12/argparse.py","lineno":1908,"name":"parse_args"},{"filename":"/usr/local/lib/python3.12/argparse.py","lineno":2650,"name":"error"},{"filename":"/usr/local/lib/python3.12/argparse.py","lineno":2637,"name":"exit"}]}]}
{"timestamp":"2025-05-12T02:55:48.021860","level":"info","event":"Filling up the DagBag from /opt/airflow/dags/jobs/YFinance/_scrap.py","logger":"airflow.models.dagbag.DagBag"}
{"timestamp":"2025-05-12T02:55:50.296717Z","level":"error","event":"usage: airflow [-h] [--period PERIOD]","chan":"stderr","logger":"processor"}
{"timestamp":"2025-05-12T02:55:50.309890Z","level":"error","event":"airflow: error: unrecognized arguments: dag-processor","chan":"stderr","logger":"processor"}
{"timestamp":"2025-05-12T02:55:50.297738","level":"error","event":"Failed to import: /opt/airflow/dags/jobs/YFinance/_scrap.py","logger":"airflow.models.dagbag.DagBag","error_detail":[{"exc_type":"SystemExit","exc_value":"2","exc_notes":[],"syntax_error":null,"is_cause":false,"frames":[{"filename":"/home/airflow/.local/lib/python3.12/site-packages/airflow/models/dagbag.py","lineno":384,"name":"parse"},{"filename":"<frozen importlib._bootstrap_external>","lineno":999,"name":"exec_module"},{"filename":"<frozen importlib._bootstrap>","lineno":488,"name":"_call_with_frames_removed"},{"filename":"/opt/airflow/dags/jobs/YFinance/_scrap.py","lineno":15,"name":"<module>"},{"filename":"/usr/local/lib/python3.12/argparse.py","lineno":1908,"name":"parse_args"},{"filename":"/usr/local/lib/python3.12/argparse.py","lineno":2650,"name":"error"},{"filename":"/usr/local/lib/python3.12/argparse.py","lineno":2637,"name":"exit"}]}]}
{"timestamp":"2025-05-12T02:56:20.706541","level":"info","event":"Filling up the DagBag from /opt/airflow/dags/jobs/YFinance/_scrap.py","logger":"airflow.models.dagbag.DagBag"}
{"timestamp":"2025-05-12T02:56:22.171234Z","level":"error","event":"usage: airflow [-h] [--period PERIOD]","chan":"stderr","logger":"processor"}
{"timestamp":"2025-05-12T02:56:22.185772Z","level":"error","event":"airflow: error: unrecognized arguments: dag-processor","chan":"stderr","logger":"processor"}
{"timestamp":"2025-05-12T02:56:22.171915","level":"error","event":"Failed to import: /opt/airflow/dags/jobs/YFinance/_scrap.py","logger":"airflow.models.dagbag.DagBag","error_detail":[{"exc_type":"SystemExit","exc_value":"2","exc_notes":[],"syntax_error":null,"is_cause":false,"frames":[{"filename":"/home/airflow/.local/lib/python3.12/site-packages/airflow/models/dagbag.py","lineno":384,"name":"parse"},{"filename":"<frozen importlib._bootstrap_external>","lineno":999,"name":"exec_module"},{"filename":"<frozen importlib._bootstrap>","lineno":488,"name":"_call_with_frames_removed"},{"filename":"/opt/airflow/dags/jobs/YFinance/_scrap.py","lineno":15,"name":"<module>"},{"filename":"/usr/local/lib/python3.12/argparse.py","lineno":1908,"name":"parse_args"},{"filename":"/usr/local/lib/python3.12/argparse.py","lineno":2650,"name":"error"},{"filename":"/usr/local/lib/python3.12/argparse.py","lineno":2637,"name":"exit"}]}]}
{"timestamp":"2025-05-12T02:56:52.732373","level":"info","event":"Filling up the DagBag from /opt/airflow/dags/jobs/YFinance/_scrap.py","logger":"airflow.models.dagbag.DagBag"}
{"timestamp":"2025-05-12T02:56:54.777979Z","level":"error","event":"usage: airflow [-h] [--period PERIOD]","chan":"stderr","logger":"processor"}
{"timestamp":"2025-05-12T02:56:54.805966Z","level":"error","event":"airflow: error: unrecognized arguments: dag-processor","chan":"stderr","logger":"processor"}
{"timestamp":"2025-05-12T02:56:54.781791","level":"error","event":"Failed to import: /opt/airflow/dags/jobs/YFinance/_scrap.py","logger":"airflow.models.dagbag.DagBag","error_detail":[{"exc_type":"SystemExit","exc_value":"2","exc_notes":[],"syntax_error":null,"is_cause":false,"frames":[{"filename":"/home/airflow/.local/lib/python3.12/site-packages/airflow/models/dagbag.py","lineno":384,"name":"parse"},{"filename":"<frozen importlib._bootstrap_external>","lineno":999,"name":"exec_module"},{"filename":"<frozen importlib._bootstrap>","lineno":488,"name":"_call_with_frames_removed"},{"filename":"/opt/airflow/dags/jobs/YFinance/_scrap.py","lineno":15,"name":"<module>"},{"filename":"/usr/local/lib/python3.12/argparse.py","lineno":1908,"name":"parse_args"},{"filename":"/usr/local/lib/python3.12/argparse.py","lineno":2650,"name":"error"},{"filename":"/usr/local/lib/python3.12/argparse.py","lineno":2637,"name":"exit"}]}]}
{"timestamp":"2025-05-12T02:57:38.198349","level":"info","event":"Filling up the DagBag from /opt/airflow/dags/jobs/YFinance/_scrap.py","logger":"airflow.models.dagbag.DagBag"}
{"timestamp":"2025-05-12T02:57:40.490856Z","level":"error","event":"usage: airflow [-h] [--period PERIOD]","chan":"stderr","logger":"processor"}
{"timestamp":"2025-05-12T02:57:40.491634Z","level":"error","event":"airflow: error: unrecognized arguments: dag-processor","chan":"stderr","logger":"processor"}
{"timestamp":"2025-05-12T02:57:40.491802","level":"error","event":"Failed to import: /opt/airflow/dags/jobs/YFinance/_scrap.py","logger":"airflow.models.dagbag.DagBag","error_detail":[{"exc_type":"SystemExit","exc_value":"2","exc_notes":[],"syntax_error":null,"is_cause":false,"frames":[{"filename":"/home/airflow/.local/lib/python3.12/site-packages/airflow/models/dagbag.py","lineno":384,"name":"parse"},{"filename":"<frozen importlib._bootstrap_external>","lineno":999,"name":"exec_module"},{"filename":"<frozen importlib._bootstrap>","lineno":488,"name":"_call_with_frames_removed"},{"filename":"/opt/airflow/dags/jobs/YFinance/_scrap.py","lineno":15,"name":"<module>"},{"filename":"/usr/local/lib/python3.12/argparse.py","lineno":1908,"name":"parse_args"},{"filename":"/usr/local/lib/python3.12/argparse.py","lineno":2650,"name":"error"},{"filename":"/usr/local/lib/python3.12/argparse.py","lineno":2637,"name":"exit"}]}]}
{"timestamp":"2025-05-12T02:58:11.414173","level":"info","event":"Filling up the DagBag from /opt/airflow/dags/jobs/YFinance/_scrap.py","logger":"airflow.models.dagbag.DagBag"}
{"timestamp":"2025-05-12T02:58:12.855817Z","level":"error","event":"usage: airflow [-h] [--period PERIOD]","chan":"stderr","logger":"processor"}
{"timestamp":"2025-05-12T02:58:12.871087Z","level":"error","event":"airflow: error: unrecognized arguments: dag-processor","chan":"stderr","logger":"processor"}
{"timestamp":"2025-05-12T02:58:12.856408","level":"error","event":"Failed to import: /opt/airflow/dags/jobs/YFinance/_scrap.py","logger":"airflow.models.dagbag.DagBag","error_detail":[{"exc_type":"SystemExit","exc_value":"2","exc_notes":[],"syntax_error":null,"is_cause":false,"frames":[{"filename":"/home/airflow/.local/lib/python3.12/site-packages/airflow/models/dagbag.py","lineno":384,"name":"parse"},{"filename":"<frozen importlib._bootstrap_external>","lineno":999,"name":"exec_module"},{"filename":"<frozen importlib._bootstrap>","lineno":488,"name":"_call_with_frames_removed"},{"filename":"/opt/airflow/dags/jobs/YFinance/_scrap.py","lineno":15,"name":"<module>"},{"filename":"/usr/local/lib/python3.12/argparse.py","lineno":1908,"name":"parse_args"},{"filename":"/usr/local/lib/python3.12/argparse.py","lineno":2650,"name":"error"},{"filename":"/usr/local/lib/python3.12/argparse.py","lineno":2637,"name":"exit"}]}]}
{"timestamp":"2025-05-12T02:58:43.052200","level":"info","event":"Filling up the DagBag from /opt/airflow/dags/jobs/YFinance/_scrap.py","logger":"airflow.models.dagbag.DagBag"}
{"timestamp":"2025-05-12T02:58:46.261822Z","level":"error","event":"usage: airflow [-h] [--period PERIOD]","chan":"stderr","logger":"processor"}
{"timestamp":"2025-05-12T02:58:46.263806Z","level":"error","event":"airflow: error: unrecognized arguments: dag-processor","chan":"stderr","logger":"processor"}
{"timestamp":"2025-05-12T02:58:46.206881","level":"error","event":"Failed to import: /opt/airflow/dags/jobs/YFinance/_scrap.py","logger":"airflow.models.dagbag.DagBag","error_detail":[{"exc_type":"SystemExit","exc_value":"2","exc_notes":[],"syntax_error":null,"is_cause":false,"frames":[{"filename":"/home/airflow/.local/lib/python3.12/site-packages/airflow/models/dagbag.py","lineno":384,"name":"parse"},{"filename":"<frozen importlib._bootstrap_external>","lineno":999,"name":"exec_module"},{"filename":"<frozen importlib._bootstrap>","lineno":488,"name":"_call_with_frames_removed"},{"filename":"/opt/airflow/dags/jobs/YFinance/_scrap.py","lineno":15,"name":"<module>"},{"filename":"/usr/local/lib/python3.12/argparse.py","lineno":1908,"name":"parse_args"},{"filename":"/usr/local/lib/python3.12/argparse.py","lineno":2650,"name":"error"},{"filename":"/usr/local/lib/python3.12/argparse.py","lineno":2637,"name":"exit"}]}]}
{"timestamp":"2025-05-12T02:59:29.672327","level":"info","event":"Filling up the DagBag from /opt/airflow/dags/jobs/YFinance/_scrap.py","logger":"airflow.models.dagbag.DagBag"}
{"timestamp":"2025-05-12T02:59:32.268661Z","level":"error","event":"usage: airflow [-h] [--period PERIOD]","chan":"stderr","logger":"processor"}
{"timestamp":"2025-05-12T02:59:32.269222Z","level":"error","event":"airflow: error: unrecognized arguments: dag-processor","chan":"stderr","logger":"processor"}
{"timestamp":"2025-05-12T02:59:32.271731","level":"error","event":"Failed to import: /opt/airflow/dags/jobs/YFinance/_scrap.py","logger":"airflow.models.dagbag.DagBag","error_detail":[{"exc_type":"SystemExit","exc_value":"2","exc_notes":[],"syntax_error":null,"is_cause":false,"frames":[{"filename":"/home/airflow/.local/lib/python3.12/site-packages/airflow/models/dagbag.py","lineno":384,"name":"parse"},{"filename":"<frozen importlib._bootstrap_external>","lineno":999,"name":"exec_module"},{"filename":"<frozen importlib._bootstrap>","lineno":488,"name":"_call_with_frames_removed"},{"filename":"/opt/airflow/dags/jobs/YFinance/_scrap.py","lineno":15,"name":"<module>"},{"filename":"/usr/local/lib/python3.12/argparse.py","lineno":1908,"name":"parse_args"},{"filename":"/usr/local/lib/python3.12/argparse.py","lineno":2650,"name":"error"},{"filename":"/usr/local/lib/python3.12/argparse.py","lineno":2637,"name":"exit"}]}]}
