{"timestamp":"2025-05-12T01:31:00.740177","level":"info","event":"DAG bundles loaded: dags-folder","logger":"airflow.dag_processing.bundles.manager.DagBundlesManager"}
{"timestamp":"2025-05-12T01:31:00.740862","level":"info","event":"Filling up the DagBag from /opt/airflow/dags/yfinance_DAG.py","logger":"airflow.models.dagbag.DagBag"}
{"timestamp":"2025-05-12T01:31:07.844156Z","level":"error","event":"25/05/12 01:31:07 WARN NativeCodeLoader: Unable to load native-hadoop library for your platform... using builtin-java classes where applicable","chan":"stderr","logger":"task"}
{"timestamp":"2025-05-12T01:31:08.227436Z","level":"error","event":"Setting default log level to \"WARN\".","chan":"stderr","logger":"task"}
{"timestamp":"2025-05-12T01:31:08.228934Z","level":"error","event":"To adjust logging level use sc.setLogLevel(newLevel). For SparkR, use setLogLevel(newLevel).","chan":"stderr","logger":"task"}
{"timestamp":"2025-05-12T01:31:10.036238Z","level":"error","event":"25/05/12 01:31:10 ERROR SparkContext: Failed to add /opt/airflow/jars/* to Spark environment","chan":"stderr","logger":"task"}
{"timestamp":"2025-05-12T01:31:10.036948Z","level":"error","event":"java.io.FileNotFoundException: Jar /opt/airflow/jars/* not found","chan":"stderr","logger":"task"}
{"timestamp":"2025-05-12T01:31:10.037562Z","level":"error","event":"\tat org.apache.spark.SparkContext.addLocalJarFile$1(SparkContext.scala:2095)","chan":"stderr","logger":"task"}
{"timestamp":"2025-05-12T01:31:10.038208Z","level":"error","event":"\tat org.apache.spark.SparkContext.addJar(SparkContext.scala:2151)","chan":"stderr","logger":"task"}
{"timestamp":"2025-05-12T01:31:10.038791Z","level":"error","event":"\tat org.apache.spark.SparkContext.$anonfun$new$15(SparkContext.scala:521)","chan":"stderr","logger":"task"}
{"timestamp":"2025-05-12T01:31:10.039324Z","level":"error","event":"\tat org.apache.spark.SparkContext.$anonfun$new$15$adapted(SparkContext.scala:521)","chan":"stderr","logger":"task"}
{"timestamp":"2025-05-12T01:31:10.039890Z","level":"error","event":"\tat scala.collection.mutable.ResizableArray.foreach(ResizableArray.scala:62)","chan":"stderr","logger":"task"}
{"timestamp":"2025-05-12T01:31:10.040469Z","level":"error","event":"\tat scala.collection.mutable.ResizableArray.foreach$(ResizableArray.scala:55)","chan":"stderr","logger":"task"}
{"timestamp":"2025-05-12T01:31:10.041102Z","level":"error","event":"\tat scala.collection.mutable.ArrayBuffer.foreach(ArrayBuffer.scala:49)","chan":"stderr","logger":"task"}
{"timestamp":"2025-05-12T01:31:10.041666Z","level":"error","event":"\tat org.apache.spark.SparkContext.<init>(SparkContext.scala:521)","chan":"stderr","logger":"task"}
{"timestamp":"2025-05-12T01:31:10.042117Z","level":"error","event":"\tat org.apache.spark.api.java.JavaSparkContext.<init>(JavaSparkContext.scala:58)","chan":"stderr","logger":"task"}
{"timestamp":"2025-05-12T01:31:10.042682Z","level":"error","event":"\tat java.base/jdk.internal.reflect.NativeConstructorAccessorImpl.newInstance0(Native Method)","chan":"stderr","logger":"task"}
{"timestamp":"2025-05-12T01:31:10.043296Z","level":"error","event":"\tat java.base/jdk.internal.reflect.NativeConstructorAccessorImpl.newInstance(NativeConstructorAccessorImpl.java:77)","chan":"stderr","logger":"task"}
{"timestamp":"2025-05-12T01:31:10.043882Z","level":"error","event":"\tat java.base/jdk.internal.reflect.DelegatingConstructorAccessorImpl.newInstance(DelegatingConstructorAccessorImpl.java:45)","chan":"stderr","logger":"task"}
{"timestamp":"2025-05-12T01:31:10.044363Z","level":"error","event":"\tat java.base/java.lang.reflect.Constructor.newInstanceWithCaller(Constructor.java:500)","chan":"stderr","logger":"task"}
{"timestamp":"2025-05-12T01:31:10.044808Z","level":"error","event":"\tat java.base/java.lang.reflect.Constructor.newInstance(Constructor.java:481)","chan":"stderr","logger":"task"}
{"timestamp":"2025-05-12T01:31:10.045200Z","level":"error","event":"\tat py4j.reflection.MethodInvoker.invoke(MethodInvoker.java:247)","chan":"stderr","logger":"task"}
{"timestamp":"2025-05-12T01:31:10.045598Z","level":"error","event":"\tat py4j.reflection.ReflectionEngine.invoke(ReflectionEngine.java:374)","chan":"stderr","logger":"task"}
{"timestamp":"2025-05-12T01:31:10.046067Z","level":"error","event":"\tat py4j.Gateway.invoke(Gateway.java:238)","chan":"stderr","logger":"task"}
{"timestamp":"2025-05-12T01:31:10.046540Z","level":"error","event":"\tat py4j.commands.ConstructorCommand.invokeConstructor(ConstructorCommand.java:80)","chan":"stderr","logger":"task"}
{"timestamp":"2025-05-12T01:31:10.047073Z","level":"error","event":"\tat py4j.commands.ConstructorCommand.execute(ConstructorCommand.java:69)","chan":"stderr","logger":"task"}
{"timestamp":"2025-05-12T01:31:10.047660Z","level":"error","event":"\tat py4j.ClientServerConnection.waitForCommands(ClientServerConnection.java:182)","chan":"stderr","logger":"task"}
{"timestamp":"2025-05-12T01:31:10.048122Z","level":"error","event":"\tat py4j.ClientServerConnection.run(ClientServerConnection.java:106)","chan":"stderr","logger":"task"}
{"timestamp":"2025-05-12T01:31:10.048525Z","level":"error","event":"\tat java.base/java.lang.Thread.run(Thread.java:840)","chan":"stderr","logger":"task"}
{"timestamp":"2025-05-12T01:31:17.923737Z","level":"error","event":"25/05/12 01:31:17 ERROR TorrentBroadcast: Store broadcast broadcast_0 fail, remove all pieces of the broadcast","chan":"stderr","logger":"task"}
{"timestamp":"2025-05-12T01:31:18.003900Z","level":"info","event":"Mengambil data saham AADI.JK dari yfinance...","chan":"stdout","logger":"task"}
{"timestamp":"2025-05-12T01:31:18.004334Z","level":"info","event":"Data saham AADI.JK berhasil disimpan ke MongoDB!","chan":"stdout","logger":"task"}
{"timestamp":"2025-05-12T01:31:18.004726Z","level":"info","event":"Mengambil data saham AALI.JK dari yfinance...","chan":"stdout","logger":"task"}
{"timestamp":"2025-05-12T01:31:18.005097Z","level":"info","event":"Data saham AALI.JK berhasil disimpan ke MongoDB!","chan":"stdout","logger":"task"}
{"timestamp":"2025-05-12T01:31:18.005458Z","level":"info","event":"Mengambil data saham ABBA.JK dari yfinance...","chan":"stdout","logger":"task"}
{"timestamp":"2025-05-12T01:31:18.005921Z","level":"info","event":"Data saham ABBA.JK berhasil disimpan ke MongoDB!","chan":"stdout","logger":"task"}
{"timestamp":"2025-05-12T01:31:18.006268Z","level":"info","event":"Mengambil data saham ABDA.JK dari yfinance...","chan":"stdout","logger":"task"}
{"timestamp":"2025-05-12T01:31:18.006614Z","level":"info","event":"Data saham ABDA.JK berhasil disimpan ke MongoDB!","chan":"stdout","logger":"task"}
{"timestamp":"2025-05-12T01:31:18.007011Z","level":"info","event":"Mengambil data saham ABMM.JK dari yfinance...","chan":"stdout","logger":"task"}
{"timestamp":"2025-05-12T01:31:18.007441Z","level":"info","event":"Data saham ABMM.JK berhasil disimpan ke MongoDB!","chan":"stdout","logger":"task"}
{"timestamp":"2025-05-12T01:31:18.007784Z","level":"info","event":"Semua data saham selesai diproses!","chan":"stdout","logger":"task"}
{"timestamp":"2025-05-12T01:31:18.008227Z","level":"error","event":"Traceback (most recent call last):","chan":"stderr","logger":"task"}
{"timestamp":"2025-05-12T01:31:18.008519Z","level":"error","event":"  File \"/opt/airflow/dags/jobs/YFinance.py\", line 61, in <module>","chan":"stderr","logger":"task"}
{"timestamp":"2025-05-12T01:31:18.008821Z","level":"error","event":"    .load().withColumn(\"date\", to_date(col(\"Date\")))","chan":"stderr","logger":"task"}
{"timestamp":"2025-05-12T01:31:18.009114Z","level":"error","event":"     ^^^^^^","chan":"stderr","logger":"task"}
{"timestamp":"2025-05-12T01:31:18.009421Z","level":"error","event":"  File \"/home/airflow/.local/lib/python3.12/site-packages/pyspark/sql/readwriter.py\", line 314, in load","chan":"stderr","logger":"task"}
{"timestamp":"2025-05-12T01:31:18.009736Z","level":"error","event":"    return self._df(self._jreader.load())","chan":"stderr","logger":"task"}
{"timestamp":"2025-05-12T01:31:18.010085Z","level":"error","event":"                    ^^^^^^^^^^^^^^^^^^^^","chan":"stderr","logger":"task"}
{"timestamp":"2025-05-12T01:31:18.010404Z","level":"error","event":"  File \"/home/airflow/.local/lib/python3.12/site-packages/py4j/java_gateway.py\", line 1322, in __call__","chan":"stderr","logger":"task"}
{"timestamp":"2025-05-12T01:31:18.010807Z","level":"error","event":"    return_value = get_return_value(","chan":"stderr","logger":"task"}
{"timestamp":"2025-05-12T01:31:18.011179Z","level":"error","event":"                   ^^^^^^^^^^^^^^^^^","chan":"stderr","logger":"task"}
{"timestamp":"2025-05-12T01:31:18.011541Z","level":"error","event":"  File \"/home/airflow/.local/lib/python3.12/site-packages/pyspark/errors/exceptions/captured.py\", line 179, in deco","chan":"stderr","logger":"task"}
{"timestamp":"2025-05-12T01:31:18.012026Z","level":"error","event":"    return f(*a, **kw)","chan":"stderr","logger":"task"}
{"timestamp":"2025-05-12T01:31:18.012352Z","level":"error","event":"           ^^^^^^^^^^^","chan":"stderr","logger":"task"}
{"timestamp":"2025-05-12T01:31:18.012652Z","level":"error","event":"  File \"/home/airflow/.local/lib/python3.12/site-packages/py4j/protocol.py\", line 326, in get_return_value","chan":"stderr","logger":"task"}
{"timestamp":"2025-05-12T01:31:18.012995Z","level":"error","event":"    raise Py4JJavaError(","chan":"stderr","logger":"task"}
{"timestamp":"2025-05-12T01:31:18.013346Z","level":"error","event":"py4j.protocol.Py4JJavaError: An error occurred while calling o34.load.","chan":"stderr","logger":"task"}
{"timestamp":"2025-05-12T01:31:18.013682Z","level":"error","event":": java.lang.NoClassDefFoundError: com/mongodb/client/MongoClient","chan":"stderr","logger":"task"}
{"timestamp":"2025-05-12T01:31:18.014001Z","level":"error","event":"\tat java.base/java.lang.Class.getDeclaredMethods0(Native Method)","chan":"stderr","logger":"task"}
{"timestamp":"2025-05-12T01:31:18.014346Z","level":"error","event":"\tat java.base/java.lang.Class.privateGetDeclaredMethods(Class.java:3402)","chan":"stderr","logger":"task"}
{"timestamp":"2025-05-12T01:31:18.014653Z","level":"error","event":"\tat java.base/java.lang.Class.getDeclaredMethod(Class.java:2673)","chan":"stderr","logger":"task"}
{"timestamp":"2025-05-12T01:31:18.014946Z","level":"error","event":"\tat java.base/java.io.ObjectStreamClass.getPrivateMethod(ObjectStreamClass.java:1524)","chan":"stderr","logger":"task"}
{"timestamp":"2025-05-12T01:31:18.015294Z","level":"error","event":"\tat java.base/java.io.ObjectStreamClass$2.run(ObjectStreamClass.java:413)","chan":"stderr","logger":"task"}
{"timestamp":"2025-05-12T01:31:18.015643Z","level":"error","event":"\tat java.base/java.io.ObjectStreamClass$2.run(ObjectStreamClass.java:384)","chan":"stderr","logger":"task"}
{"timestamp":"2025-05-12T01:31:18.015934Z","level":"error","event":"\tat java.base/java.security.AccessController.doPrivileged(AccessController.java:318)","chan":"stderr","logger":"task"}
{"timestamp":"2025-05-12T01:31:18.016241Z","level":"error","event":"\tat java.base/java.io.ObjectStreamClass.<init>(ObjectStreamClass.java:384)","chan":"stderr","logger":"task"}
{"timestamp":"2025-05-12T01:31:18.016645Z","level":"error","event":"\tat java.base/java.io.ObjectStreamClass$Caches$1.computeValue(ObjectStreamClass.java:110)","chan":"stderr","logger":"task"}
{"timestamp":"2025-05-12T01:31:18.017042Z","level":"error","event":"\tat java.base/java.io.ObjectStreamClass$Caches$1.computeValue(ObjectStreamClass.java:107)","chan":"stderr","logger":"task"}
{"timestamp":"2025-05-12T01:31:18.017426Z","level":"error","event":"\tat java.base/java.io.ClassCache$1.computeValue(ClassCache.java:73)","chan":"stderr","logger":"task"}
{"timestamp":"2025-05-12T01:31:18.017747Z","level":"error","event":"\tat java.base/java.io.ClassCache$1.computeValue(ClassCache.java:70)","chan":"stderr","logger":"task"}
{"timestamp":"2025-05-12T01:31:18.018048Z","level":"error","event":"\tat java.base/java.lang.ClassValue.getFromHashMap(ClassValue.java:228)","chan":"stderr","logger":"task"}
{"timestamp":"2025-05-12T01:31:18.018378Z","level":"error","event":"\tat java.base/java.lang.ClassValue.getFromBackup(ClassValue.java:210)","chan":"stderr","logger":"task"}
{"timestamp":"2025-05-12T01:31:18.018706Z","level":"error","event":"\tat java.base/java.lang.ClassValue.get(ClassValue.java:116)","chan":"stderr","logger":"task"}
{"timestamp":"2025-05-12T01:31:18.019007Z","level":"error","event":"\tat java.base/java.io.ClassCache.get(ClassCache.java:84)","chan":"stderr","logger":"task"}
{"timestamp":"2025-05-12T01:31:18.019306Z","level":"error","event":"\tat java.base/java.io.ObjectStreamClass.lookup(ObjectStreamClass.java:363)","chan":"stderr","logger":"task"}
{"timestamp":"2025-05-12T01:31:18.019606Z","level":"error","event":"\tat java.base/java.io.ObjectOutputStream.writeObject0(ObjectOutputStream.java:1137)","chan":"stderr","logger":"task"}
{"timestamp":"2025-05-12T01:31:18.019900Z","level":"error","event":"\tat java.base/java.io.ObjectOutputStream.writeObject(ObjectOutputStream.java:350)","chan":"stderr","logger":"task"}
{"timestamp":"2025-05-12T01:31:18.020182Z","level":"error","event":"\tat org.apache.spark.serializer.JavaSerializationStream.writeObject(JavaSerializer.scala:46)","chan":"stderr","logger":"task"}
{"timestamp":"2025-05-12T01:31:18.020484Z","level":"error","event":"\tat org.apache.spark.broadcast.TorrentBroadcast$.$anonfun$blockifyObject$4(TorrentBroadcast.scala:365)","chan":"stderr","logger":"task"}
{"timestamp":"2025-05-12T01:31:18.020756Z","level":"error","event":"\tat org.apache.spark.util.SparkErrorUtils.tryWithSafeFinally(SparkErrorUtils.scala:64)","chan":"stderr","logger":"task"}
{"timestamp":"2025-05-12T01:31:18.021076Z","level":"error","event":"\tat org.apache.spark.util.SparkErrorUtils.tryWithSafeFinally$(SparkErrorUtils.scala:61)","chan":"stderr","logger":"task"}
{"timestamp":"2025-05-12T01:31:18.021396Z","level":"error","event":"\tat org.apache.spark.util.Utils$.tryWithSafeFinally(Utils.scala:94)","chan":"stderr","logger":"task"}
{"timestamp":"2025-05-12T01:31:18.021758Z","level":"error","event":"\tat org.apache.spark.broadcast.TorrentBroadcast$.blockifyObject(TorrentBroadcast.scala:367)","chan":"stderr","logger":"task"}
{"timestamp":"2025-05-12T01:31:18.022042Z","level":"error","event":"\tat org.apache.spark.broadcast.TorrentBroadcast.writeBlocks(TorrentBroadcast.scala:161)","chan":"stderr","logger":"task"}
{"timestamp":"2025-05-12T01:31:18.022381Z","level":"error","event":"\tat org.apache.spark.broadcast.TorrentBroadcast.<init>(TorrentBroadcast.scala:99)","chan":"stderr","logger":"task"}
{"timestamp":"2025-05-12T01:31:18.022682Z","level":"error","event":"\tat org.apache.spark.broadcast.TorrentBroadcastFactory.newBroadcast(TorrentBroadcastFactory.scala:38)","chan":"stderr","logger":"task"}
{"timestamp":"2025-05-12T01:31:18.023001Z","level":"error","event":"\tat org.apache.spark.broadcast.BroadcastManager.newBroadcast(BroadcastManager.scala:78)","chan":"stderr","logger":"task"}
{"timestamp":"2025-05-12T01:31:18.023326Z","level":"error","event":"\tat org.apache.spark.SparkContext.broadcastInternal(SparkContext.scala:1657)","chan":"stderr","logger":"task"}
{"timestamp":"2025-05-12T01:31:18.023625Z","level":"error","event":"\tat org.apache.spark.SparkContext.broadcast(SparkContext.scala:1639)","chan":"stderr","logger":"task"}
{"timestamp":"2025-05-12T01:31:18.023936Z","level":"error","event":"\tat com.mongodb.spark.MongoSpark.rdd(MongoSpark.scala:530)","chan":"stderr","logger":"task"}
{"timestamp":"2025-05-12T01:31:18.024225Z","level":"error","event":"\tat com.mongodb.spark.MongoSpark.toRDD(MongoSpark.scala:542)","chan":"stderr","logger":"task"}
{"timestamp":"2025-05-12T01:31:18.024501Z","level":"error","event":"\tat com.mongodb.spark.sql.DefaultSource.constructRelation(DefaultSource.scala:93)","chan":"stderr","logger":"task"}
{"timestamp":"2025-05-12T01:31:18.024805Z","level":"error","event":"\tat com.mongodb.spark.sql.DefaultSource.createRelation(DefaultSource.scala:50)","chan":"stderr","logger":"task"}
{"timestamp":"2025-05-12T01:31:18.025135Z","level":"error","event":"\tat org.apache.spark.sql.execution.datasources.DataSource.resolveRelation(DataSource.scala:346)","chan":"stderr","logger":"task"}
{"timestamp":"2025-05-12T01:31:18.025423Z","level":"error","event":"\tat org.apache.spark.sql.DataFrameReader.loadV1Source(DataFrameReader.scala:229)","chan":"stderr","logger":"task"}
{"timestamp":"2025-05-12T01:31:18.025806Z","level":"error","event":"\tat org.apache.spark.sql.DataFrameReader.$anonfun$load$2(DataFrameReader.scala:211)","chan":"stderr","logger":"task"}
{"timestamp":"2025-05-12T01:31:18.026129Z","level":"error","event":"\tat scala.Option.getOrElse(Option.scala:189)","chan":"stderr","logger":"task"}
{"timestamp":"2025-05-12T01:31:18.026469Z","level":"error","event":"\tat org.apache.spark.sql.DataFrameReader.load(DataFrameReader.scala:211)","chan":"stderr","logger":"task"}
{"timestamp":"2025-05-12T01:31:18.026811Z","level":"error","event":"\tat org.apache.spark.sql.DataFrameReader.load(DataFrameReader.scala:172)","chan":"stderr","logger":"task"}
{"timestamp":"2025-05-12T01:31:18.027123Z","level":"error","event":"\tat java.base/jdk.internal.reflect.NativeMethodAccessorImpl.invoke0(Native Method)","chan":"stderr","logger":"task"}
{"timestamp":"2025-05-12T01:31:18.027433Z","level":"error","event":"\tat java.base/jdk.internal.reflect.NativeMethodAccessorImpl.invoke(NativeMethodAccessorImpl.java:77)","chan":"stderr","logger":"task"}
{"timestamp":"2025-05-12T01:31:18.027744Z","level":"error","event":"\tat java.base/jdk.internal.reflect.DelegatingMethodAccessorImpl.invoke(DelegatingMethodAccessorImpl.java:43)","chan":"stderr","logger":"task"}
{"timestamp":"2025-05-12T01:31:18.028049Z","level":"error","event":"\tat java.base/java.lang.reflect.Method.invoke(Method.java:569)","chan":"stderr","logger":"task"}
{"timestamp":"2025-05-12T01:31:18.028331Z","level":"error","event":"\tat py4j.reflection.MethodInvoker.invoke(MethodInvoker.java:244)","chan":"stderr","logger":"task"}
{"timestamp":"2025-05-12T01:31:18.028619Z","level":"error","event":"\tat py4j.reflection.ReflectionEngine.invoke(ReflectionEngine.java:374)","chan":"stderr","logger":"task"}
{"timestamp":"2025-05-12T01:31:18.028915Z","level":"error","event":"\tat py4j.Gateway.invoke(Gateway.java:282)","chan":"stderr","logger":"task"}
{"timestamp":"2025-05-12T01:31:18.029248Z","level":"error","event":"\tat py4j.commands.AbstractCommand.invokeMethod(AbstractCommand.java:132)","chan":"stderr","logger":"task"}
{"timestamp":"2025-05-12T01:31:18.029700Z","level":"error","event":"\tat py4j.commands.CallCommand.execute(CallCommand.java:79)","chan":"stderr","logger":"task"}
{"timestamp":"2025-05-12T01:31:18.029992Z","level":"error","event":"\tat py4j.ClientServerConnection.waitForCommands(ClientServerConnection.java:182)","chan":"stderr","logger":"task"}
{"timestamp":"2025-05-12T01:31:18.030266Z","level":"error","event":"\tat py4j.ClientServerConnection.run(ClientServerConnection.java:106)","chan":"stderr","logger":"task"}
{"timestamp":"2025-05-12T01:31:18.030556Z","level":"error","event":"\tat java.base/java.lang.Thread.run(Thread.java:840)","chan":"stderr","logger":"task"}
{"timestamp":"2025-05-12T01:31:18.030901Z","level":"error","event":"Caused by: java.lang.ClassNotFoundException: com.mongodb.client.MongoClient","chan":"stderr","logger":"task"}
{"timestamp":"2025-05-12T01:31:18.031219Z","level":"error","event":"\tat java.base/java.net.URLClassLoader.findClass(URLClassLoader.java:445)","chan":"stderr","logger":"task"}
{"timestamp":"2025-05-12T01:31:18.031564Z","level":"error","event":"\tat java.base/java.lang.ClassLoader.loadClass(ClassLoader.java:592)","chan":"stderr","logger":"task"}
{"timestamp":"2025-05-12T01:31:18.031870Z","level":"error","event":"\tat java.base/java.lang.ClassLoader.loadClass(ClassLoader.java:525)","chan":"stderr","logger":"task"}
{"timestamp":"2025-05-12T01:31:18.032152Z","level":"error","event":"\t... 53 more","chan":"stderr","logger":"task"}
{"timestamp":"2025-05-12T01:31:18.032413Z","level":"error","event":"","chan":"stderr","logger":"task"}
{"timestamp":"2025-05-12T01:31:18.777015","level":"error","event":"Task failed with exception","logger":"task","error_detail":[{"exc_type":"CalledProcessError","exc_value":"Command '['python', 'dags/jobs/YFinance.py']' returned non-zero exit status 1.","exc_notes":[],"syntax_error":null,"is_cause":false,"frames":[{"filename":"/home/airflow/.local/lib/python3.12/site-packages/airflow/sdk/execution_time/task_runner.py","lineno":825,"name":"run"},{"filename":"/home/airflow/.local/lib/python3.12/site-packages/airflow/sdk/execution_time/task_runner.py","lineno":1088,"name":"_execute_task"},{"filename":"/home/airflow/.local/lib/python3.12/site-packages/airflow/sdk/bases/operator.py","lineno":408,"name":"wrapper"},{"filename":"/home/airflow/.local/lib/python3.12/site-packages/airflow/providers/standard/operators/python.py","lineno":212,"name":"execute"},{"filename":"/home/airflow/.local/lib/python3.12/site-packages/airflow/providers/standard/operators/python.py","lineno":235,"name":"execute_callable"},{"filename":"/home/airflow/.local/lib/python3.12/site-packages/airflow/sdk/execution_time/callback_runner.py","lineno":81,"name":"run"},{"filename":"/opt/airflow/dags/yfinance_DAG.py","lineno":14,"name":"<lambda>"},{"filename":"/usr/local/lib/python3.12/subprocess.py","lineno":571,"name":"run"}]}]}
