{"timestamp":"2025-05-12T02:23:00.729064","level":"info","event":"DAG bundles loaded: dags-folder","logger":"airflow.dag_processing.bundles.manager.DagBundlesManager"}
{"timestamp":"2025-05-12T02:23:00.729850","level":"info","event":"Filling up the DagBag from /opt/airflow/dags/yfinance_DAG.py","logger":"airflow.models.dagbag.DagBag"}
{"timestamp":"2025-05-12T02:23:06.443463Z","level":"error","event":"25/05/12 02:23:06 WARN NativeCodeLoader: Unable to load native-hadoop library for your platform... using builtin-java classes where applicable","chan":"stderr","logger":"task"}
{"timestamp":"2025-05-12T02:23:06.726107Z","level":"error","event":"Setting default log level to \"WARN\".","chan":"stderr","logger":"task"}
{"timestamp":"2025-05-12T02:23:06.739508Z","level":"error","event":"To adjust logging level use sc.setLogLevel(newLevel). For SparkR, use setLogLevel(newLevel).","chan":"stderr","logger":"task"}
{"timestamp":"2025-05-12T02:23:08.377198Z","level":"error","event":"25/05/12 02:23:08 ERROR SparkContext: Error initializing SparkContext.","chan":"stderr","logger":"task"}
{"timestamp":"2025-05-12T02:23:08.377730Z","level":"error","event":"java.io.FileNotFoundException: File file:/tmp/spark-events does not exist","chan":"stderr","logger":"task"}
{"timestamp":"2025-05-12T02:23:08.378182Z","level":"error","event":"\tat org.apache.hadoop.fs.RawLocalFileSystem.deprecatedGetFileStatus(RawLocalFileSystem.java:779)","chan":"stderr","logger":"task"}
{"timestamp":"2025-05-12T02:23:08.378570Z","level":"error","event":"\tat org.apache.hadoop.fs.RawLocalFileSystem.getFileLinkStatusInternal(RawLocalFileSystem.java:1100)","chan":"stderr","logger":"task"}
{"timestamp":"2025-05-12T02:23:08.379004Z","level":"error","event":"\tat org.apache.hadoop.fs.RawLocalFileSystem.getFileStatus(RawLocalFileSystem.java:769)","chan":"stderr","logger":"task"}
{"timestamp":"2025-05-12T02:23:08.379382Z","level":"error","event":"\tat org.apache.hadoop.fs.FilterFileSystem.getFileStatus(FilterFileSystem.java:462)","chan":"stderr","logger":"task"}
{"timestamp":"2025-05-12T02:23:08.379726Z","level":"error","event":"\tat org.apache.spark.deploy.history.EventLogFileWriter.requireLogBaseDirAsDirectory(EventLogFileWriters.scala:77)","chan":"stderr","logger":"task"}
{"timestamp":"2025-05-12T02:23:08.380064Z","level":"error","event":"\tat org.apache.spark.deploy.history.SingleEventLogFileWriter.start(EventLogFileWriters.scala:221)","chan":"stderr","logger":"task"}
{"timestamp":"2025-05-12T02:23:08.380390Z","level":"error","event":"\tat org.apache.spark.scheduler.EventLoggingListener.start(EventLoggingListener.scala:81)","chan":"stderr","logger":"task"}
{"timestamp":"2025-05-12T02:23:08.380715Z","level":"error","event":"\tat org.apache.spark.SparkContext.<init>(SparkContext.scala:632)","chan":"stderr","logger":"task"}
{"timestamp":"2025-05-12T02:23:08.380992Z","level":"error","event":"\tat org.apache.spark.api.java.JavaSparkContext.<init>(JavaSparkContext.scala:58)","chan":"stderr","logger":"task"}
{"timestamp":"2025-05-12T02:23:08.381273Z","level":"error","event":"\tat java.base/jdk.internal.reflect.NativeConstructorAccessorImpl.newInstance0(Native Method)","chan":"stderr","logger":"task"}
{"timestamp":"2025-05-12T02:23:08.381540Z","level":"error","event":"\tat java.base/jdk.internal.reflect.NativeConstructorAccessorImpl.newInstance(NativeConstructorAccessorImpl.java:77)","chan":"stderr","logger":"task"}
{"timestamp":"2025-05-12T02:23:08.381919Z","level":"error","event":"\tat java.base/jdk.internal.reflect.DelegatingConstructorAccessorImpl.newInstance(DelegatingConstructorAccessorImpl.java:45)","chan":"stderr","logger":"task"}
{"timestamp":"2025-05-12T02:23:08.382271Z","level":"error","event":"\tat java.base/java.lang.reflect.Constructor.newInstanceWithCaller(Constructor.java:500)","chan":"stderr","logger":"task"}
{"timestamp":"2025-05-12T02:23:08.382639Z","level":"error","event":"\tat java.base/java.lang.reflect.Constructor.newInstance(Constructor.java:481)","chan":"stderr","logger":"task"}
{"timestamp":"2025-05-12T02:23:08.382964Z","level":"error","event":"\tat py4j.reflection.MethodInvoker.invoke(MethodInvoker.java:247)","chan":"stderr","logger":"task"}
{"timestamp":"2025-05-12T02:23:08.383289Z","level":"error","event":"\tat py4j.reflection.ReflectionEngine.invoke(ReflectionEngine.java:374)","chan":"stderr","logger":"task"}
{"timestamp":"2025-05-12T02:23:08.383573Z","level":"error","event":"\tat py4j.Gateway.invoke(Gateway.java:238)","chan":"stderr","logger":"task"}
{"timestamp":"2025-05-12T02:23:08.383865Z","level":"error","event":"\tat py4j.commands.ConstructorCommand.invokeConstructor(ConstructorCommand.java:80)","chan":"stderr","logger":"task"}
{"timestamp":"2025-05-12T02:23:08.384286Z","level":"error","event":"\tat py4j.commands.ConstructorCommand.execute(ConstructorCommand.java:69)","chan":"stderr","logger":"task"}
{"timestamp":"2025-05-12T02:23:08.384730Z","level":"error","event":"\tat py4j.ClientServerConnection.waitForCommands(ClientServerConnection.java:182)","chan":"stderr","logger":"task"}
{"timestamp":"2025-05-12T02:23:08.385075Z","level":"error","event":"\tat py4j.ClientServerConnection.run(ClientServerConnection.java:106)","chan":"stderr","logger":"task"}
{"timestamp":"2025-05-12T02:23:08.385422Z","level":"error","event":"\tat java.base/java.lang.Thread.run(Thread.java:840)","chan":"stderr","logger":"task"}
{"timestamp":"2025-05-12T02:23:08.446393Z","level":"error","event":"Traceback (most recent call last):","chan":"stderr","logger":"task"}
{"timestamp":"2025-05-12T02:23:08.446772Z","level":"error","event":"  File \"/opt/airflow/dags/jobs/YFinance.py\", line 30, in <module>","chan":"stderr","logger":"task"}
{"timestamp":"2025-05-12T02:23:08.449583Z","level":"error","event":"    .getOrCreate()","chan":"stderr","logger":"task"}
{"timestamp":"2025-05-12T02:23:08.449931Z","level":"error","event":"     ^^^^^^^^^^^^^","chan":"stderr","logger":"task"}
{"timestamp":"2025-05-12T02:23:08.450230Z","level":"error","event":"  File \"/home/airflow/.local/lib/python3.12/site-packages/pyspark/sql/session.py\", line 497, in getOrCreate","chan":"stderr","logger":"task"}
{"timestamp":"2025-05-12T02:23:08.450641Z","level":"error","event":"    sc = SparkContext.getOrCreate(sparkConf)","chan":"stderr","logger":"task"}
{"timestamp":"2025-05-12T02:23:08.450924Z","level":"error","event":"         ^^^^^^^^^^^^^^^^^^^^^^^^^^^^^^^^^^^","chan":"stderr","logger":"task"}
{"timestamp":"2025-05-12T02:23:08.451217Z","level":"error","event":"  File \"/home/airflow/.local/lib/python3.12/site-packages/pyspark/context.py\", line 515, in getOrCreate","chan":"stderr","logger":"task"}
{"timestamp":"2025-05-12T02:23:08.451514Z","level":"error","event":"    SparkContext(conf=conf or SparkConf())","chan":"stderr","logger":"task"}
{"timestamp":"2025-05-12T02:23:08.451788Z","level":"error","event":"  File \"/home/airflow/.local/lib/python3.12/site-packages/pyspark/context.py\", line 203, in __init__","chan":"stderr","logger":"task"}
{"timestamp":"2025-05-12T02:23:08.452058Z","level":"error","event":"    self._do_init(","chan":"stderr","logger":"task"}
{"timestamp":"2025-05-12T02:23:08.452343Z","level":"error","event":"  File \"/home/airflow/.local/lib/python3.12/site-packages/pyspark/context.py\", line 296, in _do_init","chan":"stderr","logger":"task"}
{"timestamp":"2025-05-12T02:23:08.452608Z","level":"error","event":"    self._jsc = jsc or self._initialize_context(self._conf._jconf)","chan":"stderr","logger":"task"}
{"timestamp":"2025-05-12T02:23:08.452891Z","level":"error","event":"                       ^^^^^^^^^^^^^^^^^^^^^^^^^^^^^^^^^^^^^^^^^^^","chan":"stderr","logger":"task"}
{"timestamp":"2025-05-12T02:23:08.453175Z","level":"error","event":"  File \"/home/airflow/.local/lib/python3.12/site-packages/pyspark/context.py\", line 421, in _initialize_context","chan":"stderr","logger":"task"}
{"timestamp":"2025-05-12T02:23:08.453448Z","level":"error","event":"    return self._jvm.JavaSparkContext(jconf)","chan":"stderr","logger":"task"}
{"timestamp":"2025-05-12T02:23:08.453726Z","level":"error","event":"           ^^^^^^^^^^^^^^^^^^^^^^^^^^^^^^^^^","chan":"stderr","logger":"task"}
{"timestamp":"2025-05-12T02:23:08.454002Z","level":"error","event":"  File \"/home/airflow/.local/lib/python3.12/site-packages/py4j/java_gateway.py\", line 1587, in __call__","chan":"stderr","logger":"task"}
{"timestamp":"2025-05-12T02:23:08.454404Z","level":"error","event":"    return_value = get_return_value(","chan":"stderr","logger":"task"}
{"timestamp":"2025-05-12T02:23:08.454700Z","level":"error","event":"                   ^^^^^^^^^^^^^^^^^","chan":"stderr","logger":"task"}
{"timestamp":"2025-05-12T02:23:08.454945Z","level":"error","event":"  File \"/home/airflow/.local/lib/python3.12/site-packages/py4j/protocol.py\", line 326, in get_return_value","chan":"stderr","logger":"task"}
{"timestamp":"2025-05-12T02:23:08.455202Z","level":"error","event":"    raise Py4JJavaError(","chan":"stderr","logger":"task"}
{"timestamp":"2025-05-12T02:23:08.455470Z","level":"error","event":"py4j.protocol.Py4JJavaError: An error occurred while calling None.org.apache.spark.api.java.JavaSparkContext.","chan":"stderr","logger":"task"}
{"timestamp":"2025-05-12T02:23:08.455744Z","level":"error","event":": java.io.FileNotFoundException: File file:/tmp/spark-events does not exist","chan":"stderr","logger":"task"}
{"timestamp":"2025-05-12T02:23:08.456015Z","level":"error","event":"\tat org.apache.hadoop.fs.RawLocalFileSystem.deprecatedGetFileStatus(RawLocalFileSystem.java:779)","chan":"stderr","logger":"task"}
{"timestamp":"2025-05-12T02:23:08.456250Z","level":"error","event":"\tat org.apache.hadoop.fs.RawLocalFileSystem.getFileLinkStatusInternal(RawLocalFileSystem.java:1100)","chan":"stderr","logger":"task"}
{"timestamp":"2025-05-12T02:23:08.456471Z","level":"error","event":"\tat org.apache.hadoop.fs.RawLocalFileSystem.getFileStatus(RawLocalFileSystem.java:769)","chan":"stderr","logger":"task"}
{"timestamp":"2025-05-12T02:23:08.456736Z","level":"error","event":"\tat org.apache.hadoop.fs.FilterFileSystem.getFileStatus(FilterFileSystem.java:462)","chan":"stderr","logger":"task"}
{"timestamp":"2025-05-12T02:23:08.456956Z","level":"error","event":"\tat org.apache.spark.deploy.history.EventLogFileWriter.requireLogBaseDirAsDirectory(EventLogFileWriters.scala:77)","chan":"stderr","logger":"task"}
{"timestamp":"2025-05-12T02:23:08.457167Z","level":"error","event":"\tat org.apache.spark.deploy.history.SingleEventLogFileWriter.start(EventLogFileWriters.scala:221)","chan":"stderr","logger":"task"}
{"timestamp":"2025-05-12T02:23:08.457404Z","level":"error","event":"\tat org.apache.spark.scheduler.EventLoggingListener.start(EventLoggingListener.scala:81)","chan":"stderr","logger":"task"}
{"timestamp":"2025-05-12T02:23:08.457623Z","level":"error","event":"\tat org.apache.spark.SparkContext.<init>(SparkContext.scala:632)","chan":"stderr","logger":"task"}
{"timestamp":"2025-05-12T02:23:08.457880Z","level":"error","event":"\tat org.apache.spark.api.java.JavaSparkContext.<init>(JavaSparkContext.scala:58)","chan":"stderr","logger":"task"}
{"timestamp":"2025-05-12T02:23:08.458170Z","level":"error","event":"\tat java.base/jdk.internal.reflect.NativeConstructorAccessorImpl.newInstance0(Native Method)","chan":"stderr","logger":"task"}
{"timestamp":"2025-05-12T02:23:08.458419Z","level":"error","event":"\tat java.base/jdk.internal.reflect.NativeConstructorAccessorImpl.newInstance(NativeConstructorAccessorImpl.java:77)","chan":"stderr","logger":"task"}
{"timestamp":"2025-05-12T02:23:08.458718Z","level":"error","event":"\tat java.base/jdk.internal.reflect.DelegatingConstructorAccessorImpl.newInstance(DelegatingConstructorAccessorImpl.java:45)","chan":"stderr","logger":"task"}
{"timestamp":"2025-05-12T02:23:08.459036Z","level":"error","event":"\tat java.base/java.lang.reflect.Constructor.newInstanceWithCaller(Constructor.java:500)","chan":"stderr","logger":"task"}
{"timestamp":"2025-05-12T02:23:08.459328Z","level":"error","event":"\tat java.base/java.lang.reflect.Constructor.newInstance(Constructor.java:481)","chan":"stderr","logger":"task"}
{"timestamp":"2025-05-12T02:23:08.459881Z","level":"error","event":"\tat py4j.reflection.MethodInvoker.invoke(MethodInvoker.java:247)","chan":"stderr","logger":"task"}
{"timestamp":"2025-05-12T02:23:08.460294Z","level":"error","event":"\tat py4j.reflection.ReflectionEngine.invoke(ReflectionEngine.java:374)","chan":"stderr","logger":"task"}
{"timestamp":"2025-05-12T02:23:08.460648Z","level":"error","event":"\tat py4j.Gateway.invoke(Gateway.java:238)","chan":"stderr","logger":"task"}
{"timestamp":"2025-05-12T02:23:08.460930Z","level":"error","event":"\tat py4j.commands.ConstructorCommand.invokeConstructor(ConstructorCommand.java:80)","chan":"stderr","logger":"task"}
{"timestamp":"2025-05-12T02:23:08.461366Z","level":"error","event":"\tat py4j.commands.ConstructorCommand.execute(ConstructorCommand.java:69)","chan":"stderr","logger":"task"}
{"timestamp":"2025-05-12T02:23:08.461592Z","level":"error","event":"\tat py4j.ClientServerConnection.waitForCommands(ClientServerConnection.java:182)","chan":"stderr","logger":"task"}
{"timestamp":"2025-05-12T02:23:08.461830Z","level":"error","event":"\tat py4j.ClientServerConnection.run(ClientServerConnection.java:106)","chan":"stderr","logger":"task"}
{"timestamp":"2025-05-12T02:23:08.462046Z","level":"error","event":"\tat java.base/java.lang.Thread.run(Thread.java:840)","chan":"stderr","logger":"task"}
{"timestamp":"2025-05-12T02:23:08.462293Z","level":"error","event":"","chan":"stderr","logger":"task"}
{"timestamp":"2025-05-12T02:23:09.065192","level":"error","event":"Task failed with exception","logger":"task","error_detail":[{"exc_type":"CalledProcessError","exc_value":"Command '['python', 'dags/jobs/YFinance.py']' returned non-zero exit status 1.","exc_notes":[],"syntax_error":null,"is_cause":false,"frames":[{"filename":"/home/airflow/.local/lib/python3.12/site-packages/airflow/sdk/execution_time/task_runner.py","lineno":825,"name":"run"},{"filename":"/home/airflow/.local/lib/python3.12/site-packages/airflow/sdk/execution_time/task_runner.py","lineno":1088,"name":"_execute_task"},{"filename":"/home/airflow/.local/lib/python3.12/site-packages/airflow/sdk/bases/operator.py","lineno":408,"name":"wrapper"},{"filename":"/home/airflow/.local/lib/python3.12/site-packages/airflow/providers/standard/operators/python.py","lineno":212,"name":"execute"},{"filename":"/home/airflow/.local/lib/python3.12/site-packages/airflow/providers/standard/operators/python.py","lineno":235,"name":"execute_callable"},{"filename":"/home/airflow/.local/lib/python3.12/site-packages/airflow/sdk/execution_time/callback_runner.py","lineno":81,"name":"run"},{"filename":"/opt/airflow/dags/yfinance_DAG.py","lineno":7,"name":"collect_data"},{"filename":"/usr/local/lib/python3.12/subprocess.py","lineno":571,"name":"run"}]}]}
