{"timestamp":"2025-05-12T01:01:02.533354","level":"info","event":"DAG bundles loaded: dags-folder","logger":"airflow.dag_processing.bundles.manager.DagBundlesManager"}
{"timestamp":"2025-05-12T01:01:02.534323","level":"info","event":"Filling up the DagBag from /opt/airflow/dags/yfinance_DAG.py","logger":"airflow.models.dagbag.DagBag"}
{"timestamp":"2025-05-12T01:01:10.850135Z","level":"info","event":":: loading settings :: url = jar:file:/home/airflow/.local/lib/python3.12/site-packages/pyspark/jars/ivy-2.5.1.jar!/org/apache/ivy/core/settings/ivysettings.xml","chan":"stdout","logger":"task"}
{"timestamp":"2025-05-12T01:01:11.023788Z","level":"error","event":"Ivy Default Cache set to: /home/airflow/.ivy2/cache","chan":"stderr","logger":"task"}
{"timestamp":"2025-05-12T01:01:11.037152Z","level":"error","event":"The jars for the packages stored in: /home/airflow/.ivy2/jars","chan":"stderr","logger":"task"}
{"timestamp":"2025-05-12T01:01:11.038016Z","level":"error","event":"org.mongodb.spark#mongo-spark-connector_2.12 added as a dependency","chan":"stderr","logger":"task"}
{"timestamp":"2025-05-12T01:01:11.038659Z","level":"error","event":":: resolving dependencies :: org.apache.spark#spark-submit-parent-f45d9ee6-65ee-491a-adb1-608d0b86c77d;1.0","chan":"stderr","logger":"task"}
{"timestamp":"2025-05-12T01:01:11.039247Z","level":"error","event":"\tconfs: [default]","chan":"stderr","logger":"task"}
{"timestamp":"2025-05-12T01:01:11.376023Z","level":"error","event":"\tfound org.mongodb.spark#mongo-spark-connector_2.12;3.0.1 in central","chan":"stderr","logger":"task"}
{"timestamp":"2025-05-12T01:01:11.467374Z","level":"error","event":"\tfound org.mongodb#mongodb-driver-sync;4.0.5 in central","chan":"stderr","logger":"task"}
{"timestamp":"2025-05-12T01:01:11.526948Z","level":"error","event":"\tfound org.mongodb#bson;4.0.5 in central","chan":"stderr","logger":"task"}
{"timestamp":"2025-05-12T01:01:11.577091Z","level":"error","event":"\tfound org.mongodb#mongodb-driver-core;4.0.5 in central","chan":"stderr","logger":"task"}
{"timestamp":"2025-05-12T01:01:11.648433Z","level":"error","event":":: resolution report :: resolve 588ms :: artifacts dl 24ms","chan":"stderr","logger":"task"}
{"timestamp":"2025-05-12T01:01:11.649484Z","level":"error","event":"\t:: modules in use:","chan":"stderr","logger":"task"}
{"timestamp":"2025-05-12T01:01:11.650203Z","level":"error","event":"\torg.mongodb#bson;4.0.5 from central in [default]","chan":"stderr","logger":"task"}
{"timestamp":"2025-05-12T01:01:11.651112Z","level":"error","event":"\torg.mongodb#mongodb-driver-core;4.0.5 from central in [default]","chan":"stderr","logger":"task"}
{"timestamp":"2025-05-12T01:01:11.651795Z","level":"error","event":"\torg.mongodb#mongodb-driver-sync;4.0.5 from central in [default]","chan":"stderr","logger":"task"}
{"timestamp":"2025-05-12T01:01:11.652457Z","level":"error","event":"\torg.mongodb.spark#mongo-spark-connector_2.12;3.0.1 from central in [default]","chan":"stderr","logger":"task"}
{"timestamp":"2025-05-12T01:01:11.653132Z","level":"error","event":"\t---------------------------------------------------------------------","chan":"stderr","logger":"task"}
{"timestamp":"2025-05-12T01:01:11.653811Z","level":"error","event":"\t|                  |            modules            ||   artifacts   |","chan":"stderr","logger":"task"}
{"timestamp":"2025-05-12T01:01:11.654417Z","level":"error","event":"\t|       conf       | number| search|dwnlded|evicted|| number|dwnlded|","chan":"stderr","logger":"task"}
{"timestamp":"2025-05-12T01:01:11.655031Z","level":"error","event":"\t---------------------------------------------------------------------","chan":"stderr","logger":"task"}
{"timestamp":"2025-05-12T01:01:11.655671Z","level":"error","event":"\t|      default     |   4   |   0   |   0   |   0   ||   4   |   0   |","chan":"stderr","logger":"task"}
{"timestamp":"2025-05-12T01:01:11.656600Z","level":"error","event":"\t---------------------------------------------------------------------","chan":"stderr","logger":"task"}
{"timestamp":"2025-05-12T01:01:11.662840Z","level":"error","event":":: retrieving :: org.apache.spark#spark-submit-parent-f45d9ee6-65ee-491a-adb1-608d0b86c77d","chan":"stderr","logger":"task"}
{"timestamp":"2025-05-12T01:01:11.663966Z","level":"error","event":"\tconfs: [default]","chan":"stderr","logger":"task"}
{"timestamp":"2025-05-12T01:01:11.696163Z","level":"error","event":"\t0 artifacts copied, 4 already retrieved (0kB/33ms)","chan":"stderr","logger":"task"}
{"timestamp":"2025-05-12T01:01:12.193717Z","level":"error","event":"25/05/12 01:01:12 WARN NativeCodeLoader: Unable to load native-hadoop library for your platform... using builtin-java classes where applicable","chan":"stderr","logger":"task"}
{"timestamp":"2025-05-12T01:01:12.713822Z","level":"error","event":"Setting default log level to \"WARN\".","chan":"stderr","logger":"task"}
{"timestamp":"2025-05-12T01:01:12.724849Z","level":"error","event":"To adjust logging level use sc.setLogLevel(newLevel). For SparkR, use setLogLevel(newLevel).","chan":"stderr","logger":"task"}
{"timestamp":"2025-05-12T01:01:30.618442Z","level":"info","event":"Mengambil data saham AADI.JK dari yfinance...","chan":"stdout","logger":"task"}
{"timestamp":"2025-05-12T01:01:30.618913Z","level":"info","event":"Data saham AADI.JK berhasil disimpan ke MongoDB!","chan":"stdout","logger":"task"}
{"timestamp":"2025-05-12T01:01:30.619393Z","level":"info","event":"Mengambil data saham AALI.JK dari yfinance...","chan":"stdout","logger":"task"}
{"timestamp":"2025-05-12T01:01:30.619752Z","level":"info","event":"Data saham AALI.JK berhasil disimpan ke MongoDB!","chan":"stdout","logger":"task"}
{"timestamp":"2025-05-12T01:01:30.620263Z","level":"info","event":"Mengambil data saham ABBA.JK dari yfinance...","chan":"stdout","logger":"task"}
{"timestamp":"2025-05-12T01:01:30.620645Z","level":"info","event":"Data saham ABBA.JK berhasil disimpan ke MongoDB!","chan":"stdout","logger":"task"}
{"timestamp":"2025-05-12T01:01:30.621003Z","level":"info","event":"Mengambil data saham ABDA.JK dari yfinance...","chan":"stdout","logger":"task"}
{"timestamp":"2025-05-12T01:01:30.621321Z","level":"info","event":"Data saham ABDA.JK berhasil disimpan ke MongoDB!","chan":"stdout","logger":"task"}
{"timestamp":"2025-05-12T01:01:30.621664Z","level":"info","event":"Mengambil data saham ABMM.JK dari yfinance...","chan":"stdout","logger":"task"}
{"timestamp":"2025-05-12T01:01:30.621999Z","level":"info","event":"Data saham ABMM.JK berhasil disimpan ke MongoDB!","chan":"stdout","logger":"task"}
{"timestamp":"2025-05-12T01:01:30.622381Z","level":"info","event":"Semua data saham selesai diproses!","chan":"stdout","logger":"task"}
{"timestamp":"2025-05-12T01:01:30.622727Z","level":"error","event":"\r[Stage 0:>                                                          (0 + 1) / 1]\r\r                                                                                \rTraceback (most recent call last):","chan":"stderr","logger":"task"}
{"timestamp":"2025-05-12T01:01:30.623060Z","level":"error","event":"  File \"/opt/airflow/dags/jobs/YFinance.py\", line 101, in <module>","chan":"stderr","logger":"task"}
{"timestamp":"2025-05-12T01:01:30.623392Z","level":"error","event":"    .save()","chan":"stderr","logger":"task"}
{"timestamp":"2025-05-12T01:01:30.623774Z","level":"error","event":"     ^^^^^^","chan":"stderr","logger":"task"}
{"timestamp":"2025-05-12T01:01:30.624103Z","level":"error","event":"  File \"/home/airflow/.local/lib/python3.12/site-packages/pyspark/sql/readwriter.py\", line 1461, in save","chan":"stderr","logger":"task"}
{"timestamp":"2025-05-12T01:01:30.624545Z","level":"error","event":"    self._jwrite.save()","chan":"stderr","logger":"task"}
{"timestamp":"2025-05-12T01:01:30.624905Z","level":"error","event":"  File \"/home/airflow/.local/lib/python3.12/site-packages/py4j/java_gateway.py\", line 1322, in __call__","chan":"stderr","logger":"task"}
{"timestamp":"2025-05-12T01:01:30.625278Z","level":"error","event":"    return_value = get_return_value(","chan":"stderr","logger":"task"}
{"timestamp":"2025-05-12T01:01:30.625657Z","level":"error","event":"                   ^^^^^^^^^^^^^^^^^","chan":"stderr","logger":"task"}
{"timestamp":"2025-05-12T01:01:30.626204Z","level":"error","event":"  File \"/home/airflow/.local/lib/python3.12/site-packages/pyspark/errors/exceptions/captured.py\", line 185, in deco","chan":"stderr","logger":"task"}
{"timestamp":"2025-05-12T01:01:30.626600Z","level":"error","event":"    raise converted from None","chan":"stderr","logger":"task"}
{"timestamp":"2025-05-12T01:01:30.630690Z","level":"error","event":"pyspark.errors.exceptions.captured.UnsupportedOperationException: MongoCollection already exists","chan":"stderr","logger":"task"}
{"timestamp":"2025-05-12T01:01:31.377080","level":"error","event":"Task failed with exception","logger":"task","error_detail":[{"exc_type":"CalledProcessError","exc_value":"Command '['python', 'dags/jobs/YFinance.py']' returned non-zero exit status 1.","exc_notes":[],"syntax_error":null,"is_cause":false,"frames":[{"filename":"/home/airflow/.local/lib/python3.12/site-packages/airflow/sdk/execution_time/task_runner.py","lineno":825,"name":"run"},{"filename":"/home/airflow/.local/lib/python3.12/site-packages/airflow/sdk/execution_time/task_runner.py","lineno":1088,"name":"_execute_task"},{"filename":"/home/airflow/.local/lib/python3.12/site-packages/airflow/sdk/bases/operator.py","lineno":408,"name":"wrapper"},{"filename":"/home/airflow/.local/lib/python3.12/site-packages/airflow/providers/standard/operators/python.py","lineno":212,"name":"execute"},{"filename":"/home/airflow/.local/lib/python3.12/site-packages/airflow/providers/standard/operators/python.py","lineno":235,"name":"execute_callable"},{"filename":"/home/airflow/.local/lib/python3.12/site-packages/airflow/sdk/execution_time/callback_runner.py","lineno":81,"name":"run"},{"filename":"/opt/airflow/dags/yfinance_DAG.py","lineno":14,"name":"<lambda>"},{"filename":"/usr/local/lib/python3.12/subprocess.py","lineno":571,"name":"run"}]}]}
