{"timestamp":"2025-05-12T01:13:00.783986","level":"info","event":"DAG bundles loaded: dags-folder","logger":"airflow.dag_processing.bundles.manager.DagBundlesManager"}
{"timestamp":"2025-05-12T01:13:00.784650","level":"info","event":"Filling up the DagBag from /opt/airflow/dags/yfinance_DAG.py","logger":"airflow.models.dagbag.DagBag"}
{"timestamp":"2025-05-12T01:13:08.536929Z","level":"info","event":":: loading settings :: url = jar:file:/home/airflow/.local/lib/python3.12/site-packages/pyspark/jars/ivy-2.5.1.jar!/org/apache/ivy/core/settings/ivysettings.xml","chan":"stdout","logger":"task"}
{"timestamp":"2025-05-12T01:13:08.638805Z","level":"error","event":"Exception in thread \"main\" java.lang.IllegalArgumentException: requirement failed: Provided Maven Coordinates must be in the form 'groupId:artifactId:version'. The coordinate provided is: /opt/airflow/jars/mongo-spark-connector.jar","chan":"stderr","logger":"task"}
{"timestamp":"2025-05-12T01:13:08.639899Z","level":"error","event":"\tat scala.Predef$.require(Predef.scala:281)","chan":"stderr","logger":"task"}
{"timestamp":"2025-05-12T01:13:08.640472Z","level":"error","event":"\tat org.apache.spark.deploy.SparkSubmitUtils$.$anonfun$extractMavenCoordinates$1(SparkSubmit.scala:1226)","chan":"stderr","logger":"task"}
{"timestamp":"2025-05-12T01:13:08.641073Z","level":"error","event":"\tat scala.collection.TraversableLike.$anonfun$map$1(TraversableLike.scala:286)","chan":"stderr","logger":"task"}
{"timestamp":"2025-05-12T01:13:08.641612Z","level":"error","event":"\tat scala.collection.IndexedSeqOptimized.foreach(IndexedSeqOptimized.scala:36)","chan":"stderr","logger":"task"}
{"timestamp":"2025-05-12T01:13:08.642105Z","level":"error","event":"\tat scala.collection.IndexedSeqOptimized.foreach$(IndexedSeqOptimized.scala:33)","chan":"stderr","logger":"task"}
{"timestamp":"2025-05-12T01:13:08.642616Z","level":"error","event":"\tat scala.collection.mutable.ArrayOps$ofRef.foreach(ArrayOps.scala:198)","chan":"stderr","logger":"task"}
{"timestamp":"2025-05-12T01:13:08.643356Z","level":"error","event":"\tat scala.collection.TraversableLike.map(TraversableLike.scala:286)","chan":"stderr","logger":"task"}
{"timestamp":"2025-05-12T01:13:08.643902Z","level":"error","event":"\tat scala.collection.TraversableLike.map$(TraversableLike.scala:279)","chan":"stderr","logger":"task"}
{"timestamp":"2025-05-12T01:13:08.644427Z","level":"error","event":"\tat scala.collection.mutable.ArrayOps$ofRef.map(ArrayOps.scala:198)","chan":"stderr","logger":"task"}
{"timestamp":"2025-05-12T01:13:08.644907Z","level":"error","event":"\tat org.apache.spark.deploy.SparkSubmitUtils$.extractMavenCoordinates(SparkSubmit.scala:1224)","chan":"stderr","logger":"task"}
{"timestamp":"2025-05-12T01:13:08.645369Z","level":"error","event":"\tat org.apache.spark.deploy.SparkSubmitUtils$.resolveMavenCoordinates(SparkSubmit.scala:1546)","chan":"stderr","logger":"task"}
{"timestamp":"2025-05-12T01:13:08.645806Z","level":"error","event":"\tat org.apache.spark.util.DependencyUtils$.resolveMavenDependencies(DependencyUtils.scala:185)","chan":"stderr","logger":"task"}
{"timestamp":"2025-05-12T01:13:08.646267Z","level":"error","event":"\tat org.apache.spark.deploy.SparkSubmit.prepareSubmitEnvironment(SparkSubmit.scala:339)","chan":"stderr","logger":"task"}
{"timestamp":"2025-05-12T01:13:08.646700Z","level":"error","event":"\tat org.apache.spark.deploy.SparkSubmit.org$apache$spark$deploy$SparkSubmit$$runMain(SparkSubmit.scala:969)","chan":"stderr","logger":"task"}
{"timestamp":"2025-05-12T01:13:08.647085Z","level":"error","event":"\tat org.apache.spark.deploy.SparkSubmit.doRunMain$1(SparkSubmit.scala:199)","chan":"stderr","logger":"task"}
{"timestamp":"2025-05-12T01:13:08.647536Z","level":"error","event":"\tat org.apache.spark.deploy.SparkSubmit.submit(SparkSubmit.scala:222)","chan":"stderr","logger":"task"}
{"timestamp":"2025-05-12T01:13:08.647965Z","level":"error","event":"\tat org.apache.spark.deploy.SparkSubmit.doSubmit(SparkSubmit.scala:91)","chan":"stderr","logger":"task"}
{"timestamp":"2025-05-12T01:13:08.648382Z","level":"error","event":"\tat org.apache.spark.deploy.SparkSubmit$$anon$2.doSubmit(SparkSubmit.scala:1125)","chan":"stderr","logger":"task"}
{"timestamp":"2025-05-12T01:13:08.648867Z","level":"error","event":"\tat org.apache.spark.deploy.SparkSubmit$.main(SparkSubmit.scala:1134)","chan":"stderr","logger":"task"}
{"timestamp":"2025-05-12T01:13:08.649248Z","level":"error","event":"\tat org.apache.spark.deploy.SparkSubmit.main(SparkSubmit.scala)","chan":"stderr","logger":"task"}
{"timestamp":"2025-05-12T01:13:08.701970Z","level":"error","event":"Traceback (most recent call last):","chan":"stderr","logger":"task"}
{"timestamp":"2025-05-12T01:13:08.702527Z","level":"error","event":"  File \"/opt/airflow/dags/jobs/YFinance.py\", line 22, in <module>","chan":"stderr","logger":"task"}
{"timestamp":"2025-05-12T01:13:08.707427Z","level":"error","event":"    .getOrCreate()","chan":"stderr","logger":"task"}
{"timestamp":"2025-05-12T01:13:08.707924Z","level":"error","event":"     ^^^^^^^^^^^^^","chan":"stderr","logger":"task"}
{"timestamp":"2025-05-12T01:13:08.708425Z","level":"error","event":"  File \"/home/airflow/.local/lib/python3.12/site-packages/pyspark/sql/session.py\", line 497, in getOrCreate","chan":"stderr","logger":"task"}
{"timestamp":"2025-05-12T01:13:08.708892Z","level":"error","event":"    sc = SparkContext.getOrCreate(sparkConf)","chan":"stderr","logger":"task"}
{"timestamp":"2025-05-12T01:13:08.709630Z","level":"error","event":"         ^^^^^^^^^^^^^^^^^^^^^^^^^^^^^^^^^^^","chan":"stderr","logger":"task"}
{"timestamp":"2025-05-12T01:13:08.710098Z","level":"error","event":"  File \"/home/airflow/.local/lib/python3.12/site-packages/pyspark/context.py\", line 515, in getOrCreate","chan":"stderr","logger":"task"}
{"timestamp":"2025-05-12T01:13:08.710503Z","level":"error","event":"    SparkContext(conf=conf or SparkConf())","chan":"stderr","logger":"task"}
{"timestamp":"2025-05-12T01:13:08.711110Z","level":"error","event":"  File \"/home/airflow/.local/lib/python3.12/site-packages/pyspark/context.py\", line 201, in __init__","chan":"stderr","logger":"task"}
{"timestamp":"2025-05-12T01:13:08.711699Z","level":"error","event":"    SparkContext._ensure_initialized(self, gateway=gateway, conf=conf)","chan":"stderr","logger":"task"}
{"timestamp":"2025-05-12T01:13:08.712155Z","level":"error","event":"  File \"/home/airflow/.local/lib/python3.12/site-packages/pyspark/context.py\", line 436, in _ensure_initialized","chan":"stderr","logger":"task"}
{"timestamp":"2025-05-12T01:13:08.712592Z","level":"error","event":"    SparkContext._gateway = gateway or launch_gateway(conf)","chan":"stderr","logger":"task"}
{"timestamp":"2025-05-12T01:13:08.712985Z","level":"error","event":"                                       ^^^^^^^^^^^^^^^^^^^^","chan":"stderr","logger":"task"}
{"timestamp":"2025-05-12T01:13:08.713408Z","level":"error","event":"  File \"/home/airflow/.local/lib/python3.12/site-packages/pyspark/java_gateway.py\", line 107, in launch_gateway","chan":"stderr","logger":"task"}
{"timestamp":"2025-05-12T01:13:08.713810Z","level":"error","event":"    raise PySparkRuntimeError(","chan":"stderr","logger":"task"}
{"timestamp":"2025-05-12T01:13:08.714231Z","level":"error","event":"pyspark.errors.exceptions.base.PySparkRuntimeError: [JAVA_GATEWAY_EXITED] Java gateway process exited before sending its port number.","chan":"stderr","logger":"task"}
{"timestamp":"2025-05-12T01:13:09.425291","level":"error","event":"Task failed with exception","logger":"task","error_detail":[{"exc_type":"CalledProcessError","exc_value":"Command '['python', 'dags/jobs/YFinance.py']' returned non-zero exit status 1.","exc_notes":[],"syntax_error":null,"is_cause":false,"frames":[{"filename":"/home/airflow/.local/lib/python3.12/site-packages/airflow/sdk/execution_time/task_runner.py","lineno":825,"name":"run"},{"filename":"/home/airflow/.local/lib/python3.12/site-packages/airflow/sdk/execution_time/task_runner.py","lineno":1088,"name":"_execute_task"},{"filename":"/home/airflow/.local/lib/python3.12/site-packages/airflow/sdk/bases/operator.py","lineno":408,"name":"wrapper"},{"filename":"/home/airflow/.local/lib/python3.12/site-packages/airflow/providers/standard/operators/python.py","lineno":212,"name":"execute"},{"filename":"/home/airflow/.local/lib/python3.12/site-packages/airflow/providers/standard/operators/python.py","lineno":235,"name":"execute_callable"},{"filename":"/home/airflow/.local/lib/python3.12/site-packages/airflow/sdk/execution_time/callback_runner.py","lineno":81,"name":"run"},{"filename":"/opt/airflow/dags/yfinance_DAG.py","lineno":14,"name":"<lambda>"},{"filename":"/usr/local/lib/python3.12/subprocess.py","lineno":571,"name":"run"}]}]}
