{"timestamp":"2025-05-12T02:45:03.296419","level":"info","event":"DAG bundles loaded: dags-folder","logger":"airflow.dag_processing.bundles.manager.DagBundlesManager"}
{"timestamp":"2025-05-12T02:45:03.297770","level":"info","event":"Filling up the DagBag from /opt/airflow/dags/yfinance_DAG.py","logger":"airflow.models.dagbag.DagBag"}
{"timestamp":"2025-05-12T02:45:13.574431Z","level":"info","event":"Mengambil data saham AADI.JK dari yfinance...","chan":"stdout","logger":"task"}
{"timestamp":"2025-05-12T02:45:13.575088Z","level":"info","event":"Data saham AADI.JK berhasil disimpan ke MongoDB!","chan":"stdout","logger":"task"}
{"timestamp":"2025-05-12T02:45:13.575893Z","level":"info","event":"Mengambil data saham AALI.JK dari yfinance...","chan":"stdout","logger":"task"}
{"timestamp":"2025-05-12T02:45:13.576273Z","level":"info","event":"Data saham AALI.JK berhasil disimpan ke MongoDB!","chan":"stdout","logger":"task"}
{"timestamp":"2025-05-12T02:45:13.576686Z","level":"info","event":"Mengambil data saham ABBA.JK dari yfinance...","chan":"stdout","logger":"task"}
{"timestamp":"2025-05-12T02:45:13.577043Z","level":"info","event":"Data saham ABBA.JK berhasil disimpan ke MongoDB!","chan":"stdout","logger":"task"}
{"timestamp":"2025-05-12T02:45:13.577332Z","level":"info","event":"Mengambil data saham ABDA.JK dari yfinance...","chan":"stdout","logger":"task"}
{"timestamp":"2025-05-12T02:45:13.577679Z","level":"info","event":"Data saham ABDA.JK berhasil disimpan ke MongoDB!","chan":"stdout","logger":"task"}
{"timestamp":"2025-05-12T02:45:13.578032Z","level":"info","event":"Mengambil data saham ABMM.JK dari yfinance...","chan":"stdout","logger":"task"}
{"timestamp":"2025-05-12T02:45:13.578403Z","level":"info","event":"Data saham ABMM.JK berhasil disimpan ke MongoDB!","chan":"stdout","logger":"task"}
{"timestamp":"2025-05-12T02:45:13.578724Z","level":"info","event":"Semua data saham selesai diproses!","chan":"stdout","logger":"task"}
{"timestamp":"2025-05-12T02:45:19.121799Z","level":"error","event":"25/05/12 02:45:19 WARN NativeCodeLoader: Unable to load native-hadoop library for your platform... using builtin-java classes where applicable","chan":"stderr","logger":"task"}
{"timestamp":"2025-05-12T02:45:19.637350Z","level":"error","event":"Setting default log level to \"WARN\".","chan":"stderr","logger":"task"}
{"timestamp":"2025-05-12T02:45:19.638415Z","level":"error","event":"To adjust logging level use sc.setLogLevel(newLevel). For SparkR, use setLogLevel(newLevel).","chan":"stderr","logger":"task"}
{"timestamp":"2025-05-12T02:45:45.948773","level":"info","event":"Done. Returned value was: None","logger":"airflow.task.operators.airflow.providers.standard.operators.python.PythonOperator"}
{"timestamp":"2025-05-12T02:45:47.407879Z","level":"error","event":"\r[Stage 0:>                                                          (0 + 0) / 1]\r\r[Stage 0:>                                                          (0 + 1) / 1]\r\r                                                                                \r\r[Stage 1:>                                                          (0 + 1) / 1]\r\r[Stage 3:>                                                          (0 + 1) / 1]","chan":"stderr","logger":"task"}
{"timestamp":"2025-05-12T03:05:08.318806","level":"info","event":"DAG bundles loaded: dags-folder","logger":"airflow.dag_processing.bundles.manager.DagBundlesManager"}
{"timestamp":"2025-05-12T03:05:08.319863","level":"info","event":"Filling up the DagBag from /opt/airflow/dags/yfinance_daily.py","logger":"airflow.models.dagbag.DagBag"}
{"timestamp":"2025-05-12T03:05:12.057255Z","level":"error","event":"python: can't open file '/opt/airflow/jobs/YFinance/daily.py': [Errno 2] No such file or directory","chan":"stderr","logger":"task"}
{"timestamp":"2025-05-12T03:05:08.459290","level":"error","event":"Task failed with exception","logger":"task","error_detail":[{"exc_type":"CalledProcessError","exc_value":"Command '['python', 'jobs/YFinance/daily.py']' returned non-zero exit status 2.","exc_notes":[],"syntax_error":null,"is_cause":false,"frames":[{"filename":"/home/airflow/.local/lib/python3.12/site-packages/airflow/sdk/execution_time/task_runner.py","lineno":825,"name":"run"},{"filename":"/home/airflow/.local/lib/python3.12/site-packages/airflow/sdk/execution_time/task_runner.py","lineno":1088,"name":"_execute_task"},{"filename":"/home/airflow/.local/lib/python3.12/site-packages/airflow/sdk/bases/operator.py","lineno":408,"name":"wrapper"},{"filename":"/home/airflow/.local/lib/python3.12/site-packages/airflow/providers/standard/operators/python.py","lineno":212,"name":"execute"},{"filename":"/home/airflow/.local/lib/python3.12/site-packages/airflow/providers/standard/operators/python.py","lineno":235,"name":"execute_callable"},{"filename":"/home/airflow/.local/lib/python3.12/site-packages/airflow/sdk/execution_time/callback_runner.py","lineno":81,"name":"run"},{"filename":"/opt/airflow/dags/yfinance_daily.py","lineno":7,"name":"collect_data"},{"filename":"/usr/local/lib/python3.12/subprocess.py","lineno":571,"name":"run"}]}]}
{"timestamp":"2025-05-12T03:26:13.561564","level":"info","event":"DAG bundles loaded: dags-folder","logger":"airflow.dag_processing.bundles.manager.DagBundlesManager"}
{"timestamp":"2025-05-12T03:26:13.562327","level":"info","event":"Filling up the DagBag from /opt/airflow/dags/yfinance_daily.py","logger":"airflow.models.dagbag.DagBag"}
{"timestamp":"2025-05-12T03:26:17.606427Z","level":"error","event":"python: can't open file '/opt/airflow/dags/jobs/YFinance/_scrap.py': [Errno 2] No such file or directory","chan":"stderr","logger":"task"}
{"timestamp":"2025-05-12T03:26:17.607073Z","level":"error","event":"Traceback (most recent call last):","chan":"stderr","logger":"task"}
{"timestamp":"2025-05-12T03:26:17.607729Z","level":"error","event":"  File \"/opt/airflow/jobs/YFinance/daily.py\", line 12, in <module>","chan":"stderr","logger":"task"}
{"timestamp":"2025-05-12T03:26:17.608258Z","level":"error","event":"    subprocess.run([\"python\", \"/opt/airflow/dags/jobs/YFinance/_scrap.py\", \"--period\", \"1d\"], check=True)","chan":"stderr","logger":"task"}
{"timestamp":"2025-05-12T03:26:17.608869Z","level":"error","event":"  File \"/usr/local/lib/python3.12/subprocess.py\", line 571, in run","chan":"stderr","logger":"task"}
{"timestamp":"2025-05-12T03:26:17.609399Z","level":"error","event":"    raise CalledProcessError(retcode, process.args,","chan":"stderr","logger":"task"}
{"timestamp":"2025-05-12T03:26:17.610238Z","level":"error","event":"subprocess.CalledProcessError: Command '['python', '/opt/airflow/dags/jobs/YFinance/_scrap.py', '--period', '1d']' returned non-zero exit status 2.","chan":"stderr","logger":"task"}
{"timestamp":"2025-05-12T03:26:15.713067","level":"error","event":"Task failed with exception","logger":"task","error_detail":[{"exc_type":"CalledProcessError","exc_value":"Command '['python', 'jobs/YFinance/daily.py']' returned non-zero exit status 1.","exc_notes":[],"syntax_error":null,"is_cause":false,"frames":[{"filename":"/home/airflow/.local/lib/python3.12/site-packages/airflow/sdk/execution_time/task_runner.py","lineno":825,"name":"run"},{"filename":"/home/airflow/.local/lib/python3.12/site-packages/airflow/sdk/execution_time/task_runner.py","lineno":1088,"name":"_execute_task"},{"filename":"/home/airflow/.local/lib/python3.12/site-packages/airflow/sdk/bases/operator.py","lineno":408,"name":"wrapper"},{"filename":"/home/airflow/.local/lib/python3.12/site-packages/airflow/providers/standard/operators/python.py","lineno":212,"name":"execute"},{"filename":"/home/airflow/.local/lib/python3.12/site-packages/airflow/providers/standard/operators/python.py","lineno":235,"name":"execute_callable"},{"filename":"/home/airflow/.local/lib/python3.12/site-packages/airflow/sdk/execution_time/callback_runner.py","lineno":81,"name":"run"},{"filename":"/opt/airflow/dags/yfinance_daily.py","lineno":7,"name":"collect_data"},{"filename":"/usr/local/lib/python3.12/subprocess.py","lineno":571,"name":"run"}]}]}
