{"timestamp":"2025-05-12T11:32:44.791711","level":"info","event":"DAG bundles loaded: dags-folder","logger":"airflow.dag_processing.bundles.manager.DagBundlesManager"}
{"timestamp":"2025-05-12T11:32:44.793534","level":"info","event":"Filling up the DagBag from /opt/airflow/dags/yfinance_daily.py","logger":"airflow.models.dagbag.DagBag"}
{"timestamp":"2025-05-12T11:35:39.004274Z","level":"info","event":"Mengambil data saham AADI.JK dari yfinance...","chan":"stdout","logger":"task"}
{"timestamp":"2025-05-12T11:35:39.004925Z","level":"info","event":"ERROR: Gagal mengambil data AADI.JK: biggybiggydataluwak.gxbo3d4.mongodb.net:27017: [Errno -2] Name or service not known (configured timeouts: socketTimeoutMS: 20000.0ms, connectTimeoutMS: 20000.0ms), Timeout: 30s, Topology Description: <TopologyDescription id: 6821dc601c7fe07248c0715f, topology_type: Unknown, servers: [<ServerDescription ('biggybiggydataluwak.gxbo3d4.mongodb.net', 27017) server_type: Unknown, rtt: None, error=AutoReconnect('biggybiggydataluwak.gxbo3d4.mongodb.net:27017: [Errno -2] Name or service not known (configured timeouts: socketTimeoutMS: 20000.0ms, connectTimeoutMS: 20000.0ms)')>]>","chan":"stdout","logger":"task"}
{"timestamp":"2025-05-12T11:35:39.005603Z","level":"info","event":"Mengambil data saham AALI.JK dari yfinance...","chan":"stdout","logger":"task"}
{"timestamp":"2025-05-12T11:35:39.005989Z","level":"info","event":"ERROR: Gagal mengambil data AALI.JK: biggybiggydataluwak.gxbo3d4.mongodb.net:27017: [Errno -2] Name or service not known (configured timeouts: socketTimeoutMS: 20000.0ms, connectTimeoutMS: 20000.0ms), Timeout: 30s, Topology Description: <TopologyDescription id: 6821dc601c7fe07248c0715f, topology_type: Unknown, servers: [<ServerDescription ('biggybiggydataluwak.gxbo3d4.mongodb.net', 27017) server_type: Unknown, rtt: None, error=AutoReconnect('biggybiggydataluwak.gxbo3d4.mongodb.net:27017: [Errno -2] Name or service not known (configured timeouts: socketTimeoutMS: 20000.0ms, connectTimeoutMS: 20000.0ms)')>]>","chan":"stdout","logger":"task"}
{"timestamp":"2025-05-12T11:35:39.006273Z","level":"info","event":"Mengambil data saham ABBA.JK dari yfinance...","chan":"stdout","logger":"task"}
{"timestamp":"2025-05-12T11:35:39.006544Z","level":"info","event":"ERROR: Gagal mengambil data ABBA.JK: biggybiggydataluwak.gxbo3d4.mongodb.net:27017: [Errno -2] Name or service not known (configured timeouts: socketTimeoutMS: 20000.0ms, connectTimeoutMS: 20000.0ms), Timeout: 30s, Topology Description: <TopologyDescription id: 6821dc601c7fe07248c0715f, topology_type: Unknown, servers: [<ServerDescription ('biggybiggydataluwak.gxbo3d4.mongodb.net', 27017) server_type: Unknown, rtt: None, error=AutoReconnect('biggybiggydataluwak.gxbo3d4.mongodb.net:27017: [Errno -2] Name or service not known (configured timeouts: socketTimeoutMS: 20000.0ms, connectTimeoutMS: 20000.0ms)')>]>","chan":"stdout","logger":"task"}
{"timestamp":"2025-05-12T11:35:39.006894Z","level":"info","event":"Mengambil data saham ABDA.JK dari yfinance...","chan":"stdout","logger":"task"}
{"timestamp":"2025-05-12T11:35:39.007211Z","level":"info","event":"ERROR: Gagal mengambil data ABDA.JK: biggybiggydataluwak.gxbo3d4.mongodb.net:27017: [Errno -2] Name or service not known (configured timeouts: socketTimeoutMS: 20000.0ms, connectTimeoutMS: 20000.0ms), Timeout: 30s, Topology Description: <TopologyDescription id: 6821dc601c7fe07248c0715f, topology_type: Unknown, servers: [<ServerDescription ('biggybiggydataluwak.gxbo3d4.mongodb.net', 27017) server_type: Unknown, rtt: None, error=AutoReconnect('biggybiggydataluwak.gxbo3d4.mongodb.net:27017: [Errno -2] Name or service not known (configured timeouts: socketTimeoutMS: 20000.0ms, connectTimeoutMS: 20000.0ms)')>]>","chan":"stdout","logger":"task"}
{"timestamp":"2025-05-12T11:35:39.007802Z","level":"info","event":"Mengambil data saham ABMM.JK dari yfinance...","chan":"stdout","logger":"task"}
{"timestamp":"2025-05-12T11:35:39.008092Z","level":"info","event":"ERROR: Gagal mengambil data ABMM.JK: biggybiggydataluwak.gxbo3d4.mongodb.net:27017: [Errno -2] Name or service not known (configured timeouts: socketTimeoutMS: 20000.0ms, connectTimeoutMS: 20000.0ms), Timeout: 30s, Topology Description: <TopologyDescription id: 6821dc601c7fe07248c0715f, topology_type: Unknown, servers: [<ServerDescription ('biggybiggydataluwak.gxbo3d4.mongodb.net', 27017) server_type: Unknown, rtt: None, error=AutoReconnect('biggybiggydataluwak.gxbo3d4.mongodb.net:27017: [Errno -2] Name or service not known (configured timeouts: socketTimeoutMS: 20000.0ms, connectTimeoutMS: 20000.0ms)')>]>","chan":"stdout","logger":"task"}
{"timestamp":"2025-05-12T11:35:39.008409Z","level":"info","event":"Semua data saham selesai diproses!","chan":"stdout","logger":"task"}
{"timestamp":"2025-05-12T11:35:42.067167Z","level":"error","event":"25/05/12 11:35:42 WARN NativeCodeLoader: Unable to load native-hadoop library for your platform... using builtin-java classes where applicable","chan":"stderr","logger":"task"}
{"timestamp":"2025-05-12T11:35:42.481848Z","level":"error","event":"Setting default log level to \"WARN\".","chan":"stderr","logger":"task"}
{"timestamp":"2025-05-12T11:35:42.482850Z","level":"error","event":"To adjust logging level use sc.setLogLevel(newLevel). For SparkR, use setLogLevel(newLevel).","chan":"stderr","logger":"task"}
{"timestamp":"2025-05-12T11:36:19.244455Z","level":"error","event":"Traceback (most recent call last):","chan":"stderr","logger":"task"}
{"timestamp":"2025-05-12T11:36:19.244878Z","level":"error","event":"  File \"/opt/airflow/jobs/YFinance/daily.py\", line 27, in <module>","chan":"stderr","logger":"task"}
{"timestamp":"2025-05-12T11:36:19.247258Z","level":"error","event":"    .load().withColumn(\"date\", to_date(col(\"Date\")))","chan":"stderr","logger":"task"}
{"timestamp":"2025-05-12T11:36:19.247764Z","level":"error","event":"     ^^^^^^","chan":"stderr","logger":"task"}
{"timestamp":"2025-05-12T11:36:19.248182Z","level":"error","event":"  File \"/home/airflow/.local/lib/python3.12/site-packages/pyspark/sql/readwriter.py\", line 314, in load","chan":"stderr","logger":"task"}
{"timestamp":"2025-05-12T11:36:19.248471Z","level":"error","event":"    return self._df(self._jreader.load())","chan":"stderr","logger":"task"}
{"timestamp":"2025-05-12T11:36:19.248787Z","level":"error","event":"                    ^^^^^^^^^^^^^^^^^^^^","chan":"stderr","logger":"task"}
{"timestamp":"2025-05-12T11:36:19.249102Z","level":"error","event":"  File \"/home/airflow/.local/lib/python3.12/site-packages/py4j/java_gateway.py\", line 1322, in __call__","chan":"stderr","logger":"task"}
{"timestamp":"2025-05-12T11:36:19.249449Z","level":"error","event":"    return_value = get_return_value(","chan":"stderr","logger":"task"}
{"timestamp":"2025-05-12T11:36:19.249819Z","level":"error","event":"                   ^^^^^^^^^^^^^^^^^","chan":"stderr","logger":"task"}
{"timestamp":"2025-05-12T11:36:19.250322Z","level":"error","event":"  File \"/home/airflow/.local/lib/python3.12/site-packages/pyspark/errors/exceptions/captured.py\", line 179, in deco","chan":"stderr","logger":"task"}
{"timestamp":"2025-05-12T11:36:19.250814Z","level":"error","event":"    return f(*a, **kw)","chan":"stderr","logger":"task"}
{"timestamp":"2025-05-12T11:36:19.251184Z","level":"error","event":"           ^^^^^^^^^^^","chan":"stderr","logger":"task"}
{"timestamp":"2025-05-12T11:36:19.251591Z","level":"error","event":"  File \"/home/airflow/.local/lib/python3.12/site-packages/py4j/protocol.py\", line 326, in get_return_value","chan":"stderr","logger":"task"}
{"timestamp":"2025-05-12T11:36:19.251946Z","level":"error","event":"    raise Py4JJavaError(","chan":"stderr","logger":"task"}
{"timestamp":"2025-05-12T11:36:19.252263Z","level":"error","event":"py4j.protocol.Py4JJavaError: An error occurred while calling o34.load.","chan":"stderr","logger":"task"}
{"timestamp":"2025-05-12T11:36:19.252726Z","level":"error","event":": com.mongodb.MongoTimeoutException: Timed out after 30000 ms while waiting to connect. Client view of cluster state is {type=UNKNOWN, servers=[{address=biggybiggydataluwak.gxbo3d4.mongodb.net:27017, type=UNKNOWN, state=CONNECTING, exception={com.mongodb.MongoSocketException: biggybiggydataluwak.gxbo3d4.mongodb.net}, caused by {java.net.UnknownHostException: biggybiggydataluwak.gxbo3d4.mongodb.net}}]","chan":"stderr","logger":"task"}
{"timestamp":"2025-05-12T11:36:19.253095Z","level":"error","event":"\tat com.mongodb.internal.connection.BaseCluster.getDescription(BaseCluster.java:177)","chan":"stderr","logger":"task"}
{"timestamp":"2025-05-12T11:36:19.253361Z","level":"error","event":"\tat com.mongodb.internal.connection.SingleServerCluster.getDescription(SingleServerCluster.java:41)","chan":"stderr","logger":"task"}
{"timestamp":"2025-05-12T11:36:19.253661Z","level":"error","event":"\tat com.mongodb.client.internal.MongoClientDelegate.getConnectedClusterDescription(MongoClientDelegate.java:147)","chan":"stderr","logger":"task"}
{"timestamp":"2025-05-12T11:36:19.253898Z","level":"error","event":"\tat com.mongodb.client.internal.MongoClientDelegate.createClientSession(MongoClientDelegate.java:98)","chan":"stderr","logger":"task"}
{"timestamp":"2025-05-12T11:36:19.254119Z","level":"error","event":"\tat com.mongodb.client.internal.MongoClientDelegate$DelegateOperationExecutor.getClientSession(MongoClientDelegate.java:278)","chan":"stderr","logger":"task"}
{"timestamp":"2025-05-12T11:36:19.254327Z","level":"error","event":"\tat com.mongodb.client.internal.MongoClientDelegate$DelegateOperationExecutor.execute(MongoClientDelegate.java:182)","chan":"stderr","logger":"task"}
{"timestamp":"2025-05-12T11:36:19.254569Z","level":"error","event":"\tat com.mongodb.client.internal.MongoDatabaseImpl.executeCommand(MongoDatabaseImpl.java:194)","chan":"stderr","logger":"task"}
{"timestamp":"2025-05-12T11:36:19.254886Z","level":"error","event":"\tat com.mongodb.client.internal.MongoDatabaseImpl.runCommand(MongoDatabaseImpl.java:163)","chan":"stderr","logger":"task"}
{"timestamp":"2025-05-12T11:36:19.255157Z","level":"error","event":"\tat com.mongodb.client.internal.MongoDatabaseImpl.runCommand(MongoDatabaseImpl.java:158)","chan":"stderr","logger":"task"}
{"timestamp":"2025-05-12T11:36:19.255570Z","level":"error","event":"\tat com.mongodb.spark.MongoConnector.$anonfun$hasSampleAggregateOperator$1(MongoConnector.scala:234)","chan":"stderr","logger":"task"}
{"timestamp":"2025-05-12T11:36:19.255799Z","level":"error","event":"\tat com.mongodb.spark.MongoConnector.$anonfun$withDatabaseDo$1(MongoConnector.scala:171)","chan":"stderr","logger":"task"}
{"timestamp":"2025-05-12T11:36:19.256040Z","level":"error","event":"\tat com.mongodb.spark.MongoConnector.withMongoClientDo(MongoConnector.scala:154)","chan":"stderr","logger":"task"}
{"timestamp":"2025-05-12T11:36:19.256323Z","level":"error","event":"\tat com.mongodb.spark.MongoConnector.withDatabaseDo(MongoConnector.scala:171)","chan":"stderr","logger":"task"}
{"timestamp":"2025-05-12T11:36:19.256557Z","level":"error","event":"\tat com.mongodb.spark.MongoConnector.hasSampleAggregateOperator(MongoConnector.scala:234)","chan":"stderr","logger":"task"}
{"timestamp":"2025-05-12T11:36:19.256739Z","level":"error","event":"\tat com.mongodb.spark.rdd.MongoRDD.hasSampleAggregateOperator$lzycompute(MongoRDD.scala:221)","chan":"stderr","logger":"task"}
{"timestamp":"2025-05-12T11:36:19.256962Z","level":"error","event":"\tat com.mongodb.spark.rdd.MongoRDD.hasSampleAggregateOperator(MongoRDD.scala:221)","chan":"stderr","logger":"task"}
{"timestamp":"2025-05-12T11:36:19.257156Z","level":"error","event":"\tat com.mongodb.spark.sql.MongoInferSchema$.apply(MongoInferSchema.scala:68)","chan":"stderr","logger":"task"}
{"timestamp":"2025-05-12T11:36:19.257351Z","level":"error","event":"\tat com.mongodb.spark.sql.DefaultSource.constructRelation(DefaultSource.scala:97)","chan":"stderr","logger":"task"}
{"timestamp":"2025-05-12T11:36:19.257570Z","level":"error","event":"\tat com.mongodb.spark.sql.DefaultSource.createRelation(DefaultSource.scala:50)","chan":"stderr","logger":"task"}
{"timestamp":"2025-05-12T11:36:19.257773Z","level":"error","event":"\tat org.apache.spark.sql.execution.datasources.DataSource.resolveRelation(DataSource.scala:346)","chan":"stderr","logger":"task"}
{"timestamp":"2025-05-12T11:36:19.257973Z","level":"error","event":"\tat org.apache.spark.sql.DataFrameReader.loadV1Source(DataFrameReader.scala:229)","chan":"stderr","logger":"task"}
{"timestamp":"2025-05-12T11:36:19.258266Z","level":"error","event":"\tat org.apache.spark.sql.DataFrameReader.$anonfun$load$2(DataFrameReader.scala:211)","chan":"stderr","logger":"task"}
{"timestamp":"2025-05-12T11:36:19.258530Z","level":"error","event":"\tat scala.Option.getOrElse(Option.scala:189)","chan":"stderr","logger":"task"}
{"timestamp":"2025-05-12T11:36:19.258769Z","level":"error","event":"\tat org.apache.spark.sql.DataFrameReader.load(DataFrameReader.scala:211)","chan":"stderr","logger":"task"}
{"timestamp":"2025-05-12T11:36:19.258973Z","level":"error","event":"\tat org.apache.spark.sql.DataFrameReader.load(DataFrameReader.scala:172)","chan":"stderr","logger":"task"}
{"timestamp":"2025-05-12T11:36:19.259178Z","level":"error","event":"\tat java.base/jdk.internal.reflect.NativeMethodAccessorImpl.invoke0(Native Method)","chan":"stderr","logger":"task"}
{"timestamp":"2025-05-12T11:36:19.259376Z","level":"error","event":"\tat java.base/jdk.internal.reflect.NativeMethodAccessorImpl.invoke(NativeMethodAccessorImpl.java:77)","chan":"stderr","logger":"task"}
{"timestamp":"2025-05-12T11:36:19.259574Z","level":"error","event":"\tat java.base/jdk.internal.reflect.DelegatingMethodAccessorImpl.invoke(DelegatingMethodAccessorImpl.java:43)","chan":"stderr","logger":"task"}
{"timestamp":"2025-05-12T11:36:19.259771Z","level":"error","event":"\tat java.base/java.lang.reflect.Method.invoke(Method.java:569)","chan":"stderr","logger":"task"}
{"timestamp":"2025-05-12T11:36:19.259961Z","level":"error","event":"\tat py4j.reflection.MethodInvoker.invoke(MethodInvoker.java:244)","chan":"stderr","logger":"task"}
{"timestamp":"2025-05-12T11:36:19.260148Z","level":"error","event":"\tat py4j.reflection.ReflectionEngine.invoke(ReflectionEngine.java:374)","chan":"stderr","logger":"task"}
{"timestamp":"2025-05-12T11:36:19.260341Z","level":"error","event":"\tat py4j.Gateway.invoke(Gateway.java:282)","chan":"stderr","logger":"task"}
{"timestamp":"2025-05-12T11:36:19.260519Z","level":"error","event":"\tat py4j.commands.AbstractCommand.invokeMethod(AbstractCommand.java:132)","chan":"stderr","logger":"task"}
{"timestamp":"2025-05-12T11:36:19.260718Z","level":"error","event":"\tat py4j.commands.CallCommand.execute(CallCommand.java:79)","chan":"stderr","logger":"task"}
{"timestamp":"2025-05-12T11:36:19.260899Z","level":"error","event":"\tat py4j.ClientServerConnection.waitForCommands(ClientServerConnection.java:182)","chan":"stderr","logger":"task"}
{"timestamp":"2025-05-12T11:36:19.261099Z","level":"error","event":"\tat py4j.ClientServerConnection.run(ClientServerConnection.java:106)","chan":"stderr","logger":"task"}
{"timestamp":"2025-05-12T11:36:19.261291Z","level":"error","event":"\tat java.base/java.lang.Thread.run(Thread.java:840)","chan":"stderr","logger":"task"}
{"timestamp":"2025-05-12T11:36:19.261472Z","level":"error","event":"","chan":"stderr","logger":"task"}
{"timestamp":"2025-05-12T11:36:19.302158","level":"error","event":"Task failed with exception","logger":"task","error_detail":[{"exc_type":"CalledProcessError","exc_value":"Command '['python', 'jobs/YFinance/daily.py']' returned non-zero exit status 1.","exc_notes":[],"syntax_error":null,"is_cause":false,"frames":[{"filename":"/home/airflow/.local/lib/python3.12/site-packages/airflow/sdk/execution_time/task_runner.py","lineno":825,"name":"run"},{"filename":"/home/airflow/.local/lib/python3.12/site-packages/airflow/sdk/execution_time/task_runner.py","lineno":1088,"name":"_execute_task"},{"filename":"/home/airflow/.local/lib/python3.12/site-packages/airflow/sdk/bases/operator.py","lineno":408,"name":"wrapper"},{"filename":"/home/airflow/.local/lib/python3.12/site-packages/airflow/providers/standard/operators/python.py","lineno":212,"name":"execute"},{"filename":"/home/airflow/.local/lib/python3.12/site-packages/airflow/providers/standard/operators/python.py","lineno":235,"name":"execute_callable"},{"filename":"/home/airflow/.local/lib/python3.12/site-packages/airflow/sdk/execution_time/callback_runner.py","lineno":81,"name":"run"},{"filename":"/opt/airflow/dags/yfinance_daily.py","lineno":7,"name":"collect_data"},{"filename":"/usr/local/lib/python3.12/subprocess.py","lineno":571,"name":"run"}]}]}
